1478217549.936564	-0.092000	-0.501000	0.005000	0.322571	0.010541	0.097259	-1.783000	-19.874000	156.824000	
1478217549.957072	-0.063000	-0.695000	0.194000	0.308090	0.002415	0.086383	-1.458000	-19.863000	156.934000	
1478217549.977672	-0.279000	-0.604000	0.117000	0.262698	0.001199	0.068264	-1.168000	-19.864000	157.027000	
1478217549.998803	-0.103000	-0.684000	0.400000	0.187019	0.022459	0.052324	-0.941000	-19.844000	157.096000	
1478217550.019400	0.098000	-0.818000	0.757000	0.090596	0.015854	0.034387	-0.812000	-19.820000	157.147000	
1478217550.039794	-0.250000	-0.815000	0.532000	-0.005195	0.009349	-0.004190	-0.782000	-19.809000	157.159000	
1478217550.060237	-0.450000	-0.559000	0.381000	-0.076159	0.020784	-0.030757	-0.831000	-19.791000	157.131000	
1478217550.080658	-0.358000	-0.411000	0.389000	-0.111887	0.018631	-0.043789	-0.931000	-19.770000	157.085000	
1478217550.095973	-0.391000	-0.267000	0.218000	-0.127274	0.010415	-0.070258	-1.043000	-19.758000	157.009000	
1478217550.116343	-0.297000	0.102000	0.071000	-0.142131	0.028445	-0.078207	-1.170000	-19.736000	156.915000	
1478217550.136752	-0.169000	0.387000	0.187000	-0.133437	0.025531	-0.075949	-1.297000	-19.707000	156.822000	
1478217550.157217	-0.008000	0.439000	0.223000	-0.127519	0.020828	-0.064739	-1.414000	-19.682000	156.734000	
1478217550.177606	0.459000	0.905000	0.319000	-0.093395	0.003572	-0.037580	-1.520000	-19.670000	156.674000	
1478217550.198014	0.040000	0.546000	-0.430000	-0.027267	0.012967	-0.046048	-1.560000	-19.664000	156.627000	
1478217550.218422	0.266000	0.332000	-0.437000	0.005212	0.002267	-0.048986	-1.542000	-19.658000	156.565000	
1478217550.238794	0.133000	0.254000	-0.561000	0.008337	0.020225	-0.042717	-1.515000	-19.646000	156.509000	
1478217550.259170	0.162000	0.391000	-0.161000	0.022553	0.019620	-0.032440	-1.484000	-19.622000	156.465000	
1478217550.279562	0.085000	0.253000	0.139000	0.062709	0.003314	-0.017196	-1.423000	-19.611000	156.438000	
1478217550.299968	-0.053000	0.228000	0.175000	0.123673	-0.011634	0.003150	-1.307000	-19.620000	156.432000	
1478217550.320321	-0.079000	0.091000	0.144000	0.187168	-0.002726	0.024575	-1.129000	-19.627000	156.454000	
1478217550.340730	-0.122000	0.213000	0.275000	0.246964	0.003256	0.048804	-0.886000	-19.625000	156.502000	
1478217550.356053	-0.117000	0.018000	0.586000	0.284464	0.000449	0.086245	-0.603000	-19.621000	156.591000	
1478217550.376462	-0.292000	-0.351000	0.537000	0.274276	-0.002555	0.091468	-0.319000	-19.625000	156.703000	
1478217550.396868	-0.274000	-0.575000	0.554000	0.219285	-0.002577	0.064538	-0.071000	-19.627000	156.795000	
1478217550.417249	-0.156000	-0.677000	0.560000	0.124673	0.007076	0.021509	0.100000	-19.624000	156.841000	
1478217550.437720	-0.288000	-0.508000	0.488000	0.010344	0.027649	-0.004425	0.159000	-19.605000	156.845000	
1478217550.458178	-0.155000	-0.510000	0.656000	-0.076608	0.029761	-0.028103	0.114000	-19.570000	156.822000	
1478217550.478601	-0.170000	-0.487000	0.348000	-0.126389	0.011104	-0.074239	0.010000	-19.551000	156.756000	
1478217550.499058	0.013000	-0.100000	0.072000	-0.155490	0.001268	-0.109720	-0.113000	-19.549000	156.633000	
1478217550.519526	0.085000	0.261000	-0.269000	-0.160328	0.034820	-0.100414	-0.253000	-19.524000	156.505000	
1478217550.539969	0.462000	0.160000	-0.096000	-0.143170	0.027689	-0.092371	-0.387000	-19.485000	156.389000	
1478217550.560396	0.125000	0.544000	-0.299000	-0.104633	0.009291	-0.056920	-0.496000	-19.472000	156.300000	
1478217550.575733	0.092000	0.367000	-0.388000	-0.023711	0.018980	-0.030314	-0.544000	-19.453000	156.254000	
1478217550.596085	0.167000	0.271000	-0.122000	0.057649	0.015758	-0.007460	-0.506000	-19.432000	156.233000	
1478217550.616506	0.117000	0.064000	0.022000	0.121063	0.012003	0.021483	-0.396000	-19.419000	156.246000	
1478217550.636942	0.016000	-0.198000	0.173000	0.145658	0.019250	0.039457	-0.250000	-19.399000	156.288000	
1478217550.657354	-0.065000	-0.404000	0.371000	0.135201	0.008608	0.038583	-0.104000	-19.383000	156.336000	
1478217550.677765	-0.270000	-0.525000	0.379000	0.102959	0.008053	0.023511	0.018000	-19.375000	156.373000	
1478217550.698176	-0.114000	-0.470000	0.423000	0.061635	0.011726	0.010408	0.101000	-19.363000	156.391000	
1478217550.718616	-0.085000	-0.249000	0.443000	0.030498	0.013930	0.004494	0.145000	-19.349000	156.399000	
1478217550.739039	-0.080000	-0.214000	0.290000	0.019297	0.011567	-0.002780	0.173000	-19.335000	156.398000	
1478217550.759428	-0.159000	-0.064000	0.088000	0.005833	0.003723	-0.008214	0.189000	-19.329000	156.389000	
1478217550.779986	-0.133000	0.018000	-0.107000	0.007707	0.014412	-0.005645	0.200000	-19.318000	156.381000	
1478217550.800373	0.121000	0.117000	-0.099000	0.014242	0.006941	-0.005909	0.216000	-19.307000	156.374000	
1478217550.815706	0.124000	0.181000	-0.220000	0.026473	-0.002191	-0.006551	0.245000	-19.307000	156.365000	
1478217550.836088	0.203000	0.166000	-0.223000	0.037432	0.006782	0.001687	0.284000	-19.303000	156.362000	
1478217550.856471	0.271000	-0.052000	-0.070000	0.038971	0.003441	0.003143	0.328000	-19.297000	156.366000	
1478217550.876900	0.024000	-0.143000	-0.031000	0.020734	-0.003541	-0.000933	0.364000	-19.298000	156.365000	
1478217550.897327	-0.110000	-0.175000	0.141000	0.009021	0.009137	-0.001263	0.378000	-19.293000	156.365000	
1478217550.917722	-0.041000	-0.275000	0.454000	-0.001538	0.010251	-0.000607	0.381000	-19.280000	156.364000	
1478217550.938167	-0.150000	-0.291000	0.485000	-0.011297	-0.007993	-0.008225	0.376000	-19.282000	156.358000	
1478217550.958611	-0.256000	-0.193000	0.237000	-0.017946	-0.006864	-0.008564	0.363000	-19.295000	156.348000	
1478217550.979075	-0.142000	-0.281000	0.250000	-0.028046	0.003730	-0.021761	0.344000	-19.296000	156.327000	
1478217550.999486	0.017000	-0.123000	0.297000	-0.040330	0.000488	-0.025880	0.315000	-19.293000	156.295000	
1478217551.019973	-0.101000	0.003000	0.098000	-0.053723	-0.004572	-0.017854	0.266000	-19.298000	156.270000	
1478217551.040413	-0.133000	-0.016000	0.010000	-0.056532	0.004845	-0.019282	0.210000	-19.297000	156.246000	
1478217551.055754	-0.020000	0.115000	0.084000	-0.041812	0.007574	-0.018989	0.163000	-19.291000	156.221000	
1478217551.076164	0.015000	0.192000	0.207000	-0.018125	0.001845	-0.007462	0.137000	-19.288000	156.204000	
1478217551.096586	-0.026000	0.135000	0.187000	0.010954	-0.000444	0.004984	0.137000	-19.289000	156.204000	
1478217551.122160	-0.077000	0.017000	0.102000	0.033951	0.004726	0.017304	0.161000	-19.288000	156.220000	
1478217551.137593	-0.070000	-0.098000	0.139000	0.047588	0.002682	0.023941	0.203000	-19.284000	156.247000	
1478217551.158022	-0.022000	-0.128000	0.169000	0.051936	-0.000862	0.023760	0.255000	-19.286000	156.276000	
1478217551.178430	-0.018000	-0.119000	0.117000	0.048056	0.002462	0.028791	0.303000	-19.286000	156.308000	
1478217551.198873	-0.038000	-0.314000	0.124000	0.031853	0.002976	0.013685	0.345000	-19.284000	156.330000	
1478217551.219306	-0.116000	-0.195000	0.155000	-0.001807	0.007892	0.004842	0.358000	-19.281000	156.338000	
1478217551.239729	-0.023000	-0.160000	0.228000	-0.026221	0.002212	-0.004642	0.338000	-19.277000	156.337000	
1478217551.260137	-0.029000	0.011000	0.151000	-0.033036	-0.002997	-0.012613	0.307000	-19.280000	156.324000	
1478217551.275449	-0.027000	0.102000	0.087000	-0.027154	0.001595	-0.005637	0.278000	-19.283000	156.311000	
1478217551.295846	-0.046000	0.066000	0.111000	-0.012552	0.005837	0.006405	0.255000	-19.280000	156.315000	
1478217551.316246	-0.056000	0.006000	0.150000	0.007875	0.002892	0.011933	0.252000	-19.277000	156.326000	
1478217551.336696	-0.035000	0.008000	0.145000	0.019612	0.000973	0.016647	0.265000	-19.277000	156.343000	
1478217551.357130	-0.012000	-0.057000	0.109000	0.019249	-0.004730	0.014450	0.283000	-19.283000	156.361000	
1478217551.377554	-0.032000	0.026000	0.044000	0.017472	-0.004071	0.013889	0.300000	-19.290000	156.377000	
1478217551.397980	-0.000000	-0.079000	0.098000	0.008062	0.002969	0.009348	0.311000	-19.290000	156.389000	
1478217551.418410	0.006000	-0.082000	0.169000	-0.007647	0.002731	0.008754	0.306000	-19.288000	156.399000	
1478217551.438827	0.021000	-0.018000	0.182000	-0.011312	-0.000659	0.005394	0.292000	-19.290000	156.406000	
1478217551.459255	-0.036000	-0.055000	0.137000	-0.004767	-0.002204	0.003229	0.281000	-19.295000	156.411000	
1478217551.479749	-0.020000	-0.139000	0.151000	-0.006886	0.001359	0.003399	0.277000	-19.298000	156.413000	
1478217551.500257	-0.045000	-0.046000	0.155000	-0.011133	0.000024	0.001780	0.267000	-19.301000	156.416000	
1478217551.515623	0.028000	-0.029000	0.137000	-0.013133	0.001002	0.001839	0.254000	-19.301000	156.417000	
1478217551.536212	0.013000	-0.001000	0.168000	-0.015724	-0.001934	0.000731	0.237000	-19.304000	156.419000	
1478217551.556814	-0.029000	0.040000	0.067000	-0.010676	-0.003995	0.005641	0.220000	-19.310000	156.424000	
1478217551.577283	-0.006000	-0.016000	0.096000	-0.002766	0.001671	0.007698	0.212000	-19.314000	156.432000	
1478217551.597703	-0.043000	-0.031000	0.170000	-0.001235	0.004429	0.009999	0.207000	-19.313000	156.441000	
1478217551.618153	0.025000	-0.039000	0.282000	0.000659	0.002608	0.009821	0.205000	-19.312000	156.452000	
1478217551.638870	-0.015000	-0.029000	0.162000	0.006674	-0.005952	0.010869	0.207000	-19.318000	156.463000	
1478217551.659528	-0.090000	-0.034000	0.026000	0.011428	-0.004149	0.011434	0.216000	-19.327000	156.477000	
1478217551.679957	0.011000	-0.055000	0.098000	0.009505	0.003132	0.012637	0.225000	-19.327000	156.491000	
1478217551.695288	0.025000	-0.092000	0.167000	0.000283	0.001189	0.013343	0.225000	-19.327000	156.506000	
1478217551.716460	0.058000	-0.125000	0.198000	-0.005157	-0.001866	0.007059	0.220000	-19.330000	156.517000	
1478217551.736943	0.033000	-0.046000	0.184000	-0.007668	-0.002284	0.000379	0.214000	-19.333000	156.518000	
1478217551.757461	0.036000	0.006000	0.072000	-0.011551	-0.001913	0.006257	0.204000	-19.336000	156.520000	
1478217551.777892	-0.004000	-0.100000	0.006000	-0.016765	-0.002035	0.010573	0.185000	-19.340000	156.531000	
1478217551.798311	0.007000	-0.138000	0.061000	-0.023642	-0.000165	0.003414	0.161000	-19.342000	156.537000	
1478217551.818898	-0.024000	-0.055000	0.168000	-0.022531	0.003994	-0.005575	0.137000	-19.339000	156.534000	
1478217551.839378	-0.095000	0.005000	0.268000	-0.025593	0.001143	-0.003373	0.114000	-19.338000	156.527000	
1478217551.859840	-0.118000	0.076000	0.317000	-0.022361	-0.002102	0.003053	0.086000	-19.341000	156.528000	
1478217551.875212	-0.039000	0.089000	0.264000	-0.014335	-0.001307	0.005820	0.064000	-19.346000	156.535000	
1478217551.895652	0.001000	0.109000	0.218000	0.001436	-0.001971	0.005766	0.054000	-19.352000	156.542000	
1478217551.916165	-0.162000	0.159000	0.038000	0.010768	0.002754	0.010625	0.058000	-19.354000	156.551000	
1478217551.936552	-0.061000	0.112000	0.109000	0.022240	0.009221	0.023055	0.069000	-19.347000	156.574000	
1478217551.956958	-0.081000	0.022000	0.254000	0.039838	0.009406	0.021145	0.096000	-19.339000	156.602000	
1478217551.977373	-0.039000	0.126000	0.310000	0.055420	0.006022	0.024294	0.143000	-19.334000	156.629000	
1478217551.997764	-0.060000	-0.030000	0.284000	0.059165	0.006430	0.023725	0.201000	-19.329000	156.660000	
1478217552.018167	-0.080000	0.018000	0.186000	0.047703	0.007616	0.025080	0.250000	-19.324000	156.689000	
1478217552.038682	-0.069000	0.029000	0.129000	0.047815	0.010465	0.025292	0.293000	-19.316000	156.721000	
1478217552.059214	-0.003000	-0.006000	0.070000	0.055370	0.003253	0.022988	0.344000	-19.310000	156.750000	
1478217552.079635	-0.002000	-0.017000	-0.017000	0.058017	0.000246	0.024662	0.399000	-19.311000	156.780000	
1478217552.100042	0.014000	-0.031000	-0.064000	0.053477	0.004753	0.024956	0.453000	-19.308000	156.810000	
1478217552.115356	0.024000	-0.066000	-0.035000	0.047372	0.005522	0.022874	0.500000	-19.302000	156.839000	
1478217552.135723	0.022000	-0.115000	0.017000	0.039809	-0.000874	0.020831	0.541000	-19.301000	156.865000	
1478217552.156107	0.008000	-0.122000	0.091000	0.031923	0.000785	0.016209	0.575000	-19.302000	156.887000	
1478217552.176524	0.070000	-0.103000	0.136000	0.028533	0.000821	0.011438	0.608000	-19.301000	156.902000	
1478217552.196938	0.060000	-0.082000	0.190000	0.014752	-0.001847	0.005386	0.631000	-19.303000	156.911000	
1478217552.217335	-0.039000	-0.027000	0.085000	-0.006347	-0.001186	-0.000583	0.635000	-19.308000	156.912000	
1478217552.237765	-0.037000	0.046000	0.116000	-0.019032	0.001884	-0.010827	0.622000	-19.309000	156.901000	
1478217552.258201	-0.086000	0.150000	0.165000	-0.021529	0.001296	-0.009598	0.600000	-19.309000	156.887000	
1478217552.278611	-0.108000	0.206000	0.203000	-0.007064	-0.003458	0.003227	0.584000	-19.312000	156.884000	
1478217552.299031	-0.120000	0.125000	0.199000	0.024857	-0.002855	0.016140	0.592000	-19.319000	156.899000	
1478217552.319495	-0.108000	-0.047000	0.209000	0.046388	-0.004092	0.015557	0.630000	-19.325000	156.920000	
1478217552.339914	-0.037000	-0.107000	0.206000	0.048416	-0.008564	0.010256	0.682000	-19.335000	156.935000	
1478217552.355243	-0.071000	-0.189000	0.142000	0.024997	-0.007242	0.005085	0.720000	-19.346000	156.944000	
1478217552.375738	-0.050000	-0.202000	0.123000	-0.003719	0.001432	-0.000916	0.729000	-19.352000	156.946000	
1478217552.396208	0.019000	-0.189000	0.186000	-0.028636	0.002029	-0.012696	0.712000	-19.351000	156.935000	
1478217552.416617	0.001000	-0.131000	0.231000	-0.043705	-0.003358	-0.020653	0.677000	-19.353000	156.911000	
1478217552.437584	-0.026000	-0.047000	0.178000	-0.042814	-0.001567	-0.019367	0.636000	-19.357000	156.885000	
1478217552.458131	-0.019000	0.030000	0.166000	-0.025076	0.002502	-0.011421	0.606000	-19.357000	156.867000	
1478217552.478667	-0.002000	0.024000	0.187000	-0.012231	0.001210	-0.006992	0.592000	-19.357000	156.855000	
1478217552.499382	0.159000	-0.042000	0.245000	-0.029886	-0.000780	0.002957	0.571000	-19.358000	156.852000	
1478217552.519850	-0.049000	0.185000	0.089000	-0.064553	0.005016	0.025768	0.510000	-19.359000	156.868000	
1478217552.540246	0.090000	0.439000	0.124000	-0.044841	0.002931	0.066575	0.424000	-19.357000	156.930000	
1478217552.560687	-0.091000	0.534000	0.007000	0.028060	0.001528	0.082594	0.389000	-19.358000	157.026000	
1478217552.576042	0.214000	0.264000	0.430000	0.078546	-0.010585	0.095404	0.426000	-19.359000	157.134000	
1478217552.596468	-0.279000	0.275000	-0.035000	0.082136	0.000588	0.122144	0.473000	-19.362000	157.268000	
1478217552.616896	0.073000	0.098000	0.218000	0.074647	0.002156	0.146510	0.498000	-19.357000	157.438000	
1478217552.637243	0.020000	0.392000	0.195000	0.089650	-0.000627	0.164852	0.527000	-19.358000	157.629000	
1478217552.657658	-0.011000	0.045000	0.198000	0.106962	0.009187	0.176821	0.574000	-19.356000	157.837000	
1478217552.678050	-0.267000	0.034000	-0.093000	0.109170	0.006891	0.179930	0.628000	-19.359000	158.055000	
1478217552.698451	0.165000	-0.066000	0.304000	0.101393	0.001385	0.193081	0.674000	-19.360000	158.283000	
1478217552.718863	-0.141000	0.324000	0.206000	0.103206	-0.001384	0.213924	0.706000	-19.360000	158.532000	
1478217552.739233	0.352000	0.326000	0.480000	0.087179	0.005580	0.226612	0.723000	-19.354000	158.800000	
1478217552.759658	0.121000	0.139000	0.564000	0.080756	0.008841	0.235651	0.735000	-19.338000	159.076000	
1478217552.780030	-0.041000	0.154000	0.285000	0.088944	0.005770	0.243114	0.735000	-19.335000	159.368000	
1478217552.800443	0.001000	0.213000	0.297000	0.095579	0.006065	0.256259	0.739000	-19.328000	159.673000	
1478217552.820971	-0.190000	0.166000	0.059000	0.100862	0.015711	0.277436	0.741000	-19.321000	160.002000	
1478217552.836279	-0.088000	0.230000	0.155000	0.112675	0.018495	0.298538	0.750000	-19.306000	160.356000	
1478217552.856647	-0.013000	0.386000	0.175000	0.143468	0.014546	0.309718	0.776000	-19.294000	160.730000	
1478217552.877090	-0.042000	0.188000	0.219000	0.152345	0.008509	0.325005	0.818000	-19.286000	161.118000	
1478217552.897485	-0.121000	0.141000	0.031000	0.150625	0.019216	0.345281	0.854000	-19.278000	161.532000	
1478217552.917865	0.092000	0.246000	0.397000	0.147009	0.020024	0.361689	0.881000	-19.256000	161.963000	
1478217552.938584	-0.069000	0.229000	0.063000	0.168360	0.031843	0.374684	0.901000	-19.241000	162.421000	
1478217552.959289	0.009000	0.217000	0.148000	0.167002	0.020439	0.383165	0.939000	-19.217000	162.884000	
1478217552.979709	-0.105000	0.265000	0.041000	0.189752	0.027403	0.395858	0.989000	-19.200000	163.360000	
1478217553.000129	-0.303000	0.424000	-0.326000	0.203680	0.054562	0.415674	1.040000	-19.180000	163.860000	
1478217553.020490	0.022000	-0.068000	0.562000	0.237198	0.019421	0.415015	1.141000	-19.148000	164.363000	
1478217553.040872	-0.246000	-0.061000	0.151000	0.287754	0.017400	0.407052	1.288000	-19.138000	164.860000	
1478217553.056164	-0.296000	-0.128000	0.039000	0.261720	0.023061	0.410804	1.436000	-19.128000	165.355000	
1478217553.076581	0.143000	-0.341000	0.327000	0.234306	0.031260	0.412611	1.559000	-19.108000	165.854000	
1478217553.096947	-0.098000	-0.033000	0.215000	0.215968	0.032792	0.410051	1.645000	-19.091000	166.355000	
1478217553.117448	0.283000	-0.289000	0.529000	0.192815	0.021308	0.403410	1.716000	-19.077000	166.850000	
1478217553.137857	0.106000	-0.355000	0.340000	0.184670	0.023008	0.386620	1.783000	-19.055000	167.326000	
1478217553.158269	0.003000	-0.281000	0.121000	0.156013	0.028434	0.378033	1.822000	-19.038000	167.787000	
1478217553.178695	-0.014000	-0.186000	0.051000	0.113384	0.033396	0.369046	1.824000	-19.017000	168.238000	
1478217553.199110	0.022000	-0.382000	0.083000	0.078779	0.035896	0.363013	1.790000	-18.992000	168.678000	
1478217553.219499	-0.129000	-0.042000	-0.009000	0.059161	0.037210	0.356438	1.723000	-18.967000	169.113000	
1478217553.239910	-0.065000	-0.244000	0.086000	0.035151	0.029750	0.353757	1.637000	-18.945000	169.543000	
1478217553.260298	0.161000	-0.201000	0.190000	0.040454	0.024535	0.348465	1.551000	-18.924000	169.966000	
1478217553.280700	-0.215000	0.099000	-0.138000	0.056071	0.025602	0.351723	1.465000	-18.911000	170.392000	
1478217553.295994	-0.230000	0.009000	-0.063000	0.045831	0.028913	0.361368	1.377000	-18.890000	170.828000	
1478217553.316380	-0.139000	-0.107000	0.151000	0.063608	0.017620	0.366942	1.300000	-18.870000	171.268000	
1478217553.336738	-0.005000	0.086000	0.107000	0.094862	0.022290	0.372413	1.246000	-18.859000	171.718000	
1478217553.357122	0.019000	0.138000	0.259000	0.116370	0.019898	0.381979	1.223000	-18.842000	172.175000	
1478217553.377493	-0.007000	-0.098000	0.258000	0.140455	0.023951	0.392200	1.225000	-18.823000	172.646000	
1478217553.397872	-0.187000	0.153000	0.096000	0.157185	0.012544	0.408700	1.236000	-18.814000	173.134000	
1478217553.418383	-0.207000	0.071000	0.182000	0.176180	0.014836	0.415777	1.268000	-18.805000	173.635000	
1478217553.439550	0.052000	-0.064000	0.084000	0.207219	0.025308	0.418680	1.333000	-18.791000	174.140000	
1478217553.456547	-0.053000	0.107000	0.099000	0.216641	0.027773	0.420351	1.413000	-18.774000	174.647000	
1478217553.476950	-0.020000	0.026000	0.311000	0.204174	0.018252	0.427341	1.487000	-18.763000	175.160000	
1478217553.497369	-0.045000	0.018000	0.147000	0.216959	0.031795	0.437738	1.564000	-18.745000	175.686000	
1478217553.517868	-0.090000	0.123000	0.132000	0.237947	0.024902	0.439661	1.652000	-18.730000	176.220000	
1478217553.539250	-0.221000	-0.262000	0.570000	0.212311	0.004061	0.414896	1.743000	-18.725000	176.744000	
1478217553.559653	0.751000	0.552000	1.703000	0.153084	0.000222	0.437890	1.804000	-18.666000	177.246000	
1478217553.580113	-0.488000	0.591000	-0.287000	0.169324	0.026388	0.444193	1.822000	-18.688000	177.777000	
1478217553.600487	0.099000	0.016000	0.234000	0.184412	0.047705	0.437228	1.868000	-18.654000	178.308000	
1478217553.615813	0.091000	0.106000	0.180000	0.234675	0.031403	0.428067	1.940000	-18.626000	178.835000	
1478217553.636215	-0.319000	0.017000	0.009000	0.236603	0.017393	0.411018	2.047000	-18.623000	179.340000	
1478217553.656538	-0.161000	-0.322000	0.049000	0.211892	0.041145	0.405047	2.149000	-18.603000	179.834000	
1478217553.676940	0.023000	-0.221000	0.182000	0.167839	0.023409	0.397218	2.208000	-18.588000	-179.683000	
1478217553.697322	0.109000	-0.132000	0.036000	0.114069	0.025945	0.402607	2.202000	-18.579000	-179.197000	
1478217553.717739	0.075000	-0.081000	0.055000	0.088370	0.036198	0.401027	2.154000	-18.563000	-178.708000	
1478217553.738122	0.175000	-0.183000	0.304000	0.086631	0.029395	0.368439	2.109000	-18.542000	-178.249000	
1478217553.758525	-0.075000	0.063000	0.324000	0.083954	0.013572	0.359579	2.067000	-18.534000	-177.812000	
1478217553.778904	-0.021000	-0.052000	0.215000	0.071584	0.020247	0.358629	2.017000	-18.520000	-177.377000	
1478217553.799337	-0.025000	-0.204000	0.086000	0.049190	0.032578	0.340277	1.949000	-18.505000	-176.956000	
1478217553.819738	-0.064000	0.244000	0.175000	0.009960	0.018368	0.361070	1.836000	-18.491000	-176.528000	
1478217553.840098	0.107000	0.136000	0.219000	0.015535	0.016126	0.373499	1.708000	-18.487000	-176.081000	
1478217553.860523	-0.120000	0.219000	0.163000	0.052491	0.021830	0.369087	1.608000	-18.476000	-175.632000	
1478217553.875859	-0.046000	0.239000	0.200000	0.085142	0.022004	0.368804	1.551000	-18.458000	-175.189000	
1478217553.896287	-0.137000	0.175000	0.120000	0.113324	0.008359	0.376666	1.523000	-18.459000	-174.736000	
1478217553.916692	-0.163000	0.077000	0.169000	0.125183	0.006570	0.389179	1.519000	-18.460000	-174.273000	
1478217553.937048	-0.003000	0.211000	0.060000	0.150034	0.025393	0.393179	1.528000	-18.451000	-173.798000	
1478217553.957396	0.178000	0.209000	0.227000	0.155999	0.012741	0.413695	1.544000	-18.453000	-173.306000	
1478217553.977774	0.113000	0.070000	0.327000	0.190928	0.022684	0.417388	1.592000	-18.443000	-172.801000	
1478217553.998158	-0.025000	0.077000	0.093000	0.209696	0.017551	0.424001	1.660000	-18.443000	-172.293000	
1478217554.018517	-0.122000	-0.109000	0.350000	0.205472	0.007306	0.413235	1.742000	-18.443000	-171.789000	
1478217554.038912	-0.103000	-0.096000	0.111000	0.191633	0.009570	0.415366	1.811000	-18.443000	-171.287000	
1478217554.059803	-0.102000	-0.053000	0.104000	0.180828	0.024950	0.397716	1.869000	-18.433000	-170.797000	
1478217554.080209	0.001000	-0.066000	0.185000	0.156532	0.026924	0.390217	1.912000	-18.421000	-170.323000	
1478217554.100528	-0.067000	-0.062000	0.113000	0.127233	0.008635	0.383042	1.926000	-18.421000	-169.859000	
1478217554.115839	0.003000	0.094000	0.115000	0.113144	0.022132	0.374621	1.915000	-18.415000	-169.401000	
1478217554.136500	-0.098000	0.119000	0.078000	0.107247	0.021044	0.364495	1.897000	-18.403000	-168.958000	
1478217554.156901	-0.006000	0.304000	0.160000	0.128179	0.016467	0.349672	1.899000	-18.396000	-168.526000	
1478217554.177291	-0.101000	-0.202000	0.115000	0.156393	0.012616	0.306540	1.950000	-18.395000	-168.135000	
1478217554.197687	-0.190000	-0.004000	0.063000	0.146331	0.007018	0.275751	2.020000	-18.392000	-167.795000	
1478217554.218066	-0.013000	0.197000	0.033000	0.140147	0.003572	0.274618	2.075000	-18.403000	-167.463000	
1478217554.238462	-0.006000	0.135000	0.103000	0.140685	0.013266	0.264548	2.132000	-18.404000	-167.138000	
1478217554.258880	0.211000	0.104000	0.370000	0.132270	0.011421	0.262045	2.190000	-18.402000	-166.820000	
1478217554.279261	-0.007000	0.055000	0.303000	0.119529	0.008287	0.241324	2.244000	-18.400000	-166.519000	
1478217554.299664	-0.303000	-0.217000	0.120000	0.094789	0.018925	0.210093	2.285000	-18.394000	-166.249000	
1478217554.320079	0.148000	-0.522000	0.424000	0.044910	0.008584	0.153679	2.292000	-18.386000	-166.036000	
1478217554.335402	-0.276000	-0.224000	0.097000	-0.029715	0.002094	0.114627	2.237000	-18.378000	-165.880000	
1478217554.355762	-0.104000	-0.455000	0.102000	-0.068677	0.002187	0.080594	2.141000	-18.384000	-165.766000	
1478217554.376168	0.005000	-0.371000	0.177000	-0.093036	0.019100	0.051125	2.029000	-18.367000	-165.696000	
1478217554.396576	0.061000	-0.290000	0.518000	-0.132796	0.012378	0.050671	1.875000	-18.347000	-165.635000	
1478217554.417034	-0.069000	-0.480000	0.152000	-0.149216	0.013490	0.040903	1.692000	-18.339000	-165.578000	
1478217554.437431	-0.206000	-0.476000	0.048000	-0.148938	0.004745	0.027505	1.509000	-18.336000	-165.539000	
1478217554.457816	-0.233000	-0.607000	-0.012000	-0.132634	0.019521	-0.002097	1.344000	-18.321000	-165.524000	
1478217554.478237	-0.039000	-0.478000	0.179000	-0.143489	-0.001794	-0.007656	1.184000	-18.310000	-165.532000	
1478217554.498625	0.252000	-0.308000	0.137000	-0.118643	-0.004659	-0.012478	1.042000	-18.312000	-165.546000	
1478217554.518993	-0.035000	-0.039000	-0.162000	-0.093314	0.012967	0.004955	0.927000	-18.309000	-165.552000	
1478217554.539382	0.268000	-0.380000	0.219000	-0.055513	0.016218	0.023243	0.844000	-18.286000	-165.535000	
1478217554.559769	-0.050000	-0.188000	-0.052000	0.000321	-0.001241	0.021267	0.807000	-18.284000	-165.505000	
1478217554.580360	0.045000	-0.404000	-0.023000	0.052113	-0.006936	0.007052	0.840000	-18.293000	-165.486000	
1478217554.595737	0.035000	-0.257000	-0.158000	0.078719	-0.002295	0.015780	0.919000	-18.298000	-165.472000	
1478217554.616401	0.223000	-0.182000	0.067000	0.084600	0.002551	0.038655	1.007000	-18.296000	-165.440000	
1478217554.636805	0.424000	-0.505000	0.338000	0.081516	-0.004754	0.026819	1.092000	-18.296000	-165.400000	
1478217554.662466	0.529000	0.042000	0.197000	0.059214	-0.009575	0.033607	1.155000	-18.306000	-165.364000	
1478217554.677812	0.596000	0.159000	0.073000	0.062829	-0.001116	0.030764	1.211000	-18.312000	-165.323000	
1478217554.698470	0.518000	0.092000	-0.048000	0.047682	0.008119	0.029025	1.264000	-18.307000	-165.288000	
1478217554.718908	0.544000	-0.026000	-0.073000	0.016824	0.010439	0.043906	1.283000	-18.294000	-165.241000	
1478217554.739372	0.188000	-0.237000	-0.105000	0.009631	0.006411	0.042328	1.278000	-18.283000	-165.188000	
1478217554.760602	0.069000	-0.306000	-0.091000	0.018353	0.005670	0.032334	1.283000	-18.274000	-165.145000	
1478217554.776008	0.176000	-0.271000	0.098000	0.024081	-0.004606	0.029982	1.298000	-18.272000	-165.108000	
1478217554.796445	0.131000	-0.333000	0.016000	0.013093	0.000281	0.030290	1.307000	-18.275000	-165.071000	
1478217554.816858	0.377000	-0.269000	0.330000	-0.003422	-0.012079	0.025977	1.299000	-18.279000	-165.038000	
1478217554.837299	0.167000	-0.291000	0.064000	-0.018846	0.007702	0.029167	1.270000	-18.280000	-165.002000	
1478217554.857727	0.335000	-0.269000	0.248000	-0.036075	-0.000630	0.022330	1.224000	-18.277000	-164.971000	
1478217554.878174	0.868000	-0.182000	0.398000	-0.050695	-0.006047	0.008394	1.167000	-18.280000	-164.952000	
1478217554.898625	0.171000	-0.215000	0.073000	-0.075105	0.021649	0.001006	1.093000	-18.279000	-164.949000	
1478217554.918934	0.715000	-0.040000	0.306000	-0.102796	0.027382	0.004280	0.984000	-18.244000	-164.944000	
1478217554.939305	0.402000	-0.151000	0.330000	-0.117345	0.010819	-0.015125	0.860000	-18.227000	-164.954000	
1478217554.959725	0.623000	0.029000	0.317000	-0.138144	0.021463	-0.030209	0.723000	-18.200000	-164.985000	
1478217554.980234	0.701000	0.095000	0.181000	-0.164205	0.037855	-0.034988	0.554000	-18.163000	-165.023000	
1478217555.001030	0.515000	0.174000	0.221000	-0.176487	0.032407	-0.038936	0.367000	-18.122000	-165.066000	
1478217555.016375	0.189000	0.098000	-0.127000	-0.181301	0.038508	-0.041051	0.175000	-18.081000	-165.112000	
1478217555.036717	0.271000	-0.014000	-0.016000	-0.187473	0.024723	-0.044981	-0.022000	-18.045000	-165.163000	
1478217555.057096	-0.135000	0.025000	-0.319000	-0.182403	0.022181	-0.054526	-0.214000	-18.020000	-165.224000	
1478217555.077446	0.341000	0.145000	-0.175000	-0.174442	0.006466	-0.048022	-0.401000	-18.000000	-165.288000	
1478217555.097845	0.008000	0.308000	-0.529000	-0.150330	0.007444	-0.035993	-0.569000	-17.996000	-165.337000	
1478217555.118252	0.369000	0.327000	-0.169000	-0.112521	0.019580	-0.023686	-0.701000	-17.979000	-165.374000	
1478217555.139810	0.277000	0.327000	0.009000	-0.065500	0.001509	-0.019134	-0.788000	-17.966000	-165.399000	
1478217555.160218	0.398000	0.442000	0.041000	-0.029554	-0.010719	-0.011439	-0.830000	-17.975000	-165.417000	
1478217555.180588	0.793000	0.567000	0.191000	0.009787	0.003865	-0.006523	-0.834000	-17.974000	-165.427000	
1478217555.200956	0.463000	0.571000	0.060000	0.039909	0.010564	0.006459	-0.802000	-17.963000	-165.424000	
1478217555.216217	0.683000	0.418000	0.343000	0.065956	-0.007349	0.004341	-0.740000	-17.953000	-165.417000	
1478217555.236613	0.220000	0.550000	-0.151000	0.074344	-0.001761	-0.010423	-0.655000	-17.953000	-165.422000	
1478217555.256982	0.563000	0.501000	0.030000	0.076980	0.007277	-0.013648	-0.565000	-17.944000	-165.435000	
1478217555.277393	0.652000	0.629000	-0.121000	0.084463	0.020175	-0.011801	-0.470000	-17.926000	-165.449000	
1478217555.297823	0.410000	0.503000	-0.097000	0.112034	0.010463	-0.013170	-0.350000	-17.917000	-165.462000	
1478217555.318212	0.352000	0.566000	0.000000	0.155116	0.023863	-0.013933	-0.186000	-17.897000	-165.478000	
1478217555.338681	0.748000	0.570000	0.348000	0.197299	0.006910	-0.007500	0.024000	-17.886000	-165.489000	
1478217555.359366	0.388000	0.777000	0.147000	0.251761	0.017369	0.002411	0.286000	-17.870000	-165.490000	
1478217555.379800	0.594000	0.901000	0.212000	0.310282	0.035602	0.016042	0.609000	-17.836000	-165.477000	
1478217555.400200	0.287000	0.817000	0.292000	0.370401	0.027158	0.028699	0.997000	-17.807000	-165.450000	
1478217555.420609	-0.111000	0.700000	-0.113000	0.403492	0.021579	0.035615	1.438000	-17.783000	-165.410000	
1478217555.435991	0.257000	0.236000	0.141000	0.406880	-0.013371	0.030824	1.895000	-17.776000	-165.368000	
1478217555.456403	-0.046000	0.086000	-0.816000	0.362882	-0.012868	0.000098	2.326000	-17.794000	-165.354000	
1478217555.476855	-0.134000	-0.128000	-0.541000	0.282380	-0.022095	-0.034898	2.694000	-17.809000	-165.379000	
1478217555.497356	0.322000	-0.182000	-0.394000	0.201114	0.009716	-0.061296	2.975000	-17.794000	-165.438000	
1478217555.517871	0.243000	-0.189000	-0.009000	0.142915	-0.024602	-0.081005	3.187000	-17.805000	-165.527000	
1478217555.538301	0.233000	-0.151000	0.192000	0.104696	-0.018191	-0.103238	3.358000	-17.827000	-165.642000	
1478217555.558774	0.149000	0.165000	0.635000	0.086542	0.009032	-0.112406	3.501000	-17.818000	-165.772000	
1478217555.579182	0.364000	0.272000	1.222000	0.098159	0.008460	-0.101487	3.643000	-17.797000	-165.900000	
1478217555.599598	0.342000	0.091000	1.106000	0.113099	-0.009135	-0.096812	3.802000	-17.792000	-166.016000	
1478217555.619993	0.320000	-0.147000	0.470000	0.098833	-0.010542	-0.129138	3.969000	-17.801000	-166.155000	
1478217555.640376	0.281000	-0.015000	-0.125000	0.035807	0.020319	-0.143405	4.088000	-17.783000	-166.319000	
1478217555.660747	0.348000	-0.255000	-0.213000	-0.044068	0.021647	-0.150023	4.125000	-17.740000	-166.494000	
1478217555.676141	0.089000	-0.673000	-0.428000	-0.117945	0.010886	-0.174941	4.082000	-17.713000	-166.689000	
1478217555.696546	-0.006000	-1.166000	-0.785000	-0.194349	0.039631	-0.211223	3.960000	-17.679000	-166.921000	
1478217555.716967	-0.176000	-1.153000	-0.342000	-0.280065	0.023728	-0.229641	3.751000	-17.628000	-167.186000	
1478217555.737370	-0.366000	-0.951000	0.081000	-0.329490	-0.002054	-0.247413	3.481000	-17.599000	-167.477000	
1478217555.757785	-0.287000	-0.713000	0.290000	-0.368223	-0.001277	-0.243212	3.162000	-17.580000	-167.773000	
1478217555.778166	-0.255000	-0.743000	0.273000	-0.393922	-0.002288	-0.247593	2.808000	-17.567000	-168.068000	
1478217555.798572	-0.481000	-1.029000	0.187000	-0.442357	-0.002561	-0.260083	2.425000	-17.558000	-168.378000	
1478217555.818937	-0.468000	-0.954000	0.039000	-0.508802	-0.013513	-0.267595	1.966000	-17.559000	-168.696000	
1478217555.839343	-0.155000	-0.647000	0.310000	-0.527205	-0.004646	-0.284314	1.466000	-17.560000	-169.030000	
1478217555.859720	-0.365000	-0.404000	0.228000	-0.507841	0.003544	-0.251328	0.968000	-17.549000	-169.349000	
1478217555.880109	-0.366000	-0.472000	0.332000	-0.439783	-0.002476	-0.231608	0.524000	-17.548000	-169.638000	
1478217555.900471	-0.393000	-0.230000	0.280000	-0.362831	-0.020024	-0.192758	0.153000	-17.560000	-169.891000	
1478217555.915809	-0.112000	-0.086000	0.090000	-0.264896	-0.008471	-0.142322	-0.137000	-17.569000	-170.084000	
1478217555.936166	-0.003000	0.203000	0.140000	-0.132477	-0.006688	-0.092376	-0.306000	-17.580000	-170.220000	
1478217555.956661	0.121000	0.298000	0.032000	-0.012357	0.003674	-0.021952	-0.349000	-17.581000	-170.281000	
1478217555.977152	0.203000	-0.226000	0.240000	0.077494	-0.004272	0.032506	-0.297000	-17.584000	-170.268000	
1478217555.997570	0.161000	-0.373000	0.360000	0.159287	-0.014573	0.058535	-0.167000	-17.592000	-170.209000	
1478217556.017980	0.242000	-0.132000	0.404000	0.236151	-0.005180	0.103411	0.032000	-17.586000	-170.101000	
1478217556.038430	-0.382000	-0.266000	-0.065000	0.304692	0.008006	0.145645	0.305000	-17.585000	-169.946000	
1478217556.058853	0.200000	-0.466000	0.568000	0.360880	0.005201	0.172575	0.638000	-17.580000	-169.750000	
1478217556.079324	-0.076000	-0.436000	0.462000	0.370215	-0.000951	0.188262	0.995000	-17.576000	-169.531000	
1478217556.099748	-0.292000	-0.553000	0.016000	0.348462	-0.013940	0.196880	1.334000	-17.590000	-169.296000	
1478217556.120180	0.095000	-0.770000	-0.255000	0.306937	0.005015	0.194489	1.637000	-17.604000	-169.064000	
1478217556.140592	0.214000	-1.110000	-0.202000	0.223936	0.015692	0.178265	1.864000	-17.602000	-168.841000	
1478217556.155928	-0.369000	-1.083000	-0.593000	0.133612	0.007251	0.157157	2.004000	-17.608000	-168.646000	
1478217556.176305	-0.205000	-1.020000	-0.136000	0.072118	0.001006	0.135616	2.064000	-17.610000	-168.479000	
1478217556.196716	-0.203000	-0.738000	0.099000	0.017920	-0.006050	0.124352	2.060000	-17.618000	-168.327000	
1478217556.217078	0.414000	-0.650000	0.393000	-0.030779	0.004088	0.121138	1.999000	-17.618000	-168.182000	
1478217556.237501	0.393000	-0.559000	0.249000	-0.065430	0.007510	0.109702	1.898000	-17.622000	-168.047000	
1478217556.257909	0.597000	-0.338000	0.620000	-0.068029	0.001242	0.102419	1.787000	-17.626000	-167.923000	
1478217556.278296	0.680000	-0.150000	0.596000	-0.062982	0.012291	0.117245	1.673000	-17.617000	-167.787000	
1478217556.298748	0.372000	-0.499000	0.224000	-0.089571	0.017566	0.130332	1.539000	-17.606000	-167.636000	
1478217556.319206	0.551000	-0.820000	0.407000	-0.121452	0.020581	0.117061	1.369000	-17.581000	-167.488000	
1478217556.339652	0.365000	-0.550000	-0.085000	-0.146150	0.028516	0.107944	1.166000	-17.553000	-167.352000	
1478217556.360068	0.456000	-0.398000	-0.064000	-0.170025	0.030042	0.102332	0.945000	-17.522000	-167.227000	
1478217556.380448	0.082000	-0.287000	-0.455000	-0.189552	0.028850	0.113198	0.698000	-17.495000	-167.095000	
1478217556.395823	0.248000	-0.434000	-0.322000	-0.204609	0.014448	0.104737	0.431000	-17.474000	-166.962000	
1478217556.416306	0.721000	0.191000	-0.437000	-0.199931	0.003743	0.104079	0.166000	-17.466000	-166.844000	
1478217556.436745	0.006000	0.380000	-0.782000	-0.170577	-0.009251	0.121201	-0.080000	-17.476000	-166.713000	
1478217556.457305	-0.204000	0.316000	-1.021000	-0.128142	-0.011081	0.153924	-0.294000	-17.492000	-166.542000	
1478217556.477777	-0.011000	-0.014000	-0.570000	-0.089566	-0.036155	0.162069	-0.470000	-17.528000	-166.349000	
1478217556.498277	-0.006000	0.173000	-0.233000	-0.042656	-0.051379	0.159099	-0.597000	-17.585000	-166.155000	
1478217556.518736	0.218000	0.624000	0.256000	0.007365	-0.052134	0.182558	-0.673000	-17.646000	-165.949000	
1478217556.539227	0.351000	0.859000	0.391000	0.070693	-0.039197	0.205596	-0.688000	-17.698000	-165.712000	
1478217556.559750	0.266000	0.405000	0.462000	0.086847	-0.055590	0.221768	-0.668000	-17.751000	-165.450000	
1478217556.580188	0.819000	-0.159000	0.301000	0.042985	-0.048988	0.196996	-0.673000	-17.808000	-165.197000	
1478217556.600603	0.224000	-0.206000	-0.121000	-0.032066	-0.028116	0.165568	-0.747000	-17.851000	-164.980000	
1478217556.615931	0.217000	0.005000	0.389000	-0.067453	-0.013173	0.142283	-0.869000	-17.861000	-164.797000	
1478217556.636468	0.043000	0.351000	0.491000	-0.067032	-0.003299	0.135623	-1.005000	-17.858000	-164.629000	
1478217556.656963	0.277000	0.487000	0.646000	-0.063891	-0.014650	0.136060	-1.134000	-17.873000	-164.464000	
1478217556.677532	-0.111000	0.516000	0.568000	-0.037491	0.003541	0.126517	-1.237000	-17.880000	-164.306000	
1478217556.698165	-0.004000	0.800000	0.748000	0.007562	0.003186	0.124268	-1.294000	-17.868000	-164.155000	
1478217556.718890	0.058000	1.088000	0.517000	0.060708	-0.014021	0.131508	-1.300000	-17.877000	-163.998000	
1478217556.739313	-0.416000	0.983000	0.024000	0.099824	-0.002431	0.136537	-1.254000	-17.886000	-163.835000	
1478217556.759819	-0.140000	0.773000	0.277000	0.113530	0.033396	0.141118	-1.183000	-17.852000	-163.665000	
1478217556.780280	-0.278000	0.497000	0.258000	0.122416	0.014284	0.122349	-1.091000	-17.828000	-163.509000	
1478217556.795619	0.166000	0.612000	0.392000	0.108787	-0.000619	0.097786	-0.996000	-17.816000	-163.383000	
1478217556.821105	0.083000	0.606000	-0.158000	0.088628	0.018545	0.090609	-0.920000	-17.811000	-163.270000	
1478217556.836476	0.200000	0.477000	0.089000	0.059402	0.041294	0.071877	-0.866000	-17.770000	-163.178000	
1478217556.856998	-0.165000	0.149000	0.116000	0.020405	0.019521	0.043602	-0.844000	-17.735000	-163.110000	
1478217556.877619	-0.400000	0.223000	-0.168000	-0.039345	0.014933	0.010326	-0.871000	-17.721000	-163.083000	
1478217556.898054	0.437000	0.246000	0.249000	-0.100287	0.019102	-0.022665	-0.956000	-17.699000	-163.097000	
1478217556.918575	0.217000	0.463000	0.094000	-0.134129	0.022869	-0.046838	-1.083000	-17.675000	-163.143000	
1478217556.938990	0.164000	0.579000	0.444000	-0.133882	0.018621	-0.061331	-1.220000	-17.649000	-163.214000	
1478217556.959413	0.752000	0.741000	0.467000	-0.120572	0.034074	-0.067959	-1.342000	-17.612000	-163.295000	
1478217556.979801	0.106000	0.667000	0.618000	-0.112251	0.005211	-0.066564	-1.449000	-17.589000	-163.378000	
1478217557.000211	0.549000	0.522000	0.404000	-0.092443	0.043183	-0.084538	-1.537000	-17.547000	-163.471000	
1478217557.020546	0.694000	0.685000	0.432000	-0.086090	0.051902	-0.083837	-1.614000	-17.491000	-163.570000	
1478217557.040954	0.542000	0.465000	0.290000	-0.078536	0.041703	-0.081619	-1.674000	-17.444000	-163.671000	
1478217557.061370	0.802000	0.287000	0.347000	-0.071070	0.022857	-0.080151	-1.724000	-17.410000	-163.769000	
1478217557.076716	-0.173000	0.180000	-0.748000	-0.072922	0.068005	-0.080326	-1.770000	-17.352000	-163.871000	
1478217557.097199	0.680000	0.279000	0.087000	-0.062407	0.030362	-0.095260	-1.814000	-17.303000	-163.981000	
1478217557.117631	0.395000	0.543000	-0.429000	-0.053499	0.037822	-0.088417	-1.846000	-17.269000	-164.091000	
1478217557.138007	1.318000	0.951000	0.686000	-0.024067	0.002744	-0.051775	-1.861000	-17.242000	-164.186000	
1478217557.159535	-0.626000	0.932000	-1.410000	0.015600	0.118952	-0.087863	-1.799000	-17.190000	-164.301000	
1478217557.179950	1.191000	0.868000	0.188000	0.048701	-0.001398	-0.052009	-1.734000	-17.116000	-164.389000	
1478217557.200361	-2.311000	-0.324000	-0.975000	0.102699	-0.146134	-0.060345	-1.629000	-17.281000	-164.437000	
1478217557.220765	-0.652000	-0.577000	-1.214000	0.070787	0.046388	-0.094607	-1.483000	-17.283000	-164.552000	
1478217557.241228	0.627000	-0.037000	0.568000	0.003630	-0.030656	-0.061059	-1.446000	-17.264000	-164.631000	
1478217557.256552	-0.738000	-0.250000	0.035000	0.033190	-0.069974	-0.083192	-1.390000	-17.339000	-164.719000	
1478217557.277008	-0.671000	0.109000	0.096000	0.059711	-0.012623	-0.065890	-1.307000	-17.387000	-164.807000	
1478217557.297458	0.334000	0.216000	1.155000	0.086701	-0.039671	-0.055754	-1.193000	-17.414000	-164.879000	
1478217557.317864	-0.310000	0.115000	0.702000	0.094720	-0.042892	-0.047302	-1.073000	-17.467000	-164.935000	
1478217557.338278	0.009000	-0.065000	0.525000	0.079458	-0.006028	-0.051225	-0.953000	-17.498000	-164.999000	
1478217557.358712	0.023000	-0.337000	0.731000	0.062300	-0.003315	-0.053453	-0.855000	-17.508000	-165.064000	
1478217557.379151	-0.166000	-0.360000	0.721000	0.064113	-0.005245	-0.068329	-0.759000	-17.511000	-165.139000	
1478217557.399582	0.151000	-0.157000	0.850000	0.049892	0.004440	-0.069130	-0.673000	-17.505000	-165.222000	
1478217557.420462	0.073000	-0.254000	0.496000	0.013967	0.020504	-0.075709	-0.616000	-17.486000	-165.308000	
1478217557.441265	0.066000	-0.406000	0.108000	-0.034787	0.017760	-0.088293	-0.604000	-17.472000	-165.406000	
1478217557.456590	-0.618000	-0.684000	-0.190000	-0.085265	0.020746	-0.101508	-0.644000	-17.459000	-165.519000	
1478217557.476990	0.104000	-0.848000	0.128000	-0.141334	0.011980	-0.119842	-0.748000	-17.439000	-165.649000	
1478217557.497411	-0.360000	-0.959000	-0.330000	-0.201614	-0.006298	-0.151965	-0.908000	-17.438000	-165.819000	
1478217557.517863	-0.329000	-0.631000	-0.653000	-0.253199	0.017703	-0.151828	-1.128000	-17.439000	-166.004000	
1478217557.538283	-0.031000	-0.434000	0.067000	-0.268278	0.014200	-0.139750	-1.378000	-17.427000	-166.180000	
1478217557.558649	0.484000	-0.344000	0.649000	-0.238061	0.013643	-0.132779	-1.608000	-17.417000	-166.351000	
1478217557.579888	0.035000	-0.333000	0.611000	-0.215445	0.004391	-0.121806	-1.826000	-17.408000	-166.496000	
1478217557.600362	-0.011000	-0.382000	0.267000	-0.198398	-0.015324	-0.119041	-2.014000	-17.431000	-166.641000	
1478217557.620782	-0.314000	-0.358000	-0.003000	-0.184793	0.020091	-0.106315	-2.195000	-17.434000	-166.772000	
1478217557.641333	-0.358000	-0.463000	0.121000	-0.190319	0.016359	-0.086073	-2.381000	-17.421000	-166.884000	
1478217557.656661	0.444000	-0.513000	0.660000	-0.160108	-0.000847	-0.072079	-2.546000	-17.414000	-166.979000	
1478217557.677146	-0.709000	-0.296000	0.007000	-0.134013	0.013175	-0.048190	-2.682000	-17.415000	-167.054000	
1478217557.697592	0.329000	-0.509000	0.579000	-0.116349	0.013744	-0.032099	-2.809000	-17.392000	-167.096000	
1478217557.718016	0.184000	-0.580000	0.524000	-0.098980	-0.000853	-0.033315	-2.919000	-17.385000	-167.136000	
1478217557.738474	-0.463000	-0.136000	-0.139000	-0.086276	0.039685	-0.012753	-3.013000	-17.366000	-167.164000	
1478217557.759075	0.109000	-0.719000	0.432000	-0.077122	0.021437	0.002020	-3.097000	-17.334000	-167.171000	
1478217557.779459	-0.227000	-0.557000	-0.143000	-0.052992	-0.000178	-0.003066	-3.163000	-17.325000	-167.173000	
1478217557.799857	-0.432000	-0.585000	-0.559000	-0.077339	0.020057	0.001186	-3.233000	-17.318000	-167.181000	
1478217557.820259	0.270000	-0.422000	-0.083000	-0.093908	0.020266	0.020990	-3.343000	-17.292000	-167.162000	
1478217557.840625	0.242000	-0.260000	0.192000	-0.078560	0.013648	0.036317	-3.448000	-17.267000	-167.128000	
1478217557.861031	0.304000	0.002000	0.043000	-0.042501	0.005339	0.050538	-3.530000	-17.254000	-167.077000	
1478217557.876348	0.192000	-0.024000	-0.006000	-0.013384	0.001228	0.066114	-3.579000	-17.251000	-167.004000	
1478217557.896745	-0.041000	-0.041000	-0.404000	-0.000515	0.002720	0.082555	-3.610000	-17.248000	-166.913000	
1478217557.917167	-0.042000	-0.129000	-0.162000	-0.002162	-0.015751	0.077845	-3.639000	-17.249000	-166.818000	
1478217557.937553	-0.148000	-0.114000	-0.334000	-0.006482	-0.015811	0.073377	-3.672000	-17.261000	-166.725000	
1478217557.957988	-0.327000	-0.022000	-0.346000	-0.013199	-0.020045	0.071100	-3.711000	-17.278000	-166.635000	
1478217557.978378	-0.308000	0.103000	-0.151000	-0.011252	-0.038157	0.078438	-3.752000	-17.305000	-166.543000	
1478217557.998755	-0.914000	-0.212000	-0.725000	-0.027898	-0.060498	0.087798	-3.802000	-17.356000	-166.439000	
1478217558.019146	-1.060000	-0.803000	-0.644000	-0.066877	-0.098835	0.090945	-3.892000	-17.447000	-166.326000	
1478217558.039545	-1.020000	-1.083000	-0.606000	-0.106198	-0.082617	0.066674	-4.023000	-17.546000	-166.228000	
1478217558.059944	0.296000	-0.833000	0.344000	-0.152088	-0.090992	0.050951	-4.197000	-17.646000	-166.156000	
1478217558.080350	0.236000	-0.434000	0.622000	-0.168347	-0.094939	0.034412	-4.401000	-17.751000	-166.100000	
1478217558.100769	0.256000	0.198000	0.541000	-0.175364	-0.080131	0.043707	-4.619000	-17.846000	-166.044000	
1478217558.116078	0.081000	0.200000	0.580000	-0.170130	-0.070451	0.039764	-4.832000	-17.928000	-165.986000	
1478217558.136499	0.042000	0.396000	0.506000	-0.164904	-0.040736	0.027997	-5.033000	-17.990000	-165.942000	
1478217558.156894	0.102000	0.369000	0.724000	-0.174965	-0.023540	0.028091	-5.240000	-18.022000	-165.906000	
1478217558.177275	0.090000	0.233000	0.794000	-0.171399	-0.023200	0.021352	-5.450000	-18.048000	-165.873000	
1478217558.197643	-0.731000	0.386000	0.222000	-0.146171	-0.024428	0.019262	-5.639000	-18.076000	-165.848000	
1478217558.218094	-0.226000	0.282000	0.845000	-0.113013	0.001343	0.023269	-5.790000	-18.070000	-165.822000	
1478217558.238514	-0.218000	0.391000	0.743000	-0.082692	0.000229	0.045252	-5.916000	-18.057000	-165.775000	
1478217558.258923	-0.472000	0.219000	0.259000	-0.058551	-0.019586	0.054538	-6.011000	-18.065000	-165.716000	
1478217558.279294	-0.776000	-0.055000	-0.146000	-0.029428	-0.010606	0.060477	-6.080000	-18.079000	-165.641000	
1478217558.299699	0.548000	-0.128000	0.721000	-0.002164	-0.016301	0.064334	-6.117000	-18.081000	-165.564000	
1478217558.320107	-0.066000	0.187000	0.349000	0.011821	-0.020244	0.082703	-6.134000	-18.082000	-165.474000	
1478217558.340588	-0.286000	0.080000	0.304000	0.029742	-0.013308	0.079298	-6.133000	-18.096000	-165.376000	
1478217558.356006	-0.080000	0.119000	0.373000	0.018299	0.006497	0.080722	-6.136000	-18.085000	-165.282000	
1478217558.376323	-0.173000	0.243000	0.334000	0.026358	0.020268	0.071620	-6.139000	-18.064000	-165.191000	
1478217558.396708	-0.327000	0.442000	0.506000	0.028581	0.018939	0.080230	-6.131000	-18.037000	-165.104000	
1478217558.417129	-0.088000	0.432000	0.931000	0.045223	0.015263	0.079094	-6.117000	-18.004000	-165.009000	
1478217558.437510	-0.126000	0.426000	0.593000	0.040050	0.017403	0.072729	-6.100000	-17.971000	-164.922000	
1478217558.457969	-0.060000	0.322000	0.346000	0.033598	0.027953	0.058700	-6.082000	-17.941000	-164.848000	
1478217558.478379	-0.167000	0.270000	0.270000	0.041602	0.026680	0.052789	-6.061000	-17.907000	-164.782000	
1478217558.498803	-0.118000	0.347000	0.060000	0.051247	0.033820	0.036583	-6.021000	-17.872000	-164.734000	
1478217558.519255	0.121000	0.409000	0.187000	0.043001	0.023068	0.033634	-5.981000	-17.840000	-164.696000	
1478217558.539690	0.348000	0.325000	0.079000	0.022653	0.037904	0.025223	-5.955000	-17.799000	-164.665000	
1478217558.560107	0.379000	0.277000	0.136000	-0.012774	0.042230	0.005938	-5.958000	-17.752000	-164.655000	
1478217558.580490	0.744000	0.426000	0.318000	-0.021800	0.030799	-0.016761	-5.977000	-17.711000	-164.671000	
1478217558.595845	0.727000	0.646000	0.157000	-0.020815	0.049710	-0.030290	-5.991000	-17.670000	-164.707000	
1478217558.616234	0.605000	0.632000	0.157000	-0.020397	0.057142	-0.031390	-6.000000	-17.613000	-164.752000	
1478217558.636617	0.641000	0.399000	0.188000	-0.021349	0.051016	-0.033059	-6.011000	-17.555000	-164.794000	
1478217558.657005	0.325000	0.255000	-0.150000	-0.029328	0.046492	-0.050149	-6.023000	-17.508000	-164.850000	
1478217558.677423	0.425000	0.371000	-0.104000	-0.027644	0.043831	-0.062622	-6.037000	-17.461000	-164.924000	
1478217558.697894	0.327000	0.644000	-0.084000	-0.007594	0.052160	-0.066898	-6.032000	-17.411000	-165.009000	
1478217558.718310	0.214000	0.635000	0.017000	0.023253	0.049864	-0.056235	-5.999000	-17.360000	-165.086000	
1478217558.738738	0.427000	0.568000	0.405000	0.050169	0.044962	-0.056444	-5.934000	-17.304000	-165.157000	
1478217558.759145	0.254000	0.636000	0.046000	0.072672	0.043026	-0.054929	-5.840000	-17.259000	-165.227000	
1478217558.779530	0.247000	0.490000	0.058000	0.080742	0.034091	-0.057201	-5.730000	-17.225000	-165.297000	
1478217558.799952	0.157000	0.525000	-0.092000	0.097619	0.047215	-0.070178	-5.597000	-17.185000	-165.383000	
1478217558.820341	-0.048000	0.607000	-0.093000	0.112811	0.043377	-0.067208	-5.452000	-17.139000	-165.469000	
1478217558.835990	0.273000	0.427000	0.151000	0.121168	0.032418	-0.068690	-5.290000	-17.099000	-165.556000	
1478217558.856435	0.102000	0.324000	-0.028000	0.119435	0.024611	-0.086739	-5.128000	-17.073000	-165.651000	
1478217558.876873	0.445000	0.242000	0.621000	0.104772	0.000227	-0.108019	-4.965000	-17.059000	-165.774000	
1478217558.897338	-0.105000	0.408000	-0.075000	0.091618	0.015391	-0.104917	-4.821000	-17.040000	-165.898000	
1478217558.922941	-0.080000	0.108000	-0.212000	0.071476	-0.000371	-0.105713	-4.692000	-17.045000	-166.025000	
1478217558.938312	-0.347000	-0.271000	-0.289000	0.049108	0.004029	-0.117584	-4.587000	-17.049000	-166.158000	
1478217558.958692	-0.009000	-0.176000	0.063000	0.035819	0.018776	-0.129018	-4.497000	-17.049000	-166.309000	
1478217558.983391	-0.158000	0.073000	0.534000	0.035121	-0.004060	-0.130503	-4.412000	-17.050000	-166.465000	
1478217558.998739	-0.140000	0.186000	0.626000	0.053320	0.025638	-0.115781	-4.310000	-17.039000	-166.614000	
1478217559.019156	0.069000	0.040000	0.790000	0.070679	0.023522	-0.111829	-4.193000	-17.021000	-166.751000	
1478217559.039687	-0.271000	-0.266000	0.549000	0.053984	0.019304	-0.123805	-4.081000	-17.009000	-166.894000	
1478217559.060083	-0.188000	-0.380000	0.482000	0.019885	0.032924	-0.132738	-3.998000	-16.994000	-167.052000	
1478217559.080465	-0.187000	-0.345000	0.623000	-0.013577	0.034287	-0.154562	-3.946000	-16.965000	-167.230000	
1478217559.095828	-0.073000	-0.132000	0.649000	-0.042166	0.041036	-0.148783	-3.930000	-16.928000	-167.412000	
1478217559.121395	-0.145000	-0.027000	0.579000	-0.050841	0.037997	-0.159650	-3.932000	-16.895000	-167.601000	
1478217559.136766	-0.221000	-0.144000	0.543000	-0.068897	0.055210	-0.159726	-3.950000	-16.844000	-167.793000	
1478217559.157252	-0.027000	-0.196000	0.259000	-0.071012	0.061743	-0.164778	-3.975000	-16.795000	-167.990000	
1478217559.177667	-0.084000	-0.249000	0.223000	-0.080838	0.065340	-0.157522	-4.005000	-16.743000	-168.188000	
1478217559.198507	-0.353000	-0.340000	0.083000	-0.081234	0.044659	-0.154679	-4.046000	-16.696000	-168.378000	
1478217559.218816	-0.354000	-0.306000	-0.120000	-0.081633	0.044320	-0.147725	-4.084000	-16.659000	-168.563000	
1478217559.239227	0.198000	-0.481000	0.122000	-0.100062	0.044325	-0.141067	-4.137000	-16.614000	-168.741000	
1478217559.259640	-0.541000	-0.428000	-0.582000	-0.104341	0.046856	-0.125616	-4.213000	-16.582000	-168.902000	
1478217559.279993	-0.659000	-0.536000	-0.457000	-0.092396	0.029514	-0.119287	-4.282000	-16.561000	-169.049000	
1478217559.300449	-0.568000	-0.288000	-0.294000	-0.057170	0.030342	-0.107410	-4.319000	-16.537000	-169.191000	
1478217559.320860	0.075000	-0.114000	0.473000	0.004060	0.021151	-0.087399	-4.308000	-16.512000	-169.309000	
1478217559.341241	-0.140000	0.162000	0.049000	0.053995	0.030306	-0.062139	-4.246000	-16.492000	-169.394000	
1478217559.356596	0.132000	-0.124000	0.442000	0.075228	0.009128	-0.039837	-4.150000	-16.483000	-169.450000	
1478217559.376963	-0.286000	-0.302000	0.098000	0.084160	0.019798	-0.025995	-4.045000	-16.470000	-169.485000	
1478217559.397350	-0.450000	-0.345000	0.136000	0.078055	0.032361	-0.022160	-3.945000	-16.440000	-169.514000	
1478217559.417800	-0.353000	-0.511000	0.178000	0.060612	0.017479	-0.015970	-3.857000	-16.422000	-169.538000	
1478217559.438169	-0.044000	-0.649000	0.396000	0.035877	0.012648	-0.015205	-3.800000	-16.405000	-169.559000	
1478217559.458569	0.151000	-0.449000	0.350000	0.022853	0.021243	-0.015193	-3.765000	-16.380000	-169.578000	
1478217559.479019	-0.152000	-0.458000	-0.159000	0.004907	0.018299	-0.013538	-3.744000	-16.364000	-169.596000	
1478217559.499402	-0.141000	-0.438000	-0.116000	-0.011923	0.018517	-0.017972	-3.741000	-16.351000	-169.618000	
1478217559.519806	0.074000	-0.340000	0.229000	-0.016688	0.017411	-0.015504	-3.752000	-16.337000	-169.639000	
1478217559.540168	-0.465000	-0.185000	-0.203000	-0.017596	0.014029	-0.002745	-3.770000	-16.319000	-169.650000	
1478217559.560577	0.356000	-0.292000	0.325000	-0.013690	0.005925	-0.007516	-3.784000	-16.310000	-169.656000	
1478217559.580993	0.254000	-0.247000	0.110000	-0.019487	0.017871	-0.005271	-3.799000	-16.297000	-169.664000	
1478217559.601383	0.832000	-0.065000	0.448000	-0.023863	0.011641	-0.002529	-3.825000	-16.274000	-169.670000	
1478217559.616746	-0.193000	-0.159000	-0.123000	-0.016108	0.033368	0.001174	-3.840000	-16.251000	-169.673000	
1478217559.637171	0.476000	-0.205000	0.520000	-0.028207	0.018792	0.009343	-3.865000	-16.213000	-169.669000	
1478217559.657921	0.112000	-0.353000	0.274000	-0.045896	0.011398	0.003738	-3.914000	-16.193000	-169.661000	
1478217559.678364	-0.177000	-0.456000	-0.125000	-0.088693	0.001067	-0.013563	-3.993000	-16.189000	-169.672000	
1478217559.698879	0.125000	-0.295000	-0.242000	-0.133851	-0.007689	-0.021111	-4.119000	-16.190000	-169.695000	
1478217559.719681	-0.160000	-0.315000	-0.659000	-0.162804	0.002248	-0.036250	-4.281000	-16.196000	-169.732000	
1478217559.740235	-0.241000	-0.417000	-0.490000	-0.189140	-0.007313	-0.046574	-4.469000	-16.210000	-169.783000	
1478217559.760834	-0.071000	-0.420000	-0.182000	-0.183191	-0.015574	-0.058506	-4.659000	-16.230000	-169.849000	
1478217559.777190	-0.253000	-0.032000	-0.129000	-0.151189	-0.037420	-0.060740	-4.827000	-16.269000	-169.919000	
1478217559.797592	-0.151000	0.081000	0.044000	-0.112079	-0.049716	-0.046636	-4.955000	-16.327000	-169.977000	
1478217559.818024	-0.189000	0.151000	-0.097000	-0.068106	-0.043668	-0.026042	-5.045000	-16.385000	-170.011000	
1478217559.838678	0.215000	0.027000	-0.059000	-0.028407	-0.047838	-0.025088	-5.087000	-16.447000	-170.037000	
1478217559.859096	-0.013000	-0.020000	-0.015000	-0.003908	-0.054721	-0.025666	-5.093000	-16.516000	-170.065000	
1478217559.879529	0.106000	-0.032000	0.002000	0.011484	-0.047538	-0.023962	-5.076000	-16.581000	-170.091000	
1478217559.899942	0.039000	-0.048000	0.169000	0.027504	-0.040406	-0.022430	-5.050000	-16.628000	-170.111000	
1478217559.920952	-0.128000	0.094000	-0.111000	0.044539	-0.025679	-0.032584	-4.994000	-16.671000	-170.146000	
1478217559.936490	-0.180000	0.056000	0.485000	0.045790	-0.040745	-0.023944	-4.932000	-16.698000	-170.181000	
1478217559.956942	-0.233000	-0.136000	0.173000	0.059906	-0.016896	-0.040355	-4.866000	-16.735000	-170.208000	
1478217559.977370	-0.104000	-0.389000	0.159000	0.007470	-0.016565	-0.057789	-4.819000	-16.767000	-170.269000	
1478217559.997762	0.368000	-0.595000	0.301000	-0.048993	-0.025333	-0.078936	-4.827000	-16.803000	-170.348000	
1478217560.018138	-0.270000	-0.472000	0.059000	-0.105125	-0.010142	-0.097650	-4.892000	-16.826000	-170.455000	
1478217560.038641	0.104000	-0.130000	0.375000	-0.125264	-0.010931	-0.113678	-4.992000	-16.861000	-170.583000	
1478217560.059117	-0.153000	0.097000	0.578000	-0.140984	0.006079	-0.130755	-5.101000	-16.864000	-170.736000	
1478217560.079533	-0.251000	0.044000	0.573000	-0.159000	-0.018746	-0.125167	-5.238000	-16.892000	-170.882000	
1478217560.099940	-0.116000	0.024000	0.880000	-0.162272	-0.002825	-0.173354	-5.363000	-16.908000	-171.067000	
1478217560.120320	-0.552000	0.309000	0.464000	-0.182766	0.008138	-0.164235	-5.506000	-16.920000	-171.269000	
1478217560.140721	-0.229000	-0.058000	0.451000	-0.206675	-0.003149	-0.185636	-5.671000	-16.949000	-171.476000	
1478217560.161098	-0.522000	-0.154000	0.168000	-0.240034	0.003118	-0.211743	-5.861000	-16.981000	-171.716000	
1478217560.176450	-0.857000	0.066000	-0.083000	-0.262268	0.014300	-0.232319	-6.075000	-17.009000	-171.985000	
1478217560.196878	-0.727000	0.167000	0.375000	-0.271105	0.012384	-0.231144	-6.299000	-17.015000	-172.266000	
1478217560.217335	-1.094000	0.069000	-0.801000	-0.260614	0.051472	-0.226884	-6.520000	-17.024000	-172.541000	
1478217560.237798	-0.328000	-0.293000	0.263000	-0.265650	0.012732	-0.253820	-6.731000	-17.042000	-172.842000	
1478217560.258326	-0.130000	0.408000	-0.070000	-0.244718	0.031196	-0.285946	-6.933000	-17.069000	-173.168000	
1478217560.278715	-0.396000	0.967000	0.203000	-0.219681	0.022267	-0.259712	-7.110000	-17.090000	-173.495000	
1478217560.300477	-0.291000	0.903000	0.459000	-0.136436	0.047020	-0.245648	-7.216000	-17.071000	-173.794000	
1478217560.320895	-0.671000	0.791000	0.286000	-0.059223	0.030572	-0.229797	-7.235000	-17.062000	-174.080000	
1478217560.336233	-1.017000	0.414000	0.069000	0.005982	0.023828	-0.231245	-7.173000	-17.068000	-174.356000	
1478217560.356657	-0.461000	0.337000	0.588000	0.057175	0.035023	-0.250254	-7.044000	-17.067000	-174.649000	
1478217560.377038	-0.307000	0.553000	0.783000	0.079427	0.043144	-0.249948	-6.874000	-17.055000	-174.955000	
1478217560.397460	-0.167000	0.516000	1.204000	0.098749	0.047323	-0.260177	-6.677000	-17.034000	-175.266000	
1478217560.417856	-0.634000	0.526000	0.613000	0.076901	0.058068	-0.280685	-6.480000	-17.004000	-175.595000	
1478217560.438327	-0.981000	-0.000000	0.083000	0.025614	0.049151	-0.313138	-6.316000	-16.992000	-175.961000	
1478217560.458942	-1.028000	-0.279000	-0.089000	-0.027911	0.071999	-0.369901	-6.202000	-16.965000	-176.379000	
1478217560.479409	-0.404000	0.139000	0.358000	-0.099651	0.054059	-0.422251	-6.139000	-16.952000	-176.875000	
1478217560.499811	-1.093000	0.078000	0.139000	-0.197674	0.045786	-0.442241	-6.169000	-16.951000	-177.400000	
1478217560.520207	-1.175000	-0.382000	-0.625000	-0.295574	0.086739	-0.499992	-6.296000	-16.943000	-177.971000	
1478217560.540648	0.243000	-0.479000	0.087000	-0.421926	0.081615	-0.565433	-6.530000	-16.932000	-178.627000	
1478217560.561081	0.559000	-0.263000	1.340000	-0.515819	0.030049	-0.631445	-6.869000	-16.962000	-179.357000	
1478217560.576405	0.293000	0.275000	0.524000	-0.602509	0.093694	-0.639830	-7.300000	-16.972000	179.874000	
1478217560.596786	0.012000	0.165000	0.641000	-0.639329	0.106135	-0.641740	-7.798000	-16.952000	179.101000	
1478217560.617179	-0.136000	-0.090000	0.589000	-0.626554	0.107363	-0.667171	-8.291000	-16.945000	178.303000	
1478217560.637524	-0.066000	0.044000	0.995000	-0.605583	0.100713	-0.655834	-8.761000	-16.933000	177.500000	
1478217560.657897	-0.616000	-0.147000	0.298000	-0.609138	0.121887	-0.643387	-9.228000	-16.928000	176.716000	
1478217560.678282	-0.489000	-0.756000	0.628000	-0.653578	0.106753	-0.669455	-9.722000	-16.930000	175.916000	
1478217560.698711	-0.197000	-0.411000	0.396000	-0.699254	0.103195	-0.675726	-10.272000	-16.952000	175.096000	
1478217560.719104	-0.248000	0.410000	0.320000	-0.648164	0.144287	-0.639572	-10.821000	-16.948000	174.298000	
1478217560.739495	-0.243000	0.526000	0.604000	-0.507223	0.111956	-0.585507	-11.249000	-16.958000	173.554000	
1478217560.759869	-0.311000	0.529000	0.611000	-0.334605	0.101815	-0.526861	-11.507000	-16.970000	172.882000	
1478217560.780264	-0.907000	0.375000	0.232000	-0.163430	0.121468	-0.468258	-11.585000	-16.964000	172.276000	
1478217560.800689	-0.356000	0.410000	0.006000	-0.013229	0.116769	-0.414328	-11.501000	-16.932000	171.734000	
1478217560.821141	-0.389000	0.156000	0.151000	0.128535	0.087908	-0.349303	-11.281000	-16.916000	171.274000	
1478217560.836485	-0.300000	-0.212000	-0.156000	0.280436	0.109133	-0.298461	-10.912000	-16.874000	170.883000	
1478217560.856949	0.378000	-0.416000	0.503000	0.385278	0.085396	-0.249111	-10.415000	-16.822000	170.544000	
1478217560.877414	-0.106000	-0.596000	0.125000	0.463334	0.055132	-0.207969	-9.834000	-16.790000	170.267000	
1478217560.907969	-0.090000	-1.298000	0.222000	0.485566	0.057972	-0.171684	-9.216000	-16.742000	170.040000	
1478217560.918251	-0.032000	-1.772000	0.204000	0.462525	0.042148	-0.163725	-8.615000	-16.685000	169.839000	
1478217560.938801	-0.116000	-1.578000	-0.287000	0.417426	0.041606	-0.159509	-8.057000	-16.663000	169.639000	
1478217560.959195	-0.211000	-1.597000	-0.566000	0.325315	0.049483	-0.159157	-7.584000	-16.647000	169.441000	
1478217560.979607	-0.421000	-1.899000	-0.449000	0.201130	0.041153	-0.163011	-7.245000	-16.625000	169.250000	
1478217561.000016	-0.464000	-2.174000	-0.045000	0.066458	0.013483	-0.215732	-7.041000	-16.618000	169.012000	
1478217561.020424	-0.447000	-1.801000	0.148000	-0.076699	-0.017229	-0.237628	-6.999000	-16.654000	168.743000	
1478217561.040872	-0.717000	-1.571000	0.055000	-0.189437	-0.009237	-0.243011	-7.095000	-16.698000	168.461000	
1478217561.056212	-0.572000	-1.512000	0.578000	-0.251595	-0.028125	-0.254536	-7.279000	-16.746000	168.168000	
1478217561.076604	-0.714000	-1.020000	0.492000	-0.256587	-0.043400	-0.248344	-7.491000	-16.817000	167.873000	
1478217561.097000	-1.134000	-0.456000	0.252000	-0.226334	-0.031705	-0.203263	-7.686000	-16.893000	167.609000	
1478217561.117385	-1.662000	-0.465000	0.304000	-0.150786	-0.001611	-0.139543	-7.837000	-16.932000	167.418000	
1478217561.137737	-1.401000	-0.607000	0.607000	-0.025769	-0.025403	-0.121744	-7.874000	-16.976000	167.271000	
1478217561.158133	-1.336000	0.027000	0.383000	0.092579	-0.044453	-0.096057	-7.785000	-17.053000	167.149000	
1478217561.178818	-1.957000	0.196000	-0.169000	0.171441	-0.022210	-0.011016	-7.606000	-17.107000	167.101000	
1478217561.199223	-1.294000	-0.475000	0.307000	0.237521	-0.012638	0.023286	-7.362000	-17.125000	167.119000	
1478217561.219596	-1.205000	-0.839000	0.122000	0.249714	-0.004079	0.005290	-7.081000	-17.133000	167.137000	
1478217561.240014	-0.694000	-0.698000	0.151000	0.207269	-0.013496	-0.035135	-6.815000	-17.163000	167.113000	
1478217561.260413	-0.283000	-0.099000	0.493000	0.146447	0.003648	-0.052584	-6.595000	-17.186000	167.049000	
1478217561.280856	-0.548000	-0.114000	0.035000	0.093592	0.004817	-0.048902	-6.453000	-17.212000	166.995000	
1478217561.301236	-0.707000	-0.511000	-0.080000	0.050155	0.028585	-0.085009	-6.344000	-17.219000	166.908000	
1478217561.316557	-0.680000	-0.760000	0.477000	-0.014427	0.037908	-0.141257	-6.283000	-17.202000	166.759000	
1478217561.336923	-0.674000	-0.740000	0.725000	-0.110213	0.016182	-0.185393	-6.307000	-17.197000	166.553000	
1478217561.357346	-1.644000	-0.814000	-0.110000	-0.217368	-0.000116	-0.216044	-6.439000	-17.225000	166.307000	
1478217561.377765	-1.661000	-1.007000	-0.401000	-0.309702	0.001996	-0.262839	-6.666000	-17.274000	166.014000	
1478217561.398207	-1.322000	-1.160000	-0.073000	-0.403236	0.016309	-0.307217	-6.983000	-17.312000	165.667000	
1478217561.418685	-0.989000	-1.068000	0.838000	-0.477015	0.005568	-0.357804	-7.377000	-17.352000	165.260000	
1478217561.439133	-0.914000	-0.745000	0.889000	-0.526063	0.004274	-0.373139	-7.829000	-17.396000	164.817000	
1478217561.459567	-0.809000	-0.416000	0.667000	-0.520155	-0.002699	-0.383642	-8.295000	-17.463000	164.363000	
1478217561.480096	-0.841000	-0.231000	0.712000	-0.490880	0.013488	-0.383434	-8.733000	-17.516000	163.905000	
1478217561.500647	-0.452000	0.071000	1.033000	-0.444948	0.024503	-0.374331	-9.130000	-17.552000	163.450000	
1478217561.521091	-0.850000	0.029000	1.105000	-0.385968	0.051419	-0.344058	-9.468000	-17.576000	163.019000	
1478217561.536436	-1.438000	-0.251000	1.072000	-0.304608	0.007511	-0.346702	-9.725000	-17.593000	162.602000	
1478217561.556928	-2.537000	0.164000	-0.272000	-0.214757	-0.009477	-0.354326	-9.886000	-17.662000	162.190000	
1478217561.577412	-1.963000	0.145000	-0.567000	-0.204790	0.025553	-0.315191	-10.002000	-17.721000	161.794000	
1478217561.597858	-1.199000	-0.800000	0.009000	-0.183759	0.030025	-0.311369	-10.107000	-17.762000	161.429000	
1478217561.618305	-0.567000	-0.835000	0.283000	-0.167141	0.013784	-0.340398	-10.175000	-17.821000	161.033000	
1478217561.638767	-0.509000	-0.207000	-0.075000	-0.159681	0.005305	-0.305397	-10.236000	-17.897000	160.646000	
1478217561.659294	-0.498000	-0.265000	-0.080000	-0.111970	-0.007833	-0.291599	-10.280000	-17.975000	160.299000	
1478217561.679842	-0.684000	0.029000	-0.690000	-0.065950	0.044116	-0.304923	-10.268000	-18.014000	159.942000	
1478217561.700321	-0.459000	0.664000	0.022000	-0.033458	0.039473	-0.275145	-10.209000	-18.024000	159.584000	
1478217561.720797	-0.770000	0.287000	-0.145000	-0.017042	0.009788	-0.237745	-10.140000	-18.047000	159.279000	
1478217561.736299	-1.117000	-0.528000	-0.624000	-0.006372	-0.005035	-0.273612	-10.056000	-18.099000	158.978000	
1478217561.761848	-0.646000	-0.747000	-0.587000	-0.054216	-0.003344	-0.327610	-9.976000	-18.176000	158.613000	
1478217561.777239	0.130000	-0.502000	0.121000	-0.150314	-0.004571	-0.335072	-9.981000	-18.257000	158.218000	
1478217561.797650	0.126000	-0.769000	0.487000	-0.243364	0.014630	-0.355817	-10.093000	-18.325000	157.809000	
1478217561.818108	1.282000	-0.961000	1.662000	-0.320479	0.005569	-0.389276	-10.288000	-18.389000	157.360000	
1478217561.838603	0.664000	-0.634000	1.440000	-0.380847	0.025468	-0.397835	-10.552000	-18.437000	156.884000	
1478217561.859061	0.366000	-0.753000	1.379000	-0.403471	0.047482	-0.404641	-10.853000	-18.493000	156.404000	
1478217561.879442	0.935000	-0.810000	1.855000	-0.420439	0.076879	-0.397571	-11.174000	-18.508000	155.918000	
1478217561.899868	-0.235000	-0.473000	1.272000	-0.431194	0.117393	-0.384974	-11.514000	-18.471000	155.430000	
1478217561.920298	0.570000	-0.058000	1.172000	-0.437456	0.160720	-0.366902	-11.867000	-18.385000	154.954000	
1478217561.940699	0.307000	0.132000	0.675000	-0.425756	0.137929	-0.349890	-12.215000	-18.308000	154.493000	
1478217561.961076	0.205000	0.462000	0.350000	-0.376033	0.177211	-0.325109	-12.536000	-18.201000	154.060000	
1478217561.981572	-0.465000	0.719000	0.178000	-0.300332	0.222682	-0.274037	-12.793000	-18.051000	153.660000	
1478217561.996899	-0.199000	0.640000	0.775000	-0.194108	0.205899	-0.228267	-12.947000	-17.867000	153.311000	
1478217562.017330	-0.088000	0.272000	0.383000	-0.098460	0.190542	-0.185562	-13.008000	-17.711000	153.027000	
1478217562.038114	-0.020000	0.005000	0.357000	-0.030500	0.190722	-0.178198	-12.980000	-17.555000	152.759000	
1478217562.058639	-0.514000	0.485000	-0.031000	0.001560	0.202532	-0.141599	-12.925000	-17.380000	152.525000	
1478217562.079148	-0.234000	0.288000	-0.100000	0.029780	0.194627	-0.093626	-12.861000	-17.190000	152.350000	
1478217562.099744	0.378000	-0.122000	0.529000	0.079530	0.171878	-0.089530	-12.743000	-17.007000	152.197000	
1478217562.120257	-0.623000	0.350000	-0.084000	0.084565	0.172988	-0.076129	-12.599000	-16.823000	152.049000	
1478217562.140648	-0.400000	0.664000	-0.470000	0.057437	0.177202	-0.065112	-12.487000	-16.648000	151.920000	
1478217562.161066	-0.203000	0.485000	0.158000	0.046175	0.130557	-0.058491	-12.405000	-16.494000	151.811000	
1478217562.181566	0.123000	0.361000	-0.384000	0.049419	0.124160	-0.079730	-12.317000	-16.367000	151.700000	
1478217562.197101	-1.442000	0.936000	-1.187000	0.035099	0.111116	-0.090028	-12.224000	-16.265000	151.570000	
1478217562.217559	-1.378000	0.986000	-1.437000	-0.025762	0.066513	-0.087225	-12.186000	-16.200000	151.447000	
1478217562.237999	0.196000	0.789000	0.050000	-0.048705	-0.035853	-0.106296	-12.201000	-16.203000	151.328000	
1478217562.258470	0.223000	0.154000	0.067000	-0.127257	-0.022569	-0.102726	-12.291000	-16.204000	151.208000	
1478217562.279103	0.343000	-0.319000	0.299000	-0.146963	-0.017212	-0.116249	-12.409000	-16.238000	151.084000	
1478217562.299496	0.459000	-0.046000	0.463000	-0.170415	-0.053272	-0.106598	-12.559000	-16.303000	150.960000	
1478217562.320035	0.231000	0.430000	0.102000	-0.173706	-0.084088	-0.071151	-12.741000	-16.412000	150.885000	
1478217562.340597	-0.895000	0.689000	-0.385000	-0.128819	-0.080991	-0.051753	-12.893000	-16.519000	150.836000	
1478217562.361023	0.131000	1.683000	-0.384000	-0.059427	-0.125885	-0.008126	-12.995000	-16.650000	150.833000	
1478217562.381533	0.502000	1.718000	0.141000	0.030405	-0.151869	0.066623	-13.032000	-16.798000	150.922000	
1478217562.396883	0.713000	0.951000	0.552000	0.138639	-0.134828	0.112666	-12.963000	-16.910000	151.078000	
1478217562.417301	0.997000	0.392000	1.326000	0.190929	-0.173143	0.132477	-12.818000	-17.027000	151.265000	
1478217562.437716	0.635000	-0.020000	1.443000	0.172892	-0.203762	0.157023	-12.671000	-17.200000	151.489000	
1478217562.458171	1.342000	0.152000	1.022000	0.116588	-0.162460	0.163099	-12.580000	-17.339000	151.721000	
1478217562.478687	0.608000	0.422000	0.607000	0.036415	-0.132597	0.198000	-12.588000	-17.453000	151.978000	
1478217562.499251	0.270000	0.577000	0.707000	0.043040	-0.088373	0.217960	-12.628000	-17.511000	152.255000	
1478217562.519640	0.507000	1.060000	1.125000	0.103447	-0.089965	0.230878	-12.624000	-17.549000	152.543000	
1478217562.540270	-0.827000	1.391000	0.961000	0.146678	-0.098156	0.290475	-12.575000	-17.592000	152.881000	
1478217562.560686	-0.480000	1.111000	1.132000	0.190989	-0.088894	0.340544	-12.499000	-17.617000	153.284000	
1478217562.581198	-0.414000	0.803000	1.376000	0.253594	-0.075088	0.344359	-12.370000	-17.615000	153.711000	
1478217562.596580	-0.393000	0.968000	1.385000	0.290942	-0.044164	0.337322	-12.176000	-17.591000	154.122000	
1478217562.616948	-0.780000	1.168000	1.248000	0.270229	-0.066962	0.351848	-11.984000	-17.577000	154.546000	
1478217562.637378	-1.059000	0.761000	1.007000	0.221138	-0.043267	0.348918	-11.837000	-17.553000	154.975000	
1478217562.657790	-0.496000	0.600000	0.989000	0.148664	-0.039039	0.311876	-11.751000	-17.515000	155.367000	
1478217562.678197	-0.809000	0.431000	0.705000	0.056606	-0.022230	0.296844	-11.755000	-17.477000	155.729000	
1478217562.698719	-0.382000	-0.038000	1.020000	-0.031238	0.000674	0.277409	-11.856000	-17.412000	156.066000	
1478217562.719259	0.464000	-0.144000	1.279000	-0.108973	-0.033424	0.230205	-12.041000	-17.369000	156.363000	
1478217562.739693	-0.356000	1.027000	-0.034000	-0.143624	-0.059327	0.184311	-12.268000	-17.386000	156.611000	
1478217562.760348	-1.360000	2.208000	-1.356000	-0.160455	-0.005190	0.220456	-12.516000	-17.365000	156.856000	
1478217562.780797	-1.066000	1.870000	-0.830000	-0.107788	-0.026290	0.272791	-12.763000	-17.311000	157.159000	
1478217562.801351	-0.145000	0.036000	-0.123000	-0.097660	-0.103421	0.257172	-12.975000	-17.323000	157.498000	
1478217562.816670	0.185000	-0.816000	-0.296000	-0.163904	-0.118405	0.212874	-13.215000	-17.395000	157.797000	
1478217562.837054	0.773000	-0.452000	0.062000	-0.287688	-0.119610	0.196633	-13.574000	-17.468000	158.061000	
1478217562.857550	1.114000	0.035000	-0.036000	-0.357755	-0.147880	0.185260	-14.038000	-17.563000	158.322000	
1478217562.878110	1.257000	0.791000	-0.359000	-0.342247	-0.162169	0.185102	-14.518000	-17.693000	158.586000	
1478217562.898637	1.120000	1.256000	-0.248000	-0.294684	-0.154281	0.238854	-14.967000	-17.809000	158.887000	
1478217562.919197	1.439000	0.811000	0.265000	-0.202362	-0.133339	0.332851	-15.361000	-17.871000	159.278000	
1478217562.939608	1.851000	-0.292000	0.810000	-0.082819	-0.134919	0.388098	-15.656000	-17.896000	159.752000	
1478217562.960050	1.694000	-0.636000	0.381000	0.008015	-0.156830	0.378239	-15.835000	-17.953000	160.247000	
1478217562.980455	1.898000	0.224000	0.692000	0.054802	-0.176984	0.421317	-15.951000	-18.023000	160.767000	
1478217563.000855	1.924000	0.988000	-0.205000	0.112799	-0.145042	0.491801	-16.029000	-18.038000	161.350000	
1478217563.021253	0.906000	0.927000	-0.737000	0.207939	-0.122101	0.588560	-16.043000	-18.008000	162.034000	
1478217563.036549	0.662000	0.152000	-1.089000	0.317013	-0.063250	0.635004	-15.950000	-17.921000	162.781000	
1478217563.057108	1.600000	-0.607000	0.314000	0.390664	-0.122016	0.636013	-15.755000	-17.838000	163.545000	
1478217563.077634	0.952000	-0.705000	0.243000	0.397371	-0.141611	0.646458	-15.542000	-17.782000	164.335000	
1478217563.098029	0.734000	-0.710000	-0.309000	0.349625	-0.121335	0.662488	-15.364000	-17.715000	165.134000	
1478217563.118430	0.303000	-0.695000	-0.953000	0.294229	-0.105384	0.663841	-15.245000	-17.641000	165.938000	
1478217563.138843	0.702000	-0.935000	-0.431000	0.260812	-0.108623	0.632536	-15.172000	-17.564000	166.724000	
1478217563.159363	0.276000	-0.629000	-0.176000	0.224987	-0.119776	0.592512	-15.123000	-17.504000	167.464000	
1478217563.179952	0.962000	-0.664000	0.301000	0.155480	-0.126268	0.600178	-15.135000	-17.458000	168.200000	
1478217563.200380	0.994000	-0.955000	0.220000	0.081239	-0.132273	0.545341	-15.220000	-17.413000	168.902000	
1478217563.220952	0.396000	-0.517000	-1.091000	-0.000063	-0.128199	0.504967	-15.374000	-17.396000	169.543000	
1478217563.236380	0.479000	-0.197000	-2.033000	-0.074744	-0.122245	0.463515	-15.606000	-17.411000	170.139000	
1478217563.256851	0.572000	0.275000	-2.684000	-0.135713	-0.114175	0.410453	-15.890000	-17.436000	170.678000	
1478217563.277816	-0.318000	0.786000	-2.647000	-0.143258	-0.152582	0.367867	-16.190000	-17.495000	171.166000	
1478217563.298247	-0.506000	1.384000	-2.105000	-0.111411	-0.189744	0.360832	-16.479000	-17.585000	171.640000	
1478217563.318764	-1.004000	1.087000	-2.223000	-0.042366	-0.191475	0.374327	-16.709000	-17.687000	172.131000	
1478217563.339200	-0.161000	0.246000	-0.346000	0.075024	-0.227246	0.368350	-16.829000	-17.805000	172.630000	
1478217563.359600	0.001000	0.208000	0.583000	0.209809	-0.227607	0.422870	-16.826000	-17.920000	173.176000	
1478217563.379992	-0.005000	0.121000	1.639000	0.410469	-0.216823	0.438737	-16.622000	-18.020000	173.755000	
1478217563.400388	0.777000	0.190000	1.174000	0.501887	-0.197636	0.511063	-16.259000	-18.109000	174.376000	
1478217563.420973	0.469000	-0.434000	1.557000	0.527687	-0.214594	0.533662	-15.872000	-18.195000	175.060000	
1478217563.436436	0.233000	-1.332000	0.833000	0.462577	-0.150616	0.519027	-15.520000	-18.228000	175.733000	
1478217563.456976	0.077000	-1.269000	0.718000	0.371295	-0.121310	0.471729	-15.241000	-18.231000	176.343000	
1478217563.477464	-0.402000	-0.720000	0.287000	0.258307	-0.105225	0.458686	-15.077000	-18.237000	176.921000	
1478217563.497855	-0.577000	-0.858000	0.472000	0.170178	-0.086936	0.468569	-15.022000	-18.219000	177.495000	
1478217563.518367	-0.408000	-1.564000	0.701000	0.106686	-0.110103	0.440600	-15.045000	-18.194000	178.055000	
1478217563.538792	-0.486000	-1.486000	0.243000	0.018110	-0.143164	0.397059	-15.148000	-18.220000	178.575000	
1478217563.559178	-1.090000	-0.918000	-0.095000	-0.059028	-0.129594	0.390009	-15.345000	-18.251000	179.072000	
1478217563.579609	-0.796000	-0.287000	0.066000	-0.060158	-0.099266	0.428614	-15.579000	-18.249000	179.585000	
1478217563.600025	-1.038000	-0.371000	0.532000	0.015978	-0.140698	0.474966	-15.773000	-18.236000	-179.848000	
1478217563.620493	-0.634000	-0.451000	0.605000	0.130921	-0.169446	0.493087	-15.866000	-18.262000	-179.230000	
1478217563.640987	-0.588000	-0.422000	0.293000	0.207489	-0.159943	0.560139	-15.872000	-18.284000	-178.558000	
1478217563.656310	-0.261000	-0.739000	0.599000	0.302433	-0.138562	0.622376	-15.799000	-18.243000	-177.812000	
1478217563.676775	0.179000	-0.686000	0.701000	0.380049	-0.180284	0.642391	-15.645000	-18.211000	-177.020000	
1478217563.697278	-0.198000	-0.468000	0.041000	0.411636	-0.216719	0.673679	-15.441000	-18.229000	-176.191000	
1478217563.717781	-0.195000	-0.420000	-1.097000	0.399915	-0.150343	0.741269	-15.260000	-18.206000	-175.296000	
1478217563.738196	0.414000	-1.349000	-0.598000	0.381043	-0.160204	0.760383	-15.098000	-18.156000	-174.368000	
1478217563.758611	0.265000	-1.059000	-0.586000	0.397515	-0.201732	0.730597	-14.932000	-18.142000	-173.445000	
1478217563.779067	-0.335000	0.187000	-0.925000	0.424327	-0.233065	0.752674	-14.742000	-18.187000	-172.517000	
1478217563.799635	-0.290000	0.468000	-1.419000	0.444000	-0.253573	0.846231	-14.563000	-18.232000	-171.496000	
1478217563.820088	0.024000	-0.439000	-1.041000	0.520880	-0.242389	0.874766	-14.344000	-18.277000	-170.404000	
1478217563.840696	0.567000	-0.230000	0.285000	0.625016	-0.199113	0.884683	-14.011000	-18.270000	-169.314000	
1478217563.856093	0.700000	0.227000	1.480000	0.717720	-0.232667	0.951547	-13.589000	-18.257000	-168.168000	
1478217563.876518	0.839000	-0.231000	0.780000	0.733018	-0.318346	0.966667	-13.126000	-18.324000	-166.952000	
1478217563.897013	1.024000	-0.681000	-0.652000	0.614301	-0.271700	0.926067	-12.736000	-18.418000	-165.756000	
1478217563.917396	1.528000	-0.980000	-0.574000	0.411501	-0.196728	0.866844	-12.521000	-18.441000	-164.652000	
1478217563.937807	1.093000	-0.486000	-0.028000	0.237710	-0.170270	0.799144	-12.499000	-18.423000	-163.633000	
1478217563.958210	1.466000	-0.044000	0.920000	0.114412	-0.172529	0.732207	-12.613000	-18.417000	-162.698000	
1478217563.978648	2.204000	0.112000	1.766000	0.006738	-0.195132	0.658452	-12.825000	-18.446000	-161.842000	
1478217563.999191	1.191000	0.059000	0.516000	-0.145379	-0.170200	0.583942	-13.168000	-18.485000	-161.071000	
1478217564.019784	1.557000	0.268000	0.727000	-0.265877	-0.133913	0.507741	-13.634000	-18.507000	-160.401000	
1478217564.040354	0.898000	0.267000	0.202000	-0.375551	-0.100461	0.448382	-14.204000	-18.503000	-159.818000	
1478217564.060885	1.397000	0.357000	0.063000	-0.464005	-0.116951	0.370207	-14.856000	-18.516000	-159.316000	
1478217564.076311	1.267000	0.236000	-0.053000	-0.553853	-0.113105	0.315510	-15.586000	-18.544000	-158.895000	
1478217564.096810	1.535000	0.081000	0.174000	-0.592115	-0.065421	0.289311	-16.374000	-18.544000	-158.519000	
1478217564.117328	1.424000	0.003000	0.490000	-0.575516	-0.078155	0.258792	-17.152000	-18.527000	-158.179000	
1478217564.137735	1.318000	0.118000	1.183000	-0.548220	-0.120841	0.222284	-17.885000	-18.541000	-157.870000	
1478217564.158240	0.996000	0.316000	-0.050000	-0.539720	-0.124876	0.205593	-18.595000	-18.590000	-157.578000	
1478217564.178644	1.034000	0.345000	-0.463000	-0.544123	-0.091508	0.215030	-19.310000	-18.625000	-157.292000	
1478217564.199039	1.197000	0.241000	-0.281000	-0.502666	-0.073086	0.212968	-19.996000	-18.618000	-157.013000	
1478217564.219430	1.300000	0.556000	0.312000	-0.406656	-0.099777	0.195138	-20.595000	-18.627000	-156.746000	
1478217564.239858	0.556000	0.723000	-0.378000	-0.321928	-0.095115	0.219489	-21.089000	-18.650000	-156.467000	
1478217564.260291	1.179000	0.396000	0.364000	-0.234948	-0.130510	0.227841	-21.486000	-18.675000	-156.166000	
1478217564.280713	0.792000	0.382000	-0.563000	-0.194477	-0.098656	0.223386	-21.829000	-18.687000	-155.862000	
1478217564.301223	0.912000	0.335000	-0.697000	-0.161875	-0.086752	0.233072	-22.120000	-18.686000	-155.566000	
1478217564.321769	1.131000	0.142000	-0.155000	-0.098155	-0.059954	0.224956	-22.353000	-18.657000	-155.277000	
1478217564.337126	0.834000	0.521000	-0.214000	-0.042361	-0.071637	0.221920	-22.513000	-18.631000	-155.000000	
1478217564.357549	0.427000	0.229000	-0.150000	0.014591	-0.076149	0.230901	-22.612000	-18.614000	-154.710000	
1478217564.377972	0.330000	-0.059000	-0.212000	0.045511	-0.047853	0.228387	-22.667000	-18.567000	-154.424000	
1478217564.398335	0.503000	-0.133000	-0.007000	0.060444	-0.052390	0.203507	-22.685000	-18.523000	-154.165000	
1478217564.418833	0.070000	-0.216000	-0.189000	0.060808	-0.048760	0.186212	-22.682000	-18.495000	-153.931000	
1478217564.439312	0.477000	-0.345000	0.108000	0.047063	-0.027728	0.170548	-22.687000	-18.453000	-153.720000	
1478217564.459835	0.460000	-0.303000	0.199000	0.033657	-0.022785	0.142390	-22.702000	-18.401000	-153.541000	
1478217564.480619	0.195000	-0.099000	-0.142000	0.026774	-0.006958	0.123941	-22.724000	-18.355000	-153.386000	
1478217564.501068	0.494000	0.026000	0.014000	0.021809	0.005644	0.093890	-22.732000	-18.303000	-153.271000	
1478217564.521483	0.378000	0.258000	-0.120000	0.026519	0.001199	0.075482	-22.728000	-18.265000	-153.183000	
1478217564.541877	0.022000	0.411000	-0.296000	0.048909	0.028355	0.074018	-22.709000	-18.211000	-153.108000	
1478217564.557229	-0.116000	0.522000	-0.291000	0.090758	0.048249	0.073283	-22.644000	-18.133000	-153.046000	
1478217564.577679	0.310000	0.631000	-0.012000	0.168885	0.009741	0.051248	-22.503000	-18.076000	-152.990000	
1478217564.598129	-0.189000	1.090000	-0.681000	0.253780	0.000990	0.040076	-22.261000	-18.064000	-152.944000	
1478217564.618608	-0.343000	1.356000	-0.886000	0.325396	0.028377	0.065698	-21.941000	-18.017000	-152.892000	
1478217564.639097	0.358000	0.916000	-0.220000	0.415511	0.013612	0.067718	-21.530000	-17.956000	-152.821000	
1478217564.659557	0.292000	0.781000	-0.133000	0.489841	0.014004	0.051011	-21.023000	-17.910000	-152.762000	
1478217564.680080	0.589000	0.880000	0.224000	0.541993	0.006899	0.041090	-20.437000	-17.886000	-152.715000	
1478217564.700647	0.523000	0.709000	0.265000	0.571689	0.046110	0.044587	-19.798000	-17.840000	-152.677000	
1478217564.721092	0.311000	0.222000	0.748000	0.557921	0.058878	0.036859	-19.152000	-17.766000	-152.651000	
1478217564.741492	-0.262000	-0.530000	0.741000	0.486802	0.040238	0.002801	-18.563000	-17.705000	-152.647000	
1478217564.762042	-0.242000	-1.097000	0.602000	0.363010	0.045962	-0.074987	-18.070000	-17.671000	-152.715000	
1478217564.777440	-0.408000	-1.288000	0.405000	0.181622	0.044047	-0.142976	-17.734000	-17.670000	-152.866000	
1478217564.797969	-0.361000	-1.154000	0.571000	0.005074	0.071626	-0.201998	-17.583000	-17.661000	-153.096000	
1478217564.818335	-0.153000	-0.940000	0.855000	-0.145810	0.076389	-0.244316	-17.602000	-17.659000	-153.385000	
1478217564.838758	-0.303000	-0.859000	0.776000	-0.269187	0.084519	-0.276593	-17.758000	-17.665000	-153.719000	
1478217564.859166	-0.268000	-0.844000	0.728000	-0.366755	0.088463	-0.315657	-18.025000	-17.678000	-154.096000	
1478217564.879569	-0.268000	-0.373000	0.734000	-0.447192	0.095710	-0.332390	-18.378000	-17.692000	-154.507000	
1478217564.900033	-0.292000	-0.065000	0.691000	-0.459816	0.104542	-0.338745	-18.768000	-17.711000	-154.931000	
1478217564.920555	0.072000	0.107000	0.671000	-0.432435	0.098879	-0.321324	-19.149000	-17.723000	-155.344000	
1478217564.941075	-0.511000	0.296000	0.249000	-0.373151	0.110911	-0.284049	-19.489000	-17.722000	-155.723000	
1478217564.961547	-0.566000	0.440000	0.098000	-0.297356	0.123494	-0.257367	-19.753000	-17.698000	-156.075000	
1478217564.976933	-0.799000	0.788000	-0.024000	-0.205322	0.108862	-0.231094	-19.928000	-17.675000	-156.395000	
1478217564.999132	-0.481000	1.038000	-0.370000	-0.119724	0.096814	-0.202164	-20.010000	-17.667000	-156.677000	
1478217565.019605	-0.084000	0.569000	0.154000	-0.061331	0.097593	-0.172170	-20.021000	-17.637000	-156.927000	
1478217565.040121	-0.056000	0.355000	0.318000	-0.030285	0.097801	-0.139737	-20.008000	-17.577000	-157.141000	
1478217565.060592	-0.280000	0.056000	-0.049000	-0.004679	0.103804	-0.135227	-19.966000	-17.526000	-157.336000	
1478217565.081030	-0.149000	-0.024000	0.236000	0.024062	0.089070	-0.141833	-19.884000	-17.487000	-157.534000	
1478217565.101513	-0.094000	-0.086000	0.258000	0.029507	0.076696	-0.121599	-19.788000	-17.452000	-157.717000	
1478217565.116868	-0.051000	-0.035000	-0.022000	0.036214	0.074860	-0.104579	-19.709000	-17.420000	-157.868000	
1478217565.137393	-0.202000	0.161000	0.002000	0.062759	0.087586	-0.093440	-19.610000	-17.372000	-158.013000	
1478217565.160906	0.075000	0.469000	0.414000	0.128793	0.067849	-0.049015	-19.465000	-17.310000	-158.121000	
