1478218108.364092	0.034000	0.968000	0.366000	-0.490423	0.102544	-0.484957	-10.411000	-17.540000	164.852000	
1478218108.384714	0.070000	0.908000	-0.376000	-0.546274	0.105803	-0.497394	-10.827000	-17.536000	164.243000	
1478218108.405222	0.589000	0.456000	-0.505000	-0.602181	0.144034	-0.468800	-11.319000	-17.496000	163.645000	
1478218108.422408	-0.101000	-0.185000	-0.390000	-0.574940	0.161582	-0.490035	-11.818000	-17.437000	163.046000	
1478218108.442958	0.312000	-0.131000	0.463000	-0.534469	0.146309	-0.449406	-12.272000	-17.368000	162.452000	
1478218108.463462	-0.074000	-0.517000	0.511000	-0.393772	0.135296	-0.444032	-12.620000	-17.330000	161.899000	
1478218108.483985	-0.021000	-0.663000	0.116000	-0.328089	0.120378	-0.394265	-12.863000	-17.293000	161.380000	
1478218108.504406	-0.092000	-0.931000	-0.226000	-0.327259	0.128104	-0.375110	-13.088000	-17.249000	160.899000	
1478218108.524815	0.271000	-0.998000	-0.172000	-0.370500	0.122390	-0.354360	-13.363000	-17.202000	160.448000	
1478218108.545256	0.331000	-0.878000	-0.337000	-0.360736	0.101403	-0.344099	-13.650000	-17.169000	160.007000	
1478218108.560584	0.021000	-0.689000	-0.808000	-0.328193	0.092481	-0.307846	-13.925000	-17.156000	159.603000	
1478218108.580984	0.469000	-0.657000	-0.600000	-0.255667	0.098416	-0.254395	-14.150000	-17.122000	159.258000	
1478218108.601373	0.200000	-0.329000	-0.604000	-0.148487	0.087440	-0.228970	-14.277000	-17.088000	158.952000	
1478218108.621825	0.280000	-0.223000	-0.372000	-0.054570	0.069327	-0.154295	-14.309000	-17.057000	158.714000	
1478218108.642220	0.129000	-0.371000	-0.227000	0.052248	0.069676	-0.053513	-14.259000	-17.007000	158.588000	
1478218108.662650	0.160000	-0.415000	0.276000	0.194611	0.062855	0.011078	-14.092000	-16.933000	158.556000	
1478218108.683035	-0.122000	-0.318000	0.282000	0.341846	0.024782	0.029290	-13.765000	-16.886000	158.575000	
1478218108.703424	0.085000	-0.052000	-0.156000	0.430696	-0.000306	0.053559	-13.312000	-16.863000	158.622000	
1478218108.723832	0.231000	0.555000	-0.525000	0.488026	-0.010121	0.105554	-12.807000	-16.852000	158.722000	
1478218108.744478	0.228000	0.963000	-0.667000	0.598079	0.029211	0.158984	-12.220000	-16.801000	158.878000	
1478218108.764932	1.045000	0.801000	-0.174000	0.701985	-0.020640	0.187524	-11.519000	-16.748000	159.083000	
1478218108.785383	0.306000	0.745000	-0.560000	0.770440	-0.015676	0.227184	-10.737000	-16.730000	159.341000	
1478218108.801014	0.854000	0.338000	-0.104000	0.795312	0.017647	0.263821	-9.917000	-16.660000	159.635000	
1478218108.821443	0.620000	-0.211000	0.198000	0.779087	-0.005185	0.263418	-9.102000	-16.607000	159.948000	
1478218108.841854	0.300000	-0.903000	0.283000	0.698560	-0.009751	0.246134	-8.344000	-16.572000	160.250000	
1478218108.862270	-0.096000	-1.416000	-0.060000	0.548422	-0.013290	0.173686	-7.715000	-16.550000	160.496000	
1478218108.882686	-0.306000	-1.464000	-0.160000	0.330018	-0.032089	0.117052	-7.282000	-16.557000	160.654000	
1478218108.903063	-0.551000	-1.806000	-0.324000	0.131634	-0.016898	0.050447	-7.081000	-16.576000	160.755000	
1478218108.923472	-0.358000	-1.948000	0.125000	-0.071014	-0.006098	-0.038051	-7.073000	-16.586000	160.749000	
1478218108.943890	-0.310000	-1.741000	0.593000	-0.261364	-0.000315	-0.097782	-7.266000	-16.602000	160.657000	
1478218108.964286	-0.382000	-1.592000	0.903000	-0.428713	-0.010430	-0.144446	-7.645000	-16.628000	160.507000	
1478218108.984743	-0.426000	-1.315000	0.919000	-0.537332	-0.008456	-0.176646	-8.162000	-16.665000	160.312000	
1478218109.000190	-0.366000	-0.875000	0.714000	-0.602339	-0.023179	-0.199539	-8.762000	-16.717000	160.087000	
1478218109.025661	-0.262000	-0.822000	0.281000	-0.663014	-0.014355	-0.213822	-9.424000	-16.775000	159.844000	
1478218109.046076	-0.211000	-0.518000	0.145000	-0.698060	0.007583	-0.222522	-10.134000	-16.819000	159.581000	
1478218109.061373	0.068000	-0.156000	0.126000	-0.700718	-0.011614	-0.219553	-10.867000	-16.868000	159.324000	
1478218109.081762	-0.074000	0.331000	-0.141000	-0.662385	-0.012989	-0.227756	-11.570000	-16.938000	159.062000	
1478218109.102096	0.041000	0.933000	-0.081000	-0.598910	0.008659	-0.204034	-12.211000	-16.987000	158.809000	
1478218109.122538	0.259000	1.301000	0.174000	-0.508112	-0.003726	-0.153707	-12.776000	-17.025000	158.603000	
1478218109.142933	-0.119000	1.202000	0.008000	-0.363034	-0.017034	-0.109130	-13.219000	-17.075000	158.465000	
1478218109.163324	-0.131000	1.186000	0.284000	-0.224281	0.010126	-0.041036	-13.510000	-17.093000	158.383000	
1478218109.183736	-0.016000	1.044000	0.599000	-0.069570	-0.010734	0.014134	-13.658000	-17.094000	158.378000	
1478218109.204133	-0.214000	1.047000	0.605000	0.095641	-0.014401	0.051333	-13.630000	-17.102000	158.423000	
1478218109.224563	-0.140000	0.987000	0.626000	0.228324	0.004687	0.108647	-13.452000	-17.081000	158.525000	
1478218109.245047	-0.169000	0.728000	0.643000	0.325480	0.003762	0.145182	-13.161000	-17.039000	158.678000	
1478218109.265466	-0.340000	0.425000	0.334000	0.368590	-0.012868	0.165172	-12.807000	-17.007000	158.865000	
1478218109.285875	-0.509000	0.141000	-0.029000	0.374725	-0.007446	0.169238	-12.439000	-16.976000	159.066000	
1478218109.301221	-0.293000	-0.145000	-0.019000	0.352900	-0.002622	0.153093	-12.075000	-16.941000	159.252000	
1478218109.321750	-0.191000	-0.220000	0.133000	0.294384	-0.011497	0.148976	-11.762000	-16.915000	159.429000	
1478218109.342182	-0.195000	-0.571000	0.074000	0.251660	-0.004534	0.101682	-11.494000	-16.895000	159.573000	
1478218109.362603	0.020000	-0.607000	0.166000	0.165022	-0.006574	0.052129	-11.286000	-16.883000	159.653000	
1478218109.383027	-0.114000	-0.367000	0.008000	0.071906	-0.011218	0.026296	-11.177000	-16.888000	159.696000	
1478218109.403451	-0.065000	-0.268000	-0.029000	-0.006938	0.001635	0.011261	-11.159000	-16.887000	159.717000	
1478218109.423875	-0.019000	-0.324000	0.201000	-0.063916	0.003160	-0.016086	-11.206000	-16.884000	159.709000	
1478218109.444258	-0.059000	-0.190000	0.222000	-0.107024	-0.005575	-0.040935	-11.301000	-16.895000	159.672000	
1478218109.464644	-0.111000	-0.079000	0.299000	-0.140738	-0.000664	-0.055923	-11.431000	-16.910000	159.612000	
1478218109.485067	-0.117000	0.036000	0.319000	-0.170872	0.001687	-0.063417	-11.594000	-16.922000	159.540000	
1478218109.505533	-0.162000	0.120000	0.233000	-0.190521	-0.005079	-0.068937	-11.783000	-16.941000	159.463000	
1478218109.521997	-0.218000	0.167000	0.294000	-0.190963	0.004052	-0.071411	-11.979000	-16.957000	159.380000	
1478218109.542436	-0.019000	0.140000	0.389000	-0.177915	0.005027	-0.070364	-12.165000	-16.966000	159.295000	
1478218109.562840	-0.077000	0.250000	0.318000	-0.155506	-0.008368	-0.068408	-12.329000	-16.987000	159.214000	
1478218109.583363	-0.235000	0.263000	0.103000	-0.140994	0.004386	-0.054760	-12.477000	-17.004000	159.144000	
1478218109.603863	-0.079000	0.223000	0.152000	-0.129506	0.011312	-0.045159	-12.613000	-17.004000	159.084000	
1478218109.624374	-0.083000	0.170000	0.195000	-0.100568	0.000250	-0.037844	-12.727000	-17.009000	159.037000	
1478218109.644788	-0.097000	0.200000	0.085000	-0.060701	-0.002836	-0.028900	-12.803000	-17.019000	158.998000	
1478218109.665228	-0.062000	0.177000	0.054000	-0.016827	0.004158	-0.016205	-12.836000	-17.022000	158.975000	
1478218109.685589	-0.009000	0.190000	0.128000	0.012468	0.005198	-0.003106	-12.830000	-17.019000	158.964000	
1478218109.700895	-0.080000	0.249000	0.155000	0.032388	0.001477	0.009018	-12.804000	-17.015000	158.969000	
1478218109.721447	-0.057000	0.190000	0.200000	0.059214	-0.001180	0.019894	-12.755000	-17.010000	158.987000	
1478218109.741890	-0.093000	0.109000	0.192000	0.076543	-0.003841	0.027968	-12.683000	-17.006000	159.017000	
1478218109.762321	-0.105000	0.075000	0.174000	0.086014	-0.004440	0.034591	-12.600000	-17.003000	159.055000	
1478218109.782733	-0.055000	-0.068000	0.143000	0.083914	-0.000205	0.031381	-12.514000	-16.997000	159.094000	
1478218109.803138	-0.068000	-0.045000	0.179000	0.078350	-0.000077	0.024167	-12.432000	-16.992000	159.125000	
1478218109.823528	-0.112000	-0.017000	0.186000	0.074468	-0.002333	0.023427	-12.354000	-16.989000	159.153000	
1478218109.843959	-0.114000	0.016000	0.235000	0.069866	0.001434	0.025176	-12.281000	-16.983000	159.183000	
1478218109.864364	-0.100000	-0.052000	0.292000	0.063497	-0.003079	0.024351	-12.213000	-16.978000	159.213000	
1478218109.884772	-0.099000	-0.031000	0.195000	0.050092	-0.005235	0.016584	-12.159000	-16.980000	159.238000	
1478218109.905202	-0.052000	-0.016000	0.125000	0.036516	-0.003722	0.009107	-12.117000	-16.982000	159.254000	
1478218109.925571	-0.021000	0.013000	0.097000	0.021049	-0.001094	0.003145	-12.087000	-16.982000	159.260000	
1478218109.940909	-0.048000	0.009000	0.102000	0.005215	-0.000214	0.000470	-12.075000	-16.983000	159.262000	
1478218109.961359	-0.089000	-0.050000	0.127000	-0.010670	0.002355	-0.001841	-12.080000	-16.982000	159.262000	
1478218109.981751	-0.073000	-0.079000	0.225000	-0.020970	0.002035	-0.011053	-12.098000	-16.981000	159.253000	
1478218110.002161	-0.058000	-0.055000	0.219000	-0.032178	-0.002950	-0.017653	-12.125000	-16.986000	159.235000	
1478218110.022690	-0.096000	0.006000	0.184000	-0.036247	-0.003832	-0.018708	-12.159000	-16.995000	159.213000	
1478218110.043103	-0.072000	0.031000	0.205000	-0.037490	0.004909	-0.015718	-12.196000	-16.998000	159.193000	
1478218110.063534	-0.002000	0.018000	0.318000	-0.040358	0.002618	-0.016103	-12.236000	-16.997000	159.173000	
1478218110.083924	-0.068000	0.098000	0.196000	-0.041734	-0.003813	-0.019887	-12.278000	-17.006000	159.152000	
1478218110.104411	-0.173000	0.162000	0.095000	-0.037186	0.002263	-0.013775	-12.318000	-17.014000	159.132000	
1478218110.124937	-0.057000	0.105000	0.220000	-0.023462	0.004525	-0.003685	-12.348000	-17.010000	159.122000	
1478218110.145336	-0.006000	0.039000	0.255000	-0.003990	-0.003581	0.003002	-12.362000	-17.010000	159.124000	
1478218110.165718	-0.084000	-0.003000	0.130000	0.016088	-0.002055	0.004662	-12.353000	-17.014000	159.131000	
1478218110.181054	-0.043000	-0.032000	0.068000	0.025195	0.001817	0.006918	-12.330000	-17.012000	159.137000	
1478218110.201487	-0.017000	0.009000	0.160000	0.024683	0.002531	0.009804	-12.305000	-17.008000	159.147000	
1478218110.221933	-0.033000	-0.013000	0.162000	0.016164	-0.000537	0.011081	-12.286000	-17.006000	159.160000	
1478218110.242361	-0.085000	0.011000	0.120000	0.004278	0.001667	0.007289	-12.280000	-17.005000	159.169000	
1478218110.262780	-0.120000	0.045000	0.152000	-0.000735	0.000322	0.001362	-12.281000	-17.004000	159.172000	
1478218110.283169	-0.039000	0.037000	0.179000	-0.006267	-0.000243	0.002433	-12.287000	-17.005000	159.176000	
1478218110.303566	0.012000	-0.067000	0.158000	-0.013373	-0.005108	0.008161	-12.302000	-17.008000	159.184000	
1478218110.323964	0.006000	-0.115000	0.116000	-0.012194	-0.003410	0.004541	-12.321000	-17.014000	159.192000	
1478218110.344367	-0.045000	-0.139000	0.082000	-0.012730	-0.000348	0.001309	-12.335000	-17.015000	159.196000	
1478218110.364809	-0.027000	-0.165000	0.109000	-0.018086	-0.003786	0.003285	-12.352000	-17.018000	159.198000	
1478218110.385237	-0.120000	-0.143000	0.092000	-0.026726	0.000358	0.005474	-12.379000	-17.019000	159.204000	
1478218110.405697	-0.079000	-0.104000	0.251000	-0.031649	0.001749	-0.000144	-12.412000	-17.019000	159.206000	
1478218110.421055	-0.125000	-0.081000	0.239000	-0.045101	-0.001074	-0.007202	-12.454000	-17.021000	159.199000	
1478218110.446511	-0.251000	0.082000	0.251000	-0.058984	0.002323	-0.009204	-12.513000	-17.026000	159.188000	
1478218110.461870	-0.210000	0.160000	0.302000	-0.062852	0.000940	-0.009564	-12.581000	-17.029000	159.176000	
1478218110.482284	-0.228000	0.220000	0.328000	-0.052502	0.003735	-0.008482	-12.644000	-17.032000	159.165000	
1478218110.502684	-0.155000	0.290000	0.413000	-0.032213	0.002539	-0.004493	-12.691000	-17.031000	159.158000	
1478218110.523077	-0.168000	0.372000	0.299000	-0.001173	-0.000585	0.006315	-12.708000	-17.033000	159.161000	
1478218110.543485	-0.112000	0.367000	0.243000	0.026927	0.003882	0.022907	-12.696000	-17.028000	159.179000	
1478218110.563895	-0.077000	0.292000	0.216000	0.056475	0.006782	0.033693	-12.656000	-17.016000	159.214000	
1478218110.584338	-0.075000	0.280000	0.170000	0.091778	0.003032	0.040214	-12.581000	-17.003000	159.258000	
1478218110.604777	-0.068000	0.195000	0.104000	0.123117	0.005395	0.048077	-12.470000	-16.989000	159.311000	
1478218110.625281	-0.073000	0.153000	0.124000	0.143292	0.006107	0.056723	-12.334000	-16.970000	159.374000	
1478218110.640567	-0.025000	0.110000	0.103000	0.153093	0.001516	0.063172	-12.186000	-16.951000	159.446000	
1478218110.660984	-0.052000	0.041000	0.076000	0.153145	-0.000665	0.059149	-12.034000	-16.939000	159.518000	
1478218110.681407	-0.011000	0.020000	0.056000	0.144998	0.001084	0.054167	-11.882000	-16.926000	159.584000	
1478218110.701824	-0.020000	-0.108000	0.087000	0.113654	0.000629	0.044680	-11.756000	-16.915000	159.641000	
1478218110.722245	-0.012000	-0.168000	0.132000	0.073932	0.000600	0.033496	-11.668000	-16.907000	159.686000	
1478218110.742671	-0.032000	-0.185000	0.147000	0.041546	-0.000967	0.013296	-11.615000	-16.904000	159.711000	
1478218110.763056	-0.108000	-0.123000	0.163000	0.009788	0.004153	0.001088	-11.592000	-16.903000	159.716000	
1478218110.784925	-0.056000	-0.084000	0.235000	-0.017174	0.003236	-0.002591	-11.598000	-16.903000	159.712000	
1478218110.805280	-0.039000	-0.121000	0.267000	-0.038392	-0.006804	-0.010167	-11.631000	-16.909000	159.703000	
1478218110.822383	-0.051000	-0.142000	0.151000	-0.052381	-0.004498	-0.020647	-11.678000	-16.922000	159.684000	
1478218110.842798	-0.071000	-0.016000	0.057000	-0.058535	-0.000455	-0.024420	-11.734000	-16.931000	159.656000	
1478218110.863170	-0.077000	0.115000	0.137000	-0.053199	0.004852	-0.018973	-11.790000	-16.933000	159.629000	
1478218110.883561	-0.050000	0.074000	0.236000	-0.042222	0.003850	-0.008939	-11.840000	-16.933000	159.614000	
1478218110.903982	-0.011000	0.053000	0.228000	-0.028597	-0.004992	-0.004257	-11.878000	-16.939000	159.607000	
1478218110.924360	-0.088000	0.080000	0.116000	-0.015972	-0.005376	-0.004284	-11.902000	-16.948000	159.605000	
1478218110.944765	-0.058000	0.106000	0.093000	-0.008134	0.000189	-0.002818	-11.914000	-16.953000	159.601000	
1478218110.965199	-0.064000	0.143000	0.161000	-0.005513	0.003155	0.003571	-11.923000	-16.952000	159.603000	
1478218110.980539	-0.036000	0.055000	0.235000	-0.004503	0.002579	0.007898	-11.932000	-16.949000	159.610000	
1478218111.001919	-0.096000	-0.015000	0.271000	-0.008193	-0.000810	0.003014	-11.944000	-16.950000	159.616000	
1478218111.022377	-0.160000	-0.029000	0.261000	-0.014544	0.000276	-0.001360	-11.958000	-16.954000	159.615000	
1478218111.042819	-0.107000	-0.028000	0.324000	-0.022866	-0.001432	-0.005832	-11.982000	-16.957000	159.609000	
1478218111.063242	-0.116000	0.033000	0.173000	-0.024987	-0.006465	-0.006404	-12.011000	-16.966000	159.603000	
1478218111.083665	-0.099000	0.056000	0.064000	-0.023880	-0.000299	-0.004985	-12.039000	-16.973000	159.598000	
1478218111.104130	-0.023000	0.095000	0.089000	-0.021087	-0.000957	-0.004140	-12.064000	-16.976000	159.593000	
1478218111.124541	-0.034000	0.116000	0.091000	-0.012058	-0.002260	-0.000120	-12.085000	-16.981000	159.592000	
1478218111.144959	-0.045000	0.132000	0.082000	-0.000798	-0.000694	0.004316	-12.094000	-16.983000	159.596000	
1478218111.165356	-0.057000	0.092000	0.190000	0.014633	0.003882	0.011028	-12.090000	-16.979000	159.607000	
1478218111.185763	-0.074000	0.036000	0.230000	0.023041	0.001156	0.013681	-12.073000	-16.976000	159.622000	
1478218111.201087	-0.073000	0.009000	0.265000	0.024614	-0.002795	0.012813	-12.053000	-16.977000	159.638000	
1478218111.221477	-0.070000	0.001000	0.222000	0.023175	-0.003694	0.009743	-12.031000	-16.979000	159.652000	
1478218111.241858	-0.061000	-0.028000	0.209000	0.012630	-0.001355	0.011180	-12.016000	-16.981000	159.664000	
1478218111.262252	-0.057000	-0.009000	0.176000	0.003424	-0.001476	0.009038	-12.014000	-16.983000	159.675000	
1478218111.282670	-0.043000	-0.003000	0.159000	-0.003335	-0.005167	0.003705	-12.020000	-16.988000	159.682000	
1478218111.303038	0.001000	0.016000	0.047000	-0.002253	-0.003716	-0.001012	-12.025000	-16.995000	159.685000	
1478218111.323495	-0.039000	0.100000	0.001000	-0.004085	0.001308	-0.000801	-12.031000	-16.998000	159.683000	
1478218111.343971	-0.053000	0.099000	0.091000	-0.008469	0.003643	-0.000446	-12.042000	-16.997000	159.684000	
1478218111.362524	-0.080000	0.044000	0.238000	-0.013624	0.003100	-0.000721	-12.056000	-16.993000	159.683000	
1478218111.383084	-0.058000	0.017000	0.351000	-0.026726	0.002107	-0.006584	-12.078000	-16.993000	159.677000	
1478218111.403749	-0.046000	0.004000	0.409000	-0.063727	-0.009248	-0.008925	-12.129000	-17.003000	159.665000	
1478218111.424520	-0.046000	0.341000	0.273000	-0.107676	-0.016852	0.017092	-12.244000	-17.020000	159.677000	
1478218111.444942	-0.163000	0.540000	0.161000	-0.113637	-0.009840	0.051517	-12.397000	-17.027000	159.732000	
1478218111.465329	0.023000	0.211000	0.307000	-0.069497	-0.021780	0.050333	-12.518000	-17.030000	159.796000	
1478218111.485742	0.133000	0.530000	0.242000	-0.021504	-0.026303	0.064387	-12.594000	-17.042000	159.874000	
1478218111.506155	0.093000	0.377000	0.024000	0.003376	-0.022503	0.086708	-12.630000	-17.054000	159.974000	
1478218111.521492	0.034000	0.608000	0.076000	0.019274	-0.016989	0.124134	-12.654000	-17.049000	160.108000	
1478218111.541888	0.031000	0.379000	0.348000	0.039475	-0.029586	0.154212	-12.670000	-17.040000	160.283000	
1478218111.562322	0.023000	0.317000	0.309000	0.067278	-0.039578	0.164048	-12.663000	-17.040000	160.480000	
1478218111.582721	0.077000	0.653000	0.289000	0.110783	-0.048295	0.171521	-12.618000	-17.046000	160.688000	
1478218111.603126	-0.144000	0.877000	-0.014000	0.142476	-0.025258	0.199344	-12.538000	-17.039000	160.918000	
1478218111.623579	0.215000	0.756000	0.631000	0.145454	-0.016119	0.233070	-12.455000	-17.006000	161.184000	
1478218111.643976	-0.179000	0.476000	0.338000	0.141130	-0.027174	0.250416	-12.381000	-16.975000	161.481000	
1478218111.664407	0.159000	0.605000	0.383000	0.130231	-0.038444	0.240420	-12.310000	-16.967000	161.777000	
1478218111.684997	0.214000	0.307000	0.625000	0.110838	-0.019127	0.239715	-12.253000	-16.944000	162.064000	
1478218111.705387	0.005000	0.379000	0.293000	0.069882	-0.004317	0.238560	-12.237000	-16.898000	162.345000	
1478218111.725797	0.086000	0.163000	0.337000	0.023558	-0.038176	0.221932	-12.269000	-16.876000	162.620000	
1478218111.746201	0.354000	-0.135000	0.207000	-0.040297	-0.074468	0.218754	-12.368000	-16.881000	162.892000	
1478218111.761870	0.019000	-0.461000	-0.638000	-0.126993	-0.053645	0.193448	-12.553000	-16.887000	163.148000	
1478218111.782282	0.182000	-0.261000	-0.479000	-0.203000	-0.023348	0.153781	-12.808000	-16.880000	163.351000	
1478218111.802692	0.550000	0.125000	-0.119000	-0.276710	-0.054763	0.152600	-13.146000	-16.885000	163.538000	
1478218111.823121	0.449000	0.133000	0.210000	-0.286868	-0.081719	0.157197	-13.534000	-16.923000	163.741000	
1478218111.843531	0.364000	0.133000	-0.357000	-0.305305	-0.080523	0.171598	-13.942000	-16.970000	163.957000	
1478218111.863969	0.509000	0.299000	0.233000	-0.250560	-0.109146	0.200232	-14.329000	-17.032000	164.205000	
1478218111.884393	0.253000	0.610000	-0.139000	-0.162937	-0.104712	0.242078	-14.643000	-17.085000	164.503000	
1478218111.904787	0.248000	0.463000	0.186000	-0.055378	-0.095928	0.293851	-14.852000	-17.105000	164.850000	
1478218111.925229	0.209000	0.479000	0.505000	0.070958	-0.115155	0.343589	-14.953000	-17.116000	165.264000	
1478218111.945660	1.158000	0.401000	0.022000	0.200182	-0.065374	0.363993	-14.914000	-17.110000	165.710000	
1478218111.966080	0.218000	0.367000	0.543000	0.304893	-0.142006	0.406961	-14.753000	-17.144000	166.203000	
1478218111.981455	0.513000	0.230000	-0.102000	0.353084	-0.077985	0.436412	-14.530000	-17.136000	166.735000	
1478218112.001901	1.063000	-0.297000	0.449000	0.306973	-0.062433	0.423850	-14.304000	-17.096000	167.258000	
1478218112.022436	1.277000	-0.563000	0.819000	0.234960	-0.068896	0.378552	-14.141000	-17.070000	167.742000	
1478218112.042845	0.601000	-0.289000	0.544000	0.100108	-0.072762	0.342249	-14.094000	-17.079000	168.180000	
1478218112.063264	0.267000	-0.478000	0.372000	-0.047533	-0.064738	0.304169	-14.193000	-17.082000	168.568000	
1478218112.083703	0.620000	-0.855000	0.452000	-0.172824	-0.053896	0.252604	-14.434000	-17.069000	168.900000	
1478218112.104108	0.930000	-0.599000	0.185000	-0.284529	-0.064647	0.190953	-14.795000	-17.089000	169.168000	
1478218112.124539	0.745000	-0.491000	0.274000	-0.401387	-0.051979	0.124046	-15.258000	-17.128000	169.360000	
1478218112.144963	1.268000	-0.265000	0.328000	-0.552400	-0.021224	0.069782	-15.857000	-17.140000	169.475000	
1478218112.165379	1.268000	-0.263000	0.667000	-0.682140	-0.055546	-0.006234	-16.591000	-17.175000	169.516000	
1478218112.185832	0.929000	0.324000	-0.147000	-0.778555	-0.066256	-0.048406	-17.446000	-17.264000	169.499000	
1478218112.201130	0.339000	0.411000	-0.543000	-0.787092	-0.015028	-0.080707	-18.327000	-17.322000	169.431000	
1478218112.221532	0.714000	1.043000	0.283000	-0.717735	-0.025537	-0.064312	-19.166000	-17.369000	169.355000	
1478218112.241971	0.739000	0.732000	0.626000	-0.611206	-0.081538	-0.043385	-19.908000	-17.442000	169.320000	
1478218112.262365	1.393000	0.539000	0.854000	-0.539431	-0.083296	-0.005187	-20.553000	-17.521000	169.317000	
1478218112.282775	1.605000	0.452000	0.819000	-0.408419	-0.080196	-0.032417	-21.084000	-17.578000	169.330000	
1478218112.303217	1.182000	0.918000	0.536000	-0.367444	-0.037863	-0.007103	-21.534000	-17.623000	169.334000	
1478218112.323583	0.882000	0.696000	0.428000	-0.311148	-0.031387	0.041801	-21.928000	-17.638000	169.376000	
1478218112.343991	0.841000	0.759000	-0.338000	-0.192018	0.004779	0.041868	-22.218000	-17.627000	169.429000	
1478218112.364423	0.433000	0.868000	-0.507000	-0.086601	-0.022781	0.049115	-22.380000	-17.645000	169.497000	
1478218112.384897	0.510000	0.837000	-0.461000	0.010519	-0.011272	0.073442	-22.434000	-17.639000	169.579000	
1478218112.405334	0.329000	0.624000	-0.697000	0.081220	0.013251	0.111986	-22.403000	-17.583000	169.685000	
1478218112.425789	1.040000	0.793000	0.099000	0.184803	-0.015743	0.138042	-22.274000	-17.513000	169.823000	
1478218112.441122	0.999000	0.485000	-0.290000	0.304466	-0.009980	0.130531	-22.024000	-17.463000	169.979000	
1478218112.461586	0.762000	0.684000	-0.731000	0.392338	0.006342	0.135733	-21.654000	-17.412000	170.128000	
1478218112.481981	0.859000	1.040000	-0.339000	0.492434	0.039704	0.164848	-21.196000	-17.329000	170.296000	
1478218112.502407	1.053000	0.979000	0.507000	0.607742	0.042385	0.205187	-20.605000	-17.196000	170.487000	
1478218112.522807	0.936000	0.683000	0.215000	0.720066	0.022727	0.222062	-19.906000	-17.085000	170.726000	
1478218112.543226	0.182000	0.189000	-0.019000	0.836166	0.060993	0.176416	-19.054000	-16.971000	170.938000	
1478218112.563612	1.062000	0.364000	1.187000	0.850501	0.054834	0.143675	-18.125000	-16.839000	171.090000	
1478218112.584039	0.224000	0.042000	0.667000	0.818606	0.057159	0.130852	-17.214000	-16.705000	171.223000	
1478218112.604471	-0.381000	-0.210000	-0.513000	0.719564	0.116954	0.093245	-16.358000	-16.571000	171.309000	
1478218112.624896	0.247000	-1.122000	0.916000	0.680793	0.064753	-0.084170	-15.548000	-16.447000	171.263000	
1478218112.645262	-0.619000	0.115000	-1.000000	0.488326	0.040234	-0.203044	-14.861000	-16.459000	171.065000	
1478218112.665628	-0.165000	-0.453000	-0.901000	0.275521	0.060682	-0.272890	-14.356000	-16.463000	170.763000	
1478218112.680939	0.506000	-0.421000	-0.421000	0.059429	0.111153	-0.367373	-14.084000	-16.452000	170.351000	
1478218112.701357	0.563000	-0.146000	0.446000	-0.068957	0.070384	-0.434483	-13.966000	-16.466000	169.842000	
1478218112.721774	-0.250000	0.379000	0.367000	-0.077157	0.068101	-0.488719	-13.901000	-16.522000	169.272000	
1478218112.742260	-0.752000	-0.132000	0.023000	-0.031406	0.099616	-0.476459	-13.783000	-16.559000	168.691000	
1478218112.762736	-0.825000	-1.139000	0.645000	-0.040987	0.093854	-0.492862	-13.639000	-16.575000	168.093000	
1478218112.783134	-0.427000	-1.188000	0.860000	-0.091889	0.082077	-0.492183	-13.551000	-16.600000	167.490000	
1478218112.803532	-0.531000	-1.429000	0.803000	-0.166269	0.082542	-0.520027	-13.524000	-16.644000	166.876000	
1478218112.823943	-0.586000	-1.349000	1.001000	-0.284147	0.069891	-0.540379	-13.599000	-16.692000	166.225000	
1478218112.844329	-0.345000	-0.856000	0.694000	-0.362081	0.100618	-0.554541	-13.793000	-16.730000	165.557000	
1478218112.864798	-0.106000	-0.406000	0.657000	-0.405722	0.073478	-0.526713	-14.048000	-16.782000	164.901000	
1478218112.885315	-0.139000	0.315000	0.352000	-0.308019	0.113665	-0.451439	-14.277000	-16.803000	164.308000	
1478218112.905689	0.511000	0.421000	0.983000	-0.122734	0.108070	-0.343305	-14.357000	-16.790000	163.827000	
1478218112.921013	0.493000	-0.624000	1.153000	-0.007420	0.064774	-0.319585	-14.263000	-16.767000	163.418000	
1478218112.941461	-0.289000	-0.909000	-0.633000	-0.083538	0.077679	-0.316771	-14.182000	-16.765000	163.016000	
1478218112.961842	-0.531000	-1.208000	-1.025000	-0.212198	0.086549	-0.280150	-14.265000	-16.759000	162.649000	
1478218112.982216	0.159000	-1.212000	-0.176000	-0.200940	0.082751	-0.265810	-14.408000	-16.726000	162.309000	
1478218113.002618	-0.327000	-1.023000	-0.152000	-0.154457	0.015028	-0.275781	-14.509000	-16.763000	161.986000	
1478218113.023053	-0.123000	-1.182000	-0.095000	-0.207566	-0.013468	-0.294889	-14.611000	-16.848000	161.654000	
1478218113.043475	-0.111000	-1.139000	-0.220000	-0.378116	0.015078	-0.299225	-14.869000	-16.933000	161.307000	
1478218113.063934	0.134000	-0.837000	0.382000	-0.456323	0.045936	-0.318685	-15.263000	-16.983000	160.938000	
1478218113.084354	0.383000	-0.353000	1.018000	-0.378966	0.024004	-0.346677	-15.619000	-17.050000	160.540000	
1478218113.104802	0.434000	-0.022000	0.754000	-0.303217	-0.003925	-0.347108	-15.875000	-17.151000	160.134000	
1478218113.125321	-0.180000	-0.358000	-0.232000	-0.305093	0.045545	-0.325713	-16.106000	-17.233000	159.749000	
1478218113.145724	0.160000	-0.501000	0.159000	-0.339932	0.077963	-0.300054	-16.376000	-17.255000	159.371000	
1478218113.161073	0.520000	-0.285000	0.557000	-0.289583	0.045479	-0.299612	-16.627000	-17.283000	159.007000	
1478218113.181474	-0.385000	0.087000	-0.111000	-0.163882	0.027191	-0.290018	-16.770000	-17.348000	158.659000	
1478218113.202462	0.206000	0.976000	-0.180000	-0.062229	0.047949	-0.209775	-16.796000	-17.389000	158.363000	
1478218113.222932	0.280000	1.115000	0.056000	0.119300	0.051243	-0.103348	-16.684000	-17.375000	158.179000	
1478218113.243340	0.510000	1.090000	0.346000	0.367231	0.019236	-0.027307	-16.355000	-17.354000	158.107000	
1478218113.263770	0.747000	0.904000	0.366000	0.604994	0.033870	0.057009	-15.762000	-17.303000	158.121000	
1478218113.285063	0.298000	0.947000	0.016000	0.848037	0.038817	0.168611	-14.947000	-17.232000	158.266000	
1478218113.305515	0.111000	0.706000	0.049000	1.043422	0.037760	0.277752	-13.915000	-17.120000	158.531000	
1478218113.320952	0.010000	-0.375000	0.098000	1.140059	0.025800	0.337285	-12.754000	-16.996000	158.895000	
1478218113.342830	-0.157000	-1.364000	0.033000	1.079836	0.006268	0.338318	-11.584000	-16.895000	159.294000	
1478218113.363296	0.084000	-1.033000	-0.246000	0.955309	-0.000495	0.396948	-10.531000	-16.814000	159.720000	
1478218113.383762	-0.149000	-1.846000	-0.189000	0.829213	-0.016395	0.414756	-9.670000	-16.750000	160.226000	
1478218113.404170	-0.174000	-1.492000	-0.224000	0.686538	-0.054986	0.346196	-8.950000	-16.725000	160.670000	
1478218113.425091	-0.929000	-0.178000	-0.504000	0.539385	-0.043318	0.376418	-8.403000	-16.725000	161.102000	
1478218113.445546	-0.167000	-0.742000	0.120000	0.416034	-0.036656	0.431852	-8.018000	-16.698000	161.601000	
1478218113.465990	-0.242000	-1.372000	0.291000	0.314207	-0.073220	0.362655	-7.756000	-16.709000	162.080000	
1478218113.481349	-0.602000	-0.789000	0.064000	0.179456	-0.070910	0.323454	-7.605000	-16.740000	162.481000	
1478218113.501927	-0.332000	-0.158000	0.178000	0.085622	-0.087793	0.321209	-7.593000	-16.786000	162.877000	
1478218113.522644	-1.096000	0.219000	-0.182000	0.087004	-0.084296	0.338784	-7.615000	-16.841000	163.282000	
1478218113.543050	-1.196000	-0.009000	0.023000	0.114788	-0.068158	0.391144	-7.630000	-16.862000	163.737000	
1478218113.563452	-0.979000	-0.341000	0.337000	0.185186	-0.111449	0.395203	-7.587000	-16.909000	164.215000	
1478218113.583870	-0.554000	-0.162000	0.422000	0.240864	-0.153980	0.382644	-7.472000	-17.012000	164.694000	
1478218113.604289	-0.019000	-0.026000	0.202000	0.233577	-0.143963	0.392586	-7.334000	-17.124000	165.182000	
1478218113.624748	-0.635000	0.136000	0.084000	0.221042	-0.097290	0.420043	-7.223000	-17.184000	165.693000	
1478218113.645226	-0.129000	0.356000	0.806000	0.215445	-0.042729	0.395070	-7.115000	-17.192000	166.178000	
1478218113.665594	0.172000	0.458000	1.354000	0.212714	-0.078554	0.399522	-7.016000	-17.206000	166.660000	
1478218113.686014	-0.358000	0.419000	0.835000	0.249622	-0.098624	0.409523	-6.889000	-17.253000	167.156000	
1478218113.706442	-0.744000	0.249000	-0.116000	0.219652	-0.047018	0.398188	-6.760000	-17.272000	167.644000	
1478218113.721771	-0.531000	-0.187000	0.031000	0.117033	-0.034784	0.344501	-6.715000	-17.265000	168.091000	
1478218113.742212	-0.665000	0.218000	0.317000	0.037893	-0.061023	0.285190	-6.752000	-17.280000	168.458000	
1478218113.762642	-0.523000	0.824000	0.556000	0.050411	-0.063709	0.258793	-6.805000	-17.320000	168.781000	
1478218113.783026	-0.097000	0.890000	0.646000	0.068611	-0.060588	0.266837	-6.830000	-17.361000	169.103000	
1478218113.803482	-0.280000	0.693000	0.567000	0.032501	-0.024370	0.260225	-6.866000	-17.370000	169.423000	
1478218113.823878	-0.154000	0.694000	0.833000	-0.012261	-0.022573	0.222560	-6.948000	-17.357000	169.711000	
1478218113.844297	-0.373000	1.154000	0.795000	-0.006251	-0.027209	0.197595	-7.032000	-17.359000	169.957000	
1478218113.864680	-0.379000	1.212000	0.765000	0.029617	0.007017	0.198110	-7.080000	-17.343000	170.193000	
1478218113.885037	0.642000	0.673000	1.152000	-0.015881	0.022367	0.189481	-7.141000	-17.295000	170.423000	
1478218113.905457	0.667000	0.695000	1.167000	-0.095470	-0.003840	0.127990	-7.274000	-17.264000	170.604000	
1478218113.925946	0.613000	1.352000	0.634000	-0.115769	0.015120	0.101977	-7.442000	-17.241000	170.730000	
1478218113.941399	0.271000	1.299000	0.024000	-0.115623	0.074009	0.128996	-7.609000	-17.177000	170.863000	
1478218113.961799	0.426000	0.615000	0.502000	-0.118204	0.077194	0.104134	-7.772000	-17.066000	170.988000	
1478218113.982198	0.076000	0.735000	0.172000	-0.171304	0.034324	0.071864	-7.974000	-16.997000	171.072000	
1478218114.002611	-0.278000	0.719000	-0.108000	-0.171703	0.036409	0.054416	-8.192000	-16.948000	171.140000	
1478218114.023026	0.046000	0.803000	0.064000	-0.180831	0.057080	0.045512	-8.401000	-16.885000	171.185000	
1478218114.043470	0.531000	0.224000	0.312000	-0.285910	0.067555	0.080551	-8.696000	-16.800000	171.254000	
1478218114.063944	-0.094000	-0.496000	0.363000	-0.370638	0.081400	0.006435	-9.100000	-16.701000	171.294000	
1478218114.084350	0.167000	0.032000	0.648000	-0.439571	0.042255	-0.078630	-9.552000	-16.642000	171.224000	
1478218114.104767	-0.057000	1.578000	0.092000	-0.461244	0.021506	-0.060158	-10.056000	-16.633000	171.134000	
1478218114.125225	0.610000	1.869000	0.458000	-0.350533	0.012868	-0.016713	-10.494000	-16.623000	171.090000	
1478218114.145626	0.516000	1.708000	0.051000	-0.217031	0.057224	0.040205	-10.805000	-16.571000	171.107000	
1478218114.166034	0.812000	0.920000	0.343000	-0.130652	0.054916	0.059958	-11.003000	-16.494000	171.160000	
1478218114.181344	0.544000	0.869000	0.198000	-0.038177	0.011403	0.034663	-11.096000	-16.449000	171.201000	
1478218114.201764	-0.014000	1.122000	-0.699000	0.031295	0.014218	0.032448	-11.093000	-16.430000	171.232000	
1478218114.222175	-0.109000	1.235000	-1.053000	0.035615	0.020316	0.074090	-11.068000	-16.400000	171.294000	
1478218114.242580	-0.248000	0.237000	-0.964000	-0.003498	0.005547	0.069859	-11.081000	-16.362000	171.381000	
1478218114.262991	-0.152000	-0.350000	-0.778000	-0.037839	-0.016491	-0.001017	-11.133000	-16.361000	171.420000	
1478218114.283424	0.043000	0.086000	-0.689000	-0.067661	-0.057849	-0.037514	-11.200000	-16.424000	171.400000	
1478218114.303850	-0.602000	0.817000	-1.326000	-0.064451	-0.078928	-0.024908	-11.270000	-16.522000	171.376000	
1478218114.324229	-0.143000	0.263000	-0.898000	-0.055776	-0.044931	-0.009598	-11.344000	-16.592000	171.388000	
1478218114.344627	0.604000	-0.133000	0.032000	-0.070197	-0.049929	-0.019563	-11.425000	-16.652000	171.389000	
1478218114.365052	0.115000	0.618000	0.533000	-0.038195	-0.070774	-0.013115	-11.489000	-16.738000	171.382000	
1478218114.385459	0.185000	0.932000	0.916000	0.053383	-0.062373	0.033631	-11.474000	-16.804000	171.414000	
1478218114.401968	-0.372000	1.143000	0.848000	0.139733	-0.036132	0.104531	-11.382000	-16.840000	171.523000	
1478218114.422420	-0.090000	0.119000	1.092000	0.233601	-0.031496	0.143571	-11.200000	-16.838000	171.695000	
1478218114.442828	-0.321000	-0.131000	0.975000	0.303747	-0.059395	0.158233	-10.939000	-16.862000	171.884000	
1478218114.463234	-0.397000	-0.341000	0.600000	0.361587	-0.049357	0.189966	-10.611000	-16.888000	172.105000	
1478218114.483634	-0.691000	-0.937000	0.552000	0.316810	0.001043	0.230532	-10.291000	-16.862000	172.361000	
1478218114.504039	-0.429000	-1.520000	0.495000	0.209061	-0.004401	0.203215	-10.080000	-16.815000	172.621000	
1478218114.524432	-0.413000	-1.261000	0.373000	0.083171	-0.041970	0.145905	-9.989000	-16.823000	172.822000	
1478218114.544884	-0.161000	-0.828000	-0.098000	-0.031379	-0.039073	0.155743	-10.029000	-16.845000	173.002000	
1478218114.565265	-0.915000	-1.117000	0.043000	-0.132582	-0.035296	0.182877	-10.181000	-16.852000	173.201000	
1478218114.585669	-0.098000	-1.802000	0.226000	-0.191651	-0.024548	0.137341	-10.422000	-16.835000	173.387000	
1478218114.606107	0.169000	-1.284000	0.348000	-0.266511	-0.049168	0.071153	-10.723000	-16.860000	173.495000	
1478218114.621429	-0.077000	-0.536000	-0.301000	-0.302419	-0.049153	0.109606	-11.089000	-16.904000	173.613000	
1478218114.641840	-0.185000	-0.672000	-0.540000	-0.286129	0.006928	0.151520	-11.474000	-16.897000	173.779000	
1478218114.662233	0.327000	-0.996000	0.530000	-0.263205	-0.008422	0.122309	-11.823000	-16.863000	173.931000	
1478218114.682652	0.353000	-0.317000	0.714000	-0.243468	-0.049526	0.111305	-12.144000	-16.876000	174.060000	
1478218114.703056	0.211000	0.089000	0.491000	-0.207199	-0.045853	0.182576	-12.452000	-16.898000	174.249000	
1478218114.723486	-0.126000	-0.021000	0.162000	-0.118774	-0.003878	0.226711	-12.694000	-16.866000	174.500000	
1478218114.743909	-0.219000	-0.508000	0.182000	-0.051296	0.007277	0.238007	-12.861000	-16.800000	174.777000	
1478218114.764314	-0.054000	-0.527000	0.299000	-0.013006	-0.031662	0.227968	-12.973000	-16.767000	175.056000	
1478218114.784750	-0.509000	0.093000	-0.324000	-0.021760	-0.048794	0.221818	-13.071000	-16.770000	175.324000	
1478218114.805219	-0.610000	-0.084000	-0.551000	-0.018555	-0.020555	0.249149	-13.176000	-16.750000	175.617000	
1478218114.825611	-0.170000	-0.713000	-0.248000	-0.047507	0.018503	0.242407	-13.301000	-16.678000	175.911000	
1478218114.846027	0.250000	-0.749000	0.266000	-0.091681	-0.013971	0.202858	-13.466000	-16.622000	176.168000	
1478218114.861326	-0.077000	-0.233000	-0.041000	-0.102556	-0.055651	0.178472	-13.650000	-16.623000	176.396000	
1478218114.881770	-0.531000	0.016000	-0.184000	-0.104777	-0.043947	0.213494	-13.839000	-16.620000	176.632000	
1478218114.902171	0.352000	-0.411000	-0.598000	-0.096216	-0.002353	0.220566	-14.036000	-16.578000	176.895000	
1478218114.922536	-0.149000	-0.323000	-0.489000	-0.077431	-0.004978	0.213999	-14.214000	-16.529000	177.152000	
1478218114.942972	0.306000	0.073000	0.213000	-0.030439	-0.043977	0.242930	-14.357000	-16.495000	177.428000	
1478218114.963404	0.813000	0.302000	-0.012000	0.046364	-0.066892	0.275572	-14.430000	-16.486000	177.749000	
1478218114.984068	0.180000	0.501000	-0.646000	0.122842	-0.055116	0.332540	-14.429000	-16.466000	178.129000	
1478218115.004510	0.675000	0.185000	-0.389000	0.197093	-0.036468	0.358451	-14.349000	-16.405000	178.546000	
1478218115.025923	0.266000	-0.108000	-0.264000	0.216119	-0.093602	0.361939	-14.232000	-16.374000	178.986000	
1478218115.042002	-0.003000	-0.122000	-0.688000	0.210487	-0.103780	0.368416	-14.112000	-16.385000	179.437000	
1478218115.062472	-0.482000	-0.335000	-1.001000	0.176793	-0.104894	0.388649	-14.023000	-16.398000	179.911000	
1478218115.082929	-0.075000	-1.008000	-0.486000	0.125255	-0.145374	0.356525	-13.986000	-16.429000	-179.619000	
1478218115.103343	-0.354000	-1.073000	-0.763000	0.009187	-0.189686	0.290278	-14.043000	-16.537000	-179.204000	
1478218115.123757	-0.233000	-0.974000	-0.752000	-0.124835	-0.170444	0.256800	-14.240000	-16.664000	-178.835000	
1478218115.144207	0.220000	-0.921000	-0.159000	-0.236346	-0.172879	0.202325	-14.559000	-16.794000	-178.522000	
1478218115.164850	0.292000	-0.835000	0.219000	-0.337479	-0.163440	0.184200	-14.990000	-16.928000	-178.247000	
1478218115.185368	0.817000	-0.776000	0.670000	-0.406576	-0.168929	0.166317	-15.503000	-17.061000	-178.000000	
1478218115.205805	0.647000	-0.272000	0.598000	-0.404153	-0.185951	0.160004	-16.044000	-17.207000	-177.757000	
1478218115.221132	0.267000	0.165000	0.151000	-0.355766	-0.164223	0.177732	-16.551000	-17.344000	-177.504000	
1478218115.241583	-0.172000	0.501000	-0.386000	-0.295231	-0.105597	0.224730	-16.998000	-17.424000	-177.225000	
1478218115.261991	0.180000	0.377000	0.448000	-0.172031	-0.136448	0.248285	-17.341000	-17.484000	-176.908000	
1478218115.282514	-0.217000	0.436000	0.564000	-0.014809	-0.172452	0.270623	-17.537000	-17.567000	-176.551000	
1478218115.302947	-0.497000	0.816000	-0.092000	0.147530	-0.141378	0.310362	-17.561000	-17.629000	-176.155000	
1478218115.323351	-0.536000	1.104000	-0.037000	0.299460	-0.122904	0.374705	-17.417000	-17.656000	-175.708000	
1478218115.343769	-0.555000	1.284000	-0.057000	0.455965	-0.116284	0.411557	-17.114000	-17.651000	-175.207000	
1478218115.364172	-0.850000	0.825000	0.341000	0.580677	-0.154151	0.418813	-16.658000	-17.664000	-174.676000	
1478218115.384568	-1.116000	0.713000	0.044000	0.661203	-0.156453	0.424996	-16.094000	-17.695000	-174.136000	
1478218115.405236	-0.419000	0.261000	0.208000	0.681304	-0.135752	0.405008	-15.483000	-17.718000	-173.607000	
1478218115.425622	-0.161000	0.140000	0.429000	0.631041	-0.143727	0.384059	-14.897000	-17.756000	-173.103000	
1478218115.440978	-0.304000	0.204000	0.610000	0.590406	-0.120729	0.348779	-14.350000	-17.796000	-172.641000	
1478218115.461323	-0.171000	0.222000	1.029000	0.554180	-0.096634	0.313226	-13.830000	-17.820000	-172.228000	
1478218115.481770	0.001000	0.130000	1.383000	0.490994	-0.101855	0.276848	-13.352000	-17.846000	-171.861000	
1478218115.502176	-0.425000	-0.376000	0.672000	0.380828	-0.057585	0.226153	-12.957000	-17.870000	-171.548000	
1478218115.522590	-0.060000	-0.416000	1.442000	0.224945	-0.036351	0.147236	-12.697000	-17.873000	-171.328000	
1478218115.543003	0.067000	-0.439000	1.215000	0.058869	-0.022582	0.066005	-12.598000	-17.877000	-171.208000	
1478218115.563416	-0.046000	-0.150000	1.277000	-0.083526	-0.009713	-0.013134	-12.635000	-17.892000	-171.186000	
1478218115.583836	-0.023000	-0.154000	0.485000	-0.245172	0.044938	-0.082839	-12.825000	-17.878000	-171.257000	
1478218115.604233	-0.395000	0.584000	0.564000	-0.346605	0.030788	-0.129730	-13.143000	-17.876000	-171.398000	
1478218115.624639	0.080000	0.639000	0.583000	-0.383961	0.055112	-0.151925	-13.515000	-17.851000	-171.585000	
1478218115.645104	0.098000	0.737000	0.503000	-0.365777	0.073894	-0.168351	-13.881000	-17.825000	-171.791000	
1478218115.665543	0.088000	0.587000	0.187000	-0.342043	0.081108	-0.178567	-14.206000	-17.790000	-172.020000	
1478218115.680855	0.128000	0.707000	0.295000	-0.332886	0.070754	-0.163195	-14.529000	-17.756000	-172.241000	
1478218115.706385	0.292000	0.618000	0.342000	-0.312653	0.081518	-0.158105	-14.834000	-17.713000	-172.451000	
1478218115.721753	0.140000	0.775000	0.232000	-0.260534	0.082350	-0.143660	-15.098000	-17.671000	-172.647000	
1478218115.742157	0.167000	0.744000	0.071000	-0.189347	0.081090	-0.111452	-15.296000	-17.622000	-172.818000	
1478218115.762564	0.514000	0.882000	0.550000	-0.082111	0.071255	-0.076552	-15.403000	-17.565000	-172.945000	
1478218115.782975	0.154000	0.540000	-0.440000	-0.006139	0.092900	-0.052856	-15.407000	-17.493000	-173.041000	
1478218115.803402	0.954000	0.785000	0.057000	0.039050	0.075131	-0.049625	-15.353000	-17.425000	-173.127000	
1478218115.823838	0.304000	0.814000	-0.334000	0.062147	0.074503	-0.054667	-15.269000	-17.357000	-173.210000	
1478218115.844251	0.721000	0.898000	-0.251000	0.095489	0.076604	-0.061887	-15.156000	-17.285000	-173.302000	
1478218115.864671	0.072000	0.853000	-1.803000	0.120443	0.124765	-0.038793	-14.979000	-17.235000	-173.390000	
1478218115.885049	1.419000	0.460000	1.697000	0.244511	0.034120	-0.085626	-14.733000	-17.100000	-173.492000	
1478218115.905461	-0.511000	1.003000	-1.210000	0.190402	0.006430	-0.114852	-14.450000	-17.164000	-173.600000	
1478218115.925827	-0.418000	0.270000	-1.330000	0.218822	0.102873	-0.112107	-14.129000	-17.106000	-173.758000	
1478218115.946206	-0.022000	-0.000000	-0.968000	0.072565	0.036713	-0.176834	-13.944000	-17.088000	-173.942000	
1478218115.966690	-0.108000	-0.818000	-0.721000	-0.059859	-0.012396	-0.281929	-13.861000	-17.153000	-174.227000	
1478218115.982034	-0.349000	-0.427000	-0.519000	-0.246414	0.034521	-0.309814	-13.964000	-17.221000	-174.579000	
1478218116.002456	-0.071000	-0.510000	0.471000	-0.357451	0.031312	-0.353574	-14.213000	-17.270000	-174.980000	
1478218116.022910	0.023000	-0.166000	0.788000	-0.384939	-0.009808	-0.393048	-14.517000	-17.370000	-175.427000	
1478218116.043422	-0.263000	0.176000	0.702000	-0.366894	0.019324	-0.384504	-14.807000	-17.484000	-175.884000	
1478218116.063775	-0.191000	0.298000	0.902000	-0.332904	0.028938	-0.354420	-15.079000	-17.558000	-176.315000	
1478218116.084208	0.414000	0.424000	1.065000	-0.276913	0.041888	-0.328644	-15.302000	-17.607000	-176.722000	
1478218116.104624	-0.837000	0.239000	0.511000	-0.221967	0.056358	-0.302395	-15.466000	-17.640000	-177.095000	
1478218116.125043	-0.213000	-0.178000	0.388000	-0.193677	0.059917	-0.314005	-15.572000	-17.668000	-177.475000	
1478218116.145478	-0.113000	-0.154000	0.429000	-0.202678	0.055519	-0.295910	-15.684000	-17.697000	-177.848000	
1478218116.165902	-0.734000	-0.189000	-0.044000	-0.197520	0.067538	-0.266504	-15.811000	-17.712000	-178.188000	
1478218116.186356	-0.369000	-0.390000	0.250000	-0.147448	0.075794	-0.239279	-15.906000	-17.712000	-178.503000	
1478218116.201699	0.133000	-0.302000	0.779000	-0.078769	0.048059	-0.228751	-15.941000	-17.722000	-178.789000	
1478218116.222144	-0.931000	-0.462000	0.212000	-0.053849	0.019775	-0.219375	-15.934000	-17.757000	-179.051000	
1478218116.242680	-0.762000	-0.615000	-0.219000	-0.101358	0.038401	-0.188873	-15.949000	-17.775000	-179.296000	
1478218116.263108	-0.367000	-0.391000	0.072000	-0.149393	0.069052	-0.183072	-16.029000	-17.767000	-179.531000	
1478218116.283561	-0.449000	-0.486000	0.327000	-0.158103	0.051602	-0.194325	-16.129000	-17.773000	-179.774000	
1478218116.303980	-0.642000	-0.467000	0.287000	-0.113317	0.027435	-0.171214	-16.215000	-17.798000	-179.995000	
1478218116.324379	-0.824000	-0.590000	0.112000	-0.067783	0.029378	-0.160979	-16.252000	-17.821000	179.806000	
1478218116.344809	-0.581000	-0.689000	0.260000	-0.071565	0.053154	-0.144139	-16.272000	-17.827000	179.617000	
1478218116.365252	-0.046000	-0.593000	0.637000	-0.112134	0.065033	-0.127725	-16.328000	-17.803000	179.441000	
1478218116.385678	-0.754000	-0.817000	-0.032000	-0.124866	0.035159	-0.135602	-16.415000	-17.816000	179.281000	
1478218116.406076	-0.740000	-0.700000	-0.018000	-0.101065	0.038292	-0.148363	-16.488000	-17.834000	179.102000	
1478218116.426480	-0.259000	-0.202000	0.713000	-0.115979	0.055482	-0.126016	-16.568000	-17.815000	178.924000	
1478218116.441810	-0.159000	-0.126000	0.488000	-0.130356	0.041926	-0.087545	-16.680000	-17.793000	178.791000	
1478218116.462217	-0.216000	-0.245000	0.373000	-0.064685	0.034718	-0.069130	-16.751000	-17.781000	178.693000	
1478218116.482605	-0.207000	0.015000	0.110000	0.000514	0.047314	-0.030778	-16.753000	-17.748000	178.619000	
1478218116.503032	-0.207000	-0.132000	-0.004000	0.070204	0.031672	0.006135	-16.700000	-17.709000	178.602000	
1478218116.523452	-0.036000	-0.367000	-0.199000	0.106369	0.038286	0.020017	-16.587000	-17.666000	178.606000	
1478218116.544398	-0.107000	-0.250000	-0.361000	0.081772	0.029099	0.044784	-16.488000	-17.617000	178.635000	
1478218116.564849	-0.153000	-0.572000	-0.363000	0.048402	0.028231	0.052474	-16.431000	-17.572000	178.684000	
1478218116.585264	-0.091000	-1.106000	-0.496000	-0.011513	0.020842	0.031569	-16.424000	-17.536000	178.723000	
1478218116.605710	0.396000	-1.305000	0.070000	-0.111772	0.000660	-0.004039	-16.510000	-17.528000	178.730000	
1478218116.626113	0.363000	-1.079000	-0.281000	-0.227289	-0.001749	-0.029538	-16.716000	-17.542000	178.707000	
1478218116.641453	0.831000	-0.676000	0.265000	-0.292883	0.002720	-0.047112	-17.015000	-17.555000	178.657000	
1478218116.661868	0.506000	-0.441000	-0.393000	-0.327168	0.016517	-0.050491	-17.352000	-17.581000	178.600000	
1478218116.682274	0.546000	-0.170000	0.229000	-0.285763	0.011848	-0.047216	-17.688000	-17.583000	178.539000	
1478218116.702677	-0.026000	0.388000	0.257000	-0.236233	-0.006216	-0.040219	-17.972000	-17.587000	178.487000	
1478218116.723121	0.267000	0.356000	-0.010000	-0.149034	0.004529	-0.001451	-18.177000	-17.583000	178.471000	
1478218116.743573	0.232000	0.668000	-0.044000	-0.073100	0.011641	0.020147	-18.297000	-17.567000	178.481000	
1478218116.764020	0.308000	0.376000	-0.186000	-0.007429	-0.007076	0.030718	-18.336000	-17.556000	178.513000	
1478218116.784772	-0.115000	0.500000	-0.594000	0.038518	-0.015839	0.046556	-18.327000	-17.553000	178.564000	
1478218116.805471	-0.054000	0.496000	-0.408000	0.088058	-0.009688	0.062046	-18.264000	-17.543000	178.630000	
1478218116.826286	0.242000	0.407000	-0.065000	0.121007	-0.046120	0.079993	-18.166000	-17.544000	178.724000	
1478218116.841665	0.209000	0.282000	-0.423000	0.135299	-0.071176	0.086923	-18.052000	-17.584000	178.840000	
1478218116.862102	0.039000	0.542000	-0.253000	0.179271	-0.069355	0.116948	-17.917000	-17.625000	178.989000	
1478218116.883167	0.129000	0.516000	0.005000	0.232431	-0.058499	0.171943	-17.730000	-17.633000	179.181000	
1478218116.903630	0.279000	0.192000	0.419000	0.274791	-0.086159	0.215375	-17.508000	-17.645000	179.439000	
1478218116.924134	0.103000	-0.341000	0.310000	0.292441	-0.103298	0.212646	-17.261000	-17.677000	179.725000	
1478218116.944904	0.061000	-0.282000	0.307000	0.271449	-0.083041	0.205756	-17.021000	-17.703000	179.993000	
1478218116.965352	-0.144000	-0.274000	0.215000	0.219245	-0.066216	0.213090	-16.826000	-17.713000	-179.741000	
1478218116.985762	-0.480000	-0.460000	0.448000	0.171631	-0.091336	0.185332	-16.686000	-17.732000	-179.485000	
1478218117.006180	-0.172000	0.040000	0.370000	0.107376	-0.099469	0.167038	-16.610000	-17.776000	-179.256000	
1478218117.021543	-0.249000	0.281000	-0.768000	0.101044	-0.056597	0.162610	-16.548000	-17.820000	-179.046000	
1478218117.041947	0.165000	0.567000	0.420000	0.094718	-0.060140	0.169982	-16.495000	-17.842000	-178.840000	
1478218117.062444	0.732000	0.360000	0.912000	0.101542	-0.067294	0.163885	-16.448000	-17.848000	-178.630000	
1478218117.082873	0.469000	0.524000	1.401000	0.124481	-0.080704	0.148443	-16.391000	-17.880000	-178.417000	
1478218117.103260	-0.930000	0.302000	-0.086000	0.134221	-0.050812	0.170148	-16.303000	-17.896000	-178.206000	
1478218117.123693	-0.282000	0.578000	0.764000	0.193041	-0.062968	0.181721	-16.178000	-17.908000	-177.982000	
1478218117.144135	-0.783000	0.553000	0.185000	0.227311	-0.066398	0.188123	-16.010000	-17.919000	-177.744000	
1478218117.164573	-0.038000	0.210000	0.760000	0.221079	-0.018798	0.163347	-15.801000	-17.900000	-177.542000	
1478218117.185063	-0.322000	0.574000	0.192000	0.218338	-0.077723	0.200028	-15.622000	-17.921000	-177.303000	
1478218117.205442	-0.842000	0.082000	-0.271000	0.261468	-0.065327	0.206719	-15.417000	-17.960000	-177.040000	
1478218117.226136	0.989000	0.276000	1.354000	0.245581	-0.094169	0.186501	-15.216000	-17.965000	-176.793000	
1478218117.241446	-0.138000	0.251000	1.379000	0.260748	-0.062233	0.163015	-15.002000	-17.965000	-176.561000	
1478218117.261821	-0.408000	0.197000	0.665000	0.272165	-0.060241	0.182279	-14.771000	-17.960000	-176.330000	
1478218117.282263	0.404000	0.933000	0.921000	0.345690	-0.031646	0.206763	-14.488000	-17.957000	-176.080000	
1478218117.302664	-0.208000	0.257000	0.528000	0.376214	-0.037602	0.240376	-14.146000	-17.943000	-175.799000	
1478218117.323164	0.198000	0.151000	0.889000	0.375780	-0.038833	0.227507	-13.806000	-17.908000	-175.518000	
1478218117.343679	0.128000	0.209000	0.723000	0.344728	-0.033683	0.197368	-13.479000	-17.891000	-175.265000	
1478218117.364107	0.297000	0.189000	0.699000	0.313632	0.018345	0.168211	-13.167000	-17.826000	-175.051000	
1478218117.384705	-0.323000	0.041000	0.429000	0.252826	-0.001022	0.164151	-12.915000	-17.780000	-174.853000	
1478218117.405153	-0.200000	-0.157000	0.342000	0.189659	-0.000123	0.136098	-12.724000	-17.752000	-174.676000	
1478218117.421467	0.079000	0.127000	0.134000	0.096825	0.015743	0.103915	-12.625000	-17.719000	-174.540000	
1478218117.441940	-0.112000	-0.504000	0.514000	-0.015362	-0.005279	0.038454	-12.611000	-17.689000	-174.469000	
1478218117.462337	-0.046000	0.035000	0.208000	-0.083990	0.015127	0.005873	-12.689000	-17.669000	-174.451000	
1478218117.482761	0.223000	0.248000	-0.001000	-0.145547	0.040329	0.004008	-12.828000	-17.643000	-174.455000	
1478218117.503143	0.265000	0.261000	-0.086000	-0.146931	0.039704	-0.001550	-12.984000	-17.618000	-174.465000	
1478218117.523553	0.516000	0.334000	0.732000	-0.124324	0.007597	-0.022416	-13.135000	-17.594000	-174.495000	
1478218117.543988	0.631000	0.886000	0.065000	-0.110835	0.027935	-0.014624	-13.266000	-17.574000	-174.525000	
1478218117.564427	0.889000	0.683000	0.438000	-0.065509	0.055201	-0.016379	-13.347000	-17.539000	-174.549000	
1478218117.584902	1.262000	0.818000	0.864000	0.000427	0.025831	0.002513	-13.371000	-17.484000	-174.567000	
1478218117.605307	1.006000	0.977000	1.182000	0.048906	0.036890	0.011908	-13.347000	-17.418000	-174.564000	
1478218117.625709	0.173000	0.605000	-0.284000	0.058776	0.061157	0.028397	-13.289000	-17.363000	-174.542000	
1478218117.646119	0.155000	0.222000	0.093000	0.093690	0.048340	0.029998	-13.193000	-17.295000	-174.525000	
1478218117.661365	0.048000	0.379000	-0.112000	0.097892	0.047099	0.023199	-13.095000	-17.234000	-174.510000	
1478218117.681744	0.091000	0.313000	-0.346000	0.091632	0.062608	0.030987	-12.989000	-17.166000	-174.494000	
1478218117.702163	0.351000	0.172000	0.358000	0.110035	0.047380	0.020271	-12.876000	-17.102000	-174.478000	
1478218117.722600	0.324000	0.291000	-0.030000	0.099233	0.047833	0.019169	-12.761000	-17.040000	-174.468000	
1478218117.743067	0.545000	0.227000	0.568000	0.103573	0.049490	0.010899	-12.647000	-16.985000	-174.462000	
1478218117.763510	-0.239000	0.259000	-0.108000	0.087700	0.056230	0.006801	-12.542000	-16.922000	-174.461000	
1478218117.784047	0.239000	0.204000	0.205000	0.071365	0.052900	-0.009473	-12.447000	-16.863000	-174.480000	
1478218117.804454	0.168000	0.222000	0.073000	0.042621	0.051043	-0.018579	-12.381000	-16.806000	-174.510000	
1478218117.824874	0.275000	0.127000	0.013000	0.014126	0.052207	-0.041477	-12.338000	-16.756000	-174.558000	
1478218117.845289	0.219000	0.105000	-0.093000	-0.027968	0.040664	-0.066370	-12.328000	-16.716000	-174.638000	
1478218117.865669	-0.301000	0.066000	-0.571000	-0.083459	0.037322	-0.082099	-12.377000	-16.695000	-174.735000	
1478218117.886021	-0.110000	0.018000	-0.360000	-0.116883	0.047703	-0.104903	-12.465000	-16.668000	-174.860000	
1478218117.906448	0.312000	-0.025000	-0.052000	-0.143655	0.022817	-0.123691	-12.581000	-16.665000	-175.001000	
1478218117.921814	-0.037000	-0.010000	-0.340000	-0.184792	0.036596	-0.140132	-12.729000	-16.671000	-175.161000	
1478218117.942284	-0.095000	-0.136000	0.078000	-0.226107	0.042591	-0.153290	-12.919000	-16.661000	-175.344000	
1478218117.962624	0.304000	0.073000	0.357000	-0.264973	0.024554	-0.178564	-13.151000	-16.667000	-175.549000	
1478218117.983043	-0.560000	-0.072000	-0.167000	-0.297174	0.006686	-0.206589	-13.411000	-16.713000	-175.777000	
1478218118.003463	-0.213000	-0.346000	-0.019000	-0.372575	0.040568	-0.236612	-13.725000	-16.745000	-176.044000	
1478218118.023879	-0.361000	-0.789000	-0.144000	-0.515225	0.038070	-0.288012	-14.156000	-16.776000	-176.367000	
1478218118.044278	-0.810000	-0.689000	-0.076000	-0.635898	0.033730	-0.343946	-14.728000	-16.836000	-176.754000	
1478218118.064743	-0.485000	-0.193000	0.263000	-0.663025	0.030774	-0.344507	-15.370000	-16.907000	-177.166000	
1478218118.085173	-1.266000	0.227000	0.080000	-0.553694	0.035268	-0.307639	-15.945000	-16.972000	-177.554000	
1478218118.105540	0.004000	0.792000	1.144000	-0.387626	0.027560	-0.246828	-16.372000	-17.014000	-177.880000	
1478218118.125967	-0.331000	0.734000	0.907000	-0.183890	0.004373	-0.172672	-16.606000	-17.067000	-178.113000	
1478218118.146316	-0.128000	1.279000	0.401000	0.031668	0.042176	-0.086340	-16.615000	-17.073000	-178.265000	
1478218118.166706	-0.336000	1.345000	0.456000	0.254785	0.039849	0.014035	-16.406000	-17.036000	-178.307000	
1478218118.182034	-0.248000	0.919000	0.518000	0.466986	0.033347	0.106825	-15.979000	-16.968000	-178.235000	
1478218118.202408	-0.707000	0.227000	0.269000	0.619367	0.014187	0.171798	-15.380000	-16.895000	-178.069000	
1478218118.222783	-0.748000	-0.079000	0.113000	0.708091	0.004109	0.212949	-14.670000	-16.826000	-177.840000	
1478218118.243183	-0.425000	-0.557000	0.074000	0.719355	0.016302	0.221509	-13.918000	-16.744000	-177.589000	
1478218118.263597	-0.211000	-0.530000	-0.055000	0.693154	0.002042	0.222554	-13.185000	-16.685000	-177.331000	
1478218118.284008	-0.333000	-0.685000	0.086000	0.644060	0.009795	0.211374	-12.493000	-16.625000	-177.082000	
1478218118.304402	-0.370000	-0.899000	0.289000	0.552865	0.002555	0.181898	-11.884000	-16.570000	-176.856000	
1478218118.324852	0.052000	-1.042000	0.558000	0.421885	-0.004477	0.152181	-11.401000	-16.520000	-176.661000	
1478218118.345220	0.002000	-0.977000	0.139000	0.291008	-0.006223	0.105399	-11.054000	-16.508000	-176.514000	
1478218118.365645	0.171000	-0.488000	0.172000	0.221039	0.016444	0.065287	-10.797000	-16.488000	-176.424000	
1478218118.386060	-0.298000	-0.137000	0.184000	0.178310	0.023701	0.064120	-10.595000	-16.451000	-176.356000	
1478218118.406440	0.094000	-0.369000	0.779000	0.141504	-0.007491	0.062090	-10.441000	-16.425000	-176.282000	
1478218118.421784	0.185000	-0.350000	0.208000	0.099609	0.001339	0.048186	-10.326000	-16.415000	-176.219000	
1478218118.442159	-0.097000	-0.434000	0.141000	0.070435	0.017007	0.036664	-10.243000	-16.403000	-176.173000	
1478218118.462582	0.147000	-0.388000	0.399000	0.044953	0.023673	0.035274	-10.190000	-16.364000	-176.139000	
1478218118.483049	0.228000	-0.127000	0.353000	0.048270	0.012301	0.039498	-10.153000	-16.334000	-176.101000	
1478218118.503443	-0.236000	0.075000	-0.045000	0.083364	0.021425	0.062553	-10.086000	-16.316000	-176.041000	
1478218118.525427	-0.070000	-0.505000	-0.067000	0.111877	0.031424	0.043845	-9.979000	-16.276000	-175.986000	
1478218118.545911	0.786000	-0.432000	0.220000	0.077906	0.011396	0.018889	-9.881000	-16.252000	-175.959000	
1478218118.566359	0.412000	-0.263000	-0.038000	0.057859	0.013244	0.002654	-9.806000	-16.237000	-175.952000	
1478218118.586782	0.119000	-0.248000	-0.072000	0.045335	0.056441	0.002352	-9.743000	-16.193000	-175.960000	
1478218118.602129	-0.271000	-0.255000	0.141000	0.052137	0.038888	-0.012240	-9.677000	-16.134000	-175.982000	
1478218118.622559	0.196000	-0.382000	0.398000	0.043886	0.033259	-0.027119	-9.611000	-16.092000	-176.016000	
1478218118.642982	-0.033000	-0.454000	-0.342000	0.020451	0.032016	-0.041822	-9.560000	-16.077000	-176.063000	
1478218118.663395	-0.147000	-0.561000	-0.192000	-0.009444	0.034446	-0.060502	-9.538000	-16.052000	-176.130000	
1478218118.683835	-0.009000	-0.475000	-0.320000	-0.072418	0.042530	-0.080648	-9.568000	-16.023000	-176.225000	
1478218118.704216	0.082000	-0.467000	0.105000	-0.125494	0.028371	-0.104561	-9.654000	-16.004000	-176.348000	
1478218118.724682	-0.125000	-0.025000	-0.476000	-0.137399	0.030781	-0.116462	-9.772000	-16.000000	-176.489000	
1478218118.745126	-0.304000	0.127000	-0.598000	-0.111569	0.027973	-0.109533	-9.876000	-15.999000	-176.628000	
1478218118.765530	-0.400000	0.194000	-0.605000	-0.058451	0.003553	-0.096619	-9.933000	-16.009000	-176.751000	
1478218118.786066	-0.420000	0.554000	-0.917000	0.015375	0.015344	-0.080476	-9.921000	-16.021000	-176.858000	
1478218118.806578	-0.296000	0.584000	-0.250000	0.107591	-0.011579	-0.047251	-9.820000	-16.033000	-176.931000	
1478218118.821899	-0.598000	0.677000	-0.430000	0.237994	-0.020285	-0.004311	-9.604000	-16.059000	-176.951000	
1478218118.842385	0.220000	0.686000	0.515000	0.399179	-0.023499	0.034462	-9.224000	-16.093000	-176.921000	
1478218118.862844	-0.020000	0.595000	0.778000	0.521944	-0.007389	0.081782	-8.694000	-16.104000	-176.842000	
1478218118.883323	0.453000	0.180000	1.422000	0.570745	-0.038245	0.099827	-8.099000	-16.117000	-176.720000	
1478218118.903867	-0.033000	-0.071000	1.009000	0.554196	-0.030169	0.078584	-7.484000	-16.136000	-176.609000	
1478218118.924255	-0.536000	-0.221000	0.735000	0.455086	-0.024316	0.045953	-6.938000	-16.147000	-176.534000	
1478218118.944699	-0.681000	-0.484000	0.518000	0.327188	-0.004487	0.003255	-6.507000	-16.155000	-176.509000	
1478218118.965168	-0.386000	-0.868000	0.408000	0.186038	-0.013606	-0.051135	-6.212000	-16.184000	-176.543000	
1478218118.985660	-0.356000	-1.009000	1.082000	0.048178	-0.018114	-0.118289	-6.069000	-16.210000	-176.648000	
1478218119.006199	-0.380000	-0.803000	0.835000	-0.118116	-0.004763	-0.179746	-6.088000	-16.234000	-176.833000	
1478218119.026606	-0.846000	-0.783000	0.780000	-0.277895	-0.029869	-0.236538	-6.267000	-16.266000	-177.084000	
1478218119.041976	-0.933000	-0.379000	0.256000	-0.396691	0.004350	-0.299464	-6.580000	-16.328000	-177.408000	
1478218119.062364	-0.436000	-0.619000	1.335000	-0.526465	0.007793	-0.337642	-7.006000	-16.346000	-177.795000	
1478218119.084586	-0.326000	-0.344000	1.162000	-0.633935	0.009598	-0.369933	-7.569000	-16.371000	-178.221000	
1478218119.105447	-1.023000	-0.681000	0.508000	-0.758206	-0.015118	-0.435921	-8.236000	-16.445000	-178.706000	
1478218119.125870	-1.100000	-0.146000	-0.175000	-0.859226	0.032404	-0.505700	-9.015000	-16.517000	-179.277000	
1478218119.146257	-1.290000	0.285000	0.021000	-0.937570	0.054721	-0.533578	-9.882000	-16.567000	-179.908000	
1478218119.161631	-1.123000	0.481000	0.923000	-0.916931	0.042554	-0.555069	-10.763000	-16.626000	179.439000	
1478218119.182024	-1.160000	0.469000	1.260000	-0.870101	0.028763	-0.571269	-11.591000	-16.697000	178.767000	
1478218119.202440	-1.163000	0.753000	0.969000	-0.822618	0.007147	-0.567158	-12.367000	-16.810000	178.097000	
1478218119.222899	-1.451000	0.897000	0.598000	-0.716202	0.052171	-0.563482	-13.042000	-16.915000	177.430000	
1478218119.243342	-1.313000	1.158000	0.807000	-0.586966	0.096418	-0.531357	-13.579000	-16.970000	176.771000	
1478218119.263748	-0.801000	1.265000	1.369000	-0.413839	0.084414	-0.490946	-13.954000	-17.009000	176.158000	
1478218119.284161	-0.629000	0.909000	0.934000	-0.233524	0.073021	-0.457255	-14.128000	-17.063000	175.590000	
1478218119.304670	-0.733000	0.839000	0.734000	-0.103581	0.125713	-0.426139	-14.141000	-17.076000	175.052000	
1478218119.325135	-0.422000	0.638000	0.754000	-0.019420	0.173896	-0.399572	-14.046000	-17.019000	174.532000	
1478218119.345545	-0.468000	0.223000	0.841000	0.047532	0.143183	-0.398780	-13.864000	-16.959000	174.024000	
1478218119.365955	-0.653000	-0.029000	0.643000	0.091337	0.142218	-0.422923	-13.629000	-16.915000	173.506000	
1478218119.386415	0.029000	-0.179000	0.679000	0.078482	0.184323	-0.405410	-13.375000	-16.825000	172.972000	
1478218119.401736	0.011000	0.172000	0.492000	0.113299	0.188585	-0.387926	-13.113000	-16.718000	172.456000	
1478218119.422144	-0.145000	0.055000	0.836000	0.194524	0.215484	-0.381944	-12.781000	-16.601000	171.953000	
1478218119.442537	-0.293000	-0.294000	1.015000	0.231427	0.217977	-0.355667	-12.389000	-16.448000	171.467000	
1478218119.462973	-0.785000	-0.800000	0.627000	0.227608	0.215563	-0.347619	-11.999000	-16.304000	171.008000	
1478218119.483418	-0.327000	-0.894000	0.557000	0.219517	0.214988	-0.363206	-11.614000	-16.157000	170.541000	
1478218119.503950	-1.127000	-0.757000	0.225000	0.191217	0.215497	-0.367825	-11.253000	-16.001000	170.062000	
1478218119.524434	-1.061000	-0.948000	0.350000	0.115844	0.199321	-0.389142	-10.950000	-15.849000	169.568000	
1478218119.544940	-1.890000	-0.845000	-0.079000	0.001633	0.224006	-0.416410	-10.767000	-15.712000	169.048000	
1478218119.565426	-1.471000	-1.512000	-0.800000	-0.132055	0.141928	-0.476371	-10.693000	-15.640000	168.483000	
1478218119.585863	-1.739000	-1.575000	-1.279000	-0.304618	0.168545	-0.532735	-10.797000	-15.588000	167.856000	
1478218119.608342	-1.661000	-1.091000	-0.780000	-0.495387	0.180706	-0.585639	-11.102000	-15.514000	167.154000	
1478218119.623815	-1.631000	-1.030000	-0.264000	-0.630628	0.107518	-0.648757	-11.571000	-15.503000	166.396000	
1478218119.644387	-2.250000	-0.873000	-0.788000	-0.753551	0.054525	-0.701138	-12.161000	-15.584000	165.582000	
1478218119.665325	-1.858000	-0.698000	-0.923000	-0.893545	0.067717	-0.727837	-12.897000	-15.692000	164.729000	
1478218119.685831	-1.762000	-1.047000	-0.712000	-1.011008	0.072660	-0.748033	-13.774000	-15.806000	163.856000	
1478218119.706287	-1.411000	-1.424000	0.082000	-1.079058	0.035308	-0.778296	-14.738000	-15.970000	162.957000	
1478218119.721619	-1.255000	-1.007000	0.347000	-1.085433	0.028661	-0.785528	-15.730000	-16.167000	162.039000	
1478218119.742040	-1.411000	-0.368000	0.515000	-1.022740	0.034655	-0.731259	-16.687000	-16.375000	161.160000	
1478218119.762490	-1.169000	-0.190000	1.077000	-0.880992	0.039181	-0.640272	-17.541000	-16.564000	160.376000	
1478218119.782893	-1.621000	-0.471000	0.656000	-0.713911	0.059477	-0.556426	-18.234000	-16.721000	159.690000	
1478218119.803344	-0.193000	-0.106000	1.509000	-0.541541	0.035841	-0.506799	-18.746000	-16.870000	159.076000	
1478218119.823866	-1.082000	-0.254000	0.857000	-0.405817	0.045640	-0.429839	-19.110000	-17.008000	158.539000	
1478218119.844309	-0.730000	-0.091000	0.667000	-0.284397	0.100014	-0.348071	-19.346000	-17.074000	158.075000	
1478218119.864768	-0.685000	-0.187000	0.812000	-0.182588	0.117194	-0.273506	-19.485000	-17.076000	157.690000	
1478218119.885297	-0.140000	-0.779000	1.257000	-0.079725	0.089156	-0.252041	-19.518000	-17.070000	157.356000	
1478218119.905684	-0.941000	-1.137000	1.244000	-0.037872	0.083452	-0.233616	-19.489000	-17.062000	157.048000	
1478218119.926119	-1.040000	-1.098000	0.669000	-0.071531	0.109154	-0.206960	-19.473000	-17.025000	156.763000	
1478218119.941426	-1.371000	-1.035000	-0.139000	-0.108614	0.106178	-0.206690	-19.493000	-16.987000	156.486000	
1478218119.961911	-0.607000	-0.767000	0.534000	-0.128231	0.077446	-0.233374	-19.551000	-16.966000	156.194000	
1478218119.982495	-1.285000	-0.427000	-0.400000	-0.181811	0.059641	-0.231963	-19.652000	-16.985000	155.904000	
1478218120.003025	-1.236000	-0.294000	-0.680000	-0.195993	0.078647	-0.222852	-19.781000	-17.006000	155.616000	
1478218120.023489	-1.228000	-0.095000	0.364000	-0.161495	0.109909	-0.185163	-19.908000	-16.971000	155.348000	
1478218120.043910	-1.051000	-0.705000	1.385000	-0.108476	0.073688	-0.146365	-19.991000	-16.918000	155.124000	
1478218120.064334	-0.462000	-1.478000	1.425000	-0.055307	-0.008788	-0.151329	-20.021000	-16.944000	154.947000	
1478218120.085563	-1.072000	-1.204000	-0.222000	-0.073253	0.012670	-0.163450	-20.035000	-17.019000	154.769000	
1478218120.106016	-0.854000	-0.491000	-0.222000	-0.144363	0.069950	-0.132142	-20.112000	-17.026000	154.577000	
1478218120.121357	-1.051000	-0.801000	0.591000	-0.174609	0.076487	-0.089418	-20.271000	-16.971000	154.430000	
1478218120.141784	-0.586000	-0.834000	0.589000	-0.151510	0.048034	-0.133506	-20.412000	-16.945000	154.280000	
1478218120.162222	-1.654000	0.800000	-0.072000	-0.126170	0.018037	-0.182268	-20.494000	-16.992000	154.073000	
1478218120.182646	-2.388000	1.363000	-1.147000	-0.215728	0.038884	-0.150821	-20.637000	-17.038000	153.874000	
1478218120.203147	-1.231000	0.172000	-1.120000	-0.272977	0.084575	-0.142769	-20.875000	-17.045000	153.692000	
1478218120.223561	-0.899000	-1.336000	-0.035000	-0.366513	-0.007420	-0.258449	-21.164000	-17.110000	153.447000	
1478218120.243946	-0.756000	-1.507000	-0.610000	-0.546350	-0.071745	-0.373683	-21.608000	-17.312000	153.103000	
1478218120.264374	-0.558000	-0.291000	-1.304000	-0.738603	-0.001740	-0.398111	-22.264000	-17.496000	152.685000	
1478218120.285310	-0.708000	0.135000	-0.457000	-0.797472	-0.022135	-0.395125	-23.021000	-17.703000	152.251000	
1478218120.305846	-1.134000	0.139000	0.505000	-0.718146	-0.041502	-0.398426	-23.755000	-17.927000	151.823000	
1478218120.326268	-0.427000	-0.039000	1.535000	-0.617861	-0.087041	-0.349863	-24.390000	-18.169000	151.444000	
1478218120.341622	-0.384000	-0.057000	1.556000	-0.458219	-0.047537	-0.283200	-24.888000	-18.383000	151.137000	
1478218120.367136	-0.615000	-0.278000	1.634000	-0.305362	0.003548	-0.210734	-25.216000	-18.522000	150.879000	
1478218120.382459	-0.571000	-0.162000	1.708000	-0.170916	0.069354	-0.129398	-25.403000	-18.574000	150.682000	
1478218120.402874	-0.369000	-0.230000	2.089000	-0.026085	0.102422	-0.057460	-25.442000	-18.541000	150.540000	
1478218120.423402	0.184000	0.182000	2.392000	0.128699	0.118935	-0.017709	-25.335000	-18.451000	150.452000	
1478218120.443921	-0.230000	0.000000	2.725000	0.231127	0.153356	0.022649	-25.097000	-18.296000	150.392000	
1478218120.464363	-0.331000	-0.185000	2.089000	0.258882	0.185769	0.060114	-24.797000	-18.091000	150.353000	
1478218120.484772	-1.162000	-1.121000	-0.296000	0.196356	0.262581	0.068360	-24.514000	-17.851000	150.319000	
1478218120.505195	-0.756000	-0.855000	1.115000	0.171399	0.254792	0.004083	-24.285000	-17.577000	150.226000	
1478218120.525598	0.152000	-0.273000	1.133000	0.040391	0.227378	-0.032351	-24.150000	-17.346000	150.095000	
1478218120.546028	-0.428000	-0.394000	0.102000	-0.068639	0.258424	-0.047376	-24.120000	-17.129000	149.927000	
1478218120.566442	0.598000	-0.436000	1.121000	-0.172442	0.287355	-0.066050	-24.218000	-16.861000	149.725000	
1478218120.586908	0.318000	-0.734000	1.158000	-0.236198	0.262771	-0.105956	-24.405000	-16.616000	149.492000	
1478218120.602295	0.407000	-0.507000	0.925000	-0.276543	0.216654	-0.158611	-24.631000	-16.438000	149.223000	
1478218120.622752	-0.165000	0.715000	0.319000	-0.278844	0.198809	-0.177161	-24.883000	-16.278000	148.931000	
1478218120.643152	-0.341000	1.607000	-0.895000	-0.273214	0.212536	-0.148139	-25.133000	-16.127000	148.652000	
1478218120.663576	-0.340000	1.433000	-1.225000	-0.208922	0.227055	-0.115890	-25.332000	-15.952000	148.406000	
1478218120.684011	-0.279000	0.988000	-0.598000	-0.134578	0.210835	-0.093480	-25.461000	-15.762000	148.181000	
1478218120.704409	-0.687000	0.163000	-0.526000	-0.116919	0.158565	-0.084306	-25.545000	-15.632000	147.998000	
1478218120.724802	-0.370000	-0.294000	-0.044000	-0.095085	0.073607	-0.133489	-25.618000	-15.568000	147.821000	
1478218120.745215	-0.742000	0.757000	-1.744000	-0.187146	0.045222	-0.200408	-25.726000	-15.597000	147.601000	
1478218120.765597	-0.861000	1.349000	-2.924000	-0.288941	0.011249	-0.197527	-25.935000	-15.699000	147.368000	
1478218120.786045	-0.234000	1.340000	-2.585000	-0.333159	0.035138	-0.140352	-26.276000	-15.750000	147.183000	
1478218120.806432	1.027000	-0.160000	-0.866000	-0.316922	-0.013399	-0.163077	-26.598000	-15.802000	147.027000	
1478218120.826870	0.771000	0.577000	-0.373000	-0.231296	-0.095255	-0.219112	-26.848000	-15.969000	146.851000	
1478218120.842224	0.058000	2.790000	-0.799000	-0.154152	-0.147408	-0.183873	-27.017000	-16.207000	146.706000	
1478218120.862643	-0.542000	3.326000	-0.802000	-0.047603	-0.152637	-0.084621	-27.105000	-16.421000	146.651000	
1478218120.883102	0.518000	2.413000	-0.263000	0.127634	-0.108703	0.011259	-27.055000	-16.549000	146.694000	
1478218120.903680	0.748000	0.672000	0.786000	0.216680	-0.092990	0.071089	-26.871000	-16.625000	146.809000	
1478218120.924265	1.038000	-1.204000	1.831000	0.256374	-0.183939	0.070966	-26.622000	-16.753000	146.969000	
1478218120.944786	1.040000	-1.403000	1.670000	0.213774	-0.188230	0.059653	-26.420000	-16.903000	147.138000	
1478218120.965262	1.223000	-1.543000	1.923000	0.087709	-0.187352	0.071844	-26.307000	-17.071000	147.311000	
1478218120.985658	0.777000	-0.907000	1.713000	0.016602	-0.140721	0.131050	-26.323000	-17.164000	147.512000	
1478218121.006111	0.267000	-0.635000	1.948000	-0.049102	-0.094873	0.170657	-26.431000	-17.182000	147.732000	
1478218121.026489	0.621000	0.009000	2.365000	-0.041421	-0.139902	0.175905	-26.563000	-17.204000	147.977000	
1478218121.047009	-0.259000	0.548000	1.480000	0.006297	-0.140762	0.224497	-26.677000	-17.247000	148.277000	
1478218121.062309	-0.292000	1.024000	1.578000	0.086585	-0.065058	0.301980	-26.718000	-17.188000	148.614000	
1478218121.082898	-0.423000	1.021000	1.831000	0.202647	-0.059872	0.370054	-26.654000	-17.064000	149.017000	
1478218121.103413	-0.694000	0.931000	1.580000	0.326246	-0.112587	0.391510	-26.462000	-16.967000	149.481000	
1478218121.123810	-1.269000	1.866000	0.784000	0.450048	-0.088994	0.428973	-26.150000	-16.859000	149.979000	
1478218121.144215	-1.038000	1.842000	0.731000	0.532304	-0.071040	0.477547	-25.731000	-16.705000	150.519000	
1478218121.164603	-0.931000	1.452000	0.613000	0.591496	-0.048273	0.469368	-25.228000	-16.528000	151.065000	
1478218121.185170	-0.769000	1.253000	0.353000	0.523605	-0.083853	0.436672	-24.733000	-16.379000	151.582000	
1478218121.205682	-0.658000	1.133000	-0.816000	0.382807	-0.121690	0.385488	-24.390000	-16.299000	152.083000	
1478218121.226145	-0.702000	1.000000	-1.249000	0.274603	-0.089766	0.272947	-24.131000	-16.255000	152.483000	
1478218121.246639	-1.439000	2.068000	-1.552000	0.096644	-0.105068	0.159459	-23.997000	-16.263000	152.735000	
1478218121.262099	-0.449000	1.410000	-0.495000	-0.087549	-0.194276	0.195358	-24.108000	-16.339000	153.006000	
1478218121.282638	0.851000	-2.565000	-0.285000	-0.267047	-0.180212	0.179329	-24.419000	-16.428000	153.320000	
1478218121.303363	1.789000	-4.343000	0.370000	-0.450439	-0.261651	-0.037794	-24.886000	-16.639000	153.488000	
1478218121.323902	0.703000	-0.915000	-1.178000	-0.690436	-0.307588	-0.158087	-25.576000	-17.025000	153.498000	
1478218121.344423	-0.260000	2.221000	-2.014000	-0.818113	-0.235819	-0.091372	-26.460000	-17.386000	153.503000	
1478218121.364880	0.702000	2.737000	-0.059000	-0.726969	-0.201751	-0.001859	-27.374000	-17.618000	153.587000	
1478218121.385289	0.959000	1.126000	1.362000	-0.559363	-0.235555	0.031978	-28.130000	-17.833000	153.735000	
1478218121.405682	1.641000	-0.099000	1.122000	-0.440212	-0.323886	0.049428	-28.748000	-18.105000	153.948000	
1478218121.426204	0.925000	-0.230000	-0.143000	-0.330086	-0.323953	0.079687	-29.247000	-18.419000	154.213000	
1478218121.446698	2.096000	0.126000	0.392000	-0.211028	-0.227347	0.171471	-29.649000	-18.597000	154.510000	
1478218121.461985	2.149000	-0.592000	1.023000	-0.081014	-0.206829	0.315160	-29.920000	-18.673000	154.919000	
1478218121.483185	2.095000	-1.765000	1.758000	0.108372	-0.253210	0.376055	-30.026000	-18.714000	155.436000	
1478218121.503616	1.305000	-1.565000	0.968000	0.182726	-0.215842	0.431089	-30.029000	-18.711000	156.012000	
1478218121.524013	0.948000	-0.906000	0.751000	0.226166	-0.212458	0.492025	-29.978000	-18.659000	156.630000	
1478218121.544513	1.164000	-0.462000	0.219000	0.270652	-0.203437	0.565370	-29.915000	-18.565000	157.323000	
1478218121.564970	1.429000	-1.225000	-0.016000	0.298270	-0.179811	0.620993	-29.824000	-18.416000	158.075000	
1478218121.585356	1.665000	-1.456000	0.380000	0.311136	-0.139585	0.662168	-29.722000	-18.192000	158.844000	
1478218121.605978	1.680000	-1.626000	1.167000	0.333017	-0.182139	0.683059	-29.608000	-17.954000	159.652000	
1478218121.626514	1.213000	-1.590000	-0.128000	0.301589	-0.230929	0.722009	-29.512000	-17.755000	160.515000	
1478218121.641874	0.583000	-1.102000	-1.852000	0.281509	-0.222538	0.722644	-29.447000	-17.574000	161.409000	
1478218121.662328	0.336000	-0.322000	-1.788000	0.262227	-0.194038	0.737395	-29.399000	-17.356000	162.294000	
1478218121.682722	0.453000	0.773000	-1.573000	0.290593	-0.216848	0.755358	-29.352000	-17.134000	163.201000	
1478218121.703363	-0.192000	1.084000	-1.542000	0.353504	-0.260183	0.768808	-29.248000	-16.958000	164.145000	
1478218121.723962	0.263000	1.560000	-1.143000	0.452068	-0.286708	0.772528	-29.058000	-16.799000	165.116000	
1478218121.744396	-0.171000	1.762000	-1.696000	0.531305	-0.314171	0.778723	-28.773000	-16.664000	166.108000	
1478218121.764930	-0.438000	1.619000	-2.407000	0.585721	-0.361684	0.784451	-28.403000	-16.594000	167.124000	
1478218121.785345	-0.187000	1.000000	-2.395000	0.628772	-0.344046	0.820077	-27.992000	-16.521000	168.172000	
1478218121.805776	0.675000	-0.379000	-0.712000	0.660031	-0.329908	0.812476	-27.549000	-16.413000	169.231000	
1478218121.826246	1.278000	-0.975000	0.635000	0.635661	-0.376244	0.757879	-27.091000	-16.361000	170.253000	
1478218121.846665	1.322000	-0.340000	0.832000	0.532803	-0.447286	0.684285	-26.720000	-16.409000	171.242000	
1478218121.862002	-0.490000	0.436000	-1.675000	0.332020	-0.423994	0.625562	-26.503000	-16.533000	172.166000	
1478218121.882467	-0.552000	0.799000	-2.707000	0.124053	-0.379976	0.576032	-26.514000	-16.651000	173.017000	
1478218121.902992	0.122000	-0.173000	-1.245000	-0.014766	-0.369005	0.546650	-26.704000	-16.741000	173.816000	
1478218121.923466	0.463000	-0.992000	0.547000	-0.103468	-0.376808	0.484024	-27.009000	-16.843000	174.558000	
1478218121.944024	0.526000	-1.566000	1.728000	-0.181368	-0.427288	0.411831	-27.385000	-17.025000	175.249000	
1478218121.964465	0.813000	-0.930000	1.805000	-0.246279	-0.444334	0.378422	-27.835000	-17.266000	175.907000	
1478218121.985011	-0.229000	-0.443000	1.036000	-0.276768	-0.426225	0.393542	-28.334000	-17.487000	176.558000	
1478218122.005417	-0.706000	-0.199000	0.754000	-0.264043	-0.397018	0.402604	-28.843000	-17.683000	177.212000	
1478218122.025879	-0.606000	0.282000	0.875000	-0.218947	-0.357189	0.401144	-29.313000	-17.835000	177.851000	
1478218122.046264	-0.833000	0.797000	1.380000	-0.128792	-0.366908	0.420572	-29.707000	-17.958000	178.491000	
1478218122.066717	-0.495000	1.198000	1.489000	-0.000179	-0.330376	0.451070	-29.978000	-18.041000	179.159000	
1478218122.082129	-0.354000	0.736000	1.755000	0.144643	-0.304908	0.485583	-30.076000	-18.080000	179.845000	
1478218122.102590	-0.975000	0.161000	1.471000	0.258514	-0.311918	0.487722	-30.039000	-18.105000	-179.459000	
1478218122.123024	-0.955000	0.355000	0.577000	0.283278	-0.286042	0.492049	-29.933000	-18.119000	-178.773000	
1478218122.143408	-0.163000	-0.301000	0.675000	0.300697	-0.280335	0.470121	-29.801000	-18.123000	-178.099000	
1478218122.163828	-0.251000	0.207000	-0.144000	0.319481	-0.254243	0.479693	-29.651000	-18.102000	-177.450000	
1478218122.184316	-0.786000	0.085000	-0.859000	0.370798	-0.288598	0.486865	-29.450000	-18.122000	-176.780000	
1478218122.204776	-1.331000	0.662000	-1.190000	0.461252	-0.238963	0.499401	-29.175000	-18.109000	-176.103000	
1478218122.225214	-1.462000	0.668000	0.072000	0.547937	-0.198416	0.544487	-28.796000	-18.031000	-175.431000	
1478218122.245658	-0.723000	-0.510000	1.425000	0.628530	-0.220026	0.610276	-28.340000	-17.917000	-174.690000	
1478218122.266044	0.135000	-1.740000	2.144000	0.692424	-0.250255	0.636543	-27.823000	-17.806000	-173.886000	
1478218122.286523	0.373000	-1.959000	1.404000	0.681239	-0.207401	0.588798	-27.257000	-17.710000	-173.113000	
1478218122.301829	-0.623000	-0.889000	0.159000	0.589082	-0.167700	0.563977	-26.741000	-17.615000	-172.401000	
1478218122.322314	-1.349000	0.056000	-0.293000	0.503776	-0.127349	0.579556	-26.338000	-17.469000	-171.713000	
1478218122.342783	-0.028000	0.004000	-0.255000	0.444903	-0.153016	0.572074	-26.019000	-17.323000	-171.016000	
1478218122.363194	-0.724000	-0.432000	-1.001000	0.407789	-0.153041	0.521525	-25.734000	-17.235000	-170.339000	
1478218122.383677	0.072000	0.835000	-0.567000	0.408544	-0.161674	0.462138	-25.457000	-17.149000	-169.741000	
1478218122.404079	0.074000	1.155000	-0.831000	0.376235	-0.211918	0.450133	-25.190000	-17.120000	-169.157000	
1478218122.424603	-0.396000	1.354000	-1.161000	0.416325	-0.206654	0.460217	-24.915000	-17.105000	-168.552000	
1478218122.445029	0.380000	0.757000	-0.158000	0.432596	-0.159550	0.451212	-24.593000	-17.048000	-167.983000	
1478218122.465444	2.640000	-1.113000	1.815000	0.344384	-0.177300	0.474766	-24.337000	-16.975000	-167.392000	
1478218122.485934	3.170000	-2.102000	1.503000	0.216662	-0.221513	0.339488	-24.192000	-16.984000	-166.857000	
1478218122.506367	2.520000	-0.988000	0.662000	-0.010406	-0.208249	0.203343	-24.206000	-17.092000	-166.481000	
1478218122.521704	2.015000	0.429000	-0.438000	-0.271931	-0.123828	0.204968	-24.496000	-17.140000	-166.192000	
1478218122.542112	0.947000	0.449000	-1.340000	-0.427699	-0.142974	0.140313	-25.002000	-17.207000	-165.937000	
1478218122.562546	0.950000	-0.187000	-1.016000	-0.510756	-0.186641	0.079299	-25.611000	-17.329000	-165.743000	
1478218122.583042	1.710000	-0.678000	-0.756000	-0.569522	-0.179053	0.073145	-26.292000	-17.487000	-165.568000	
1478218122.603592	1.355000	-1.049000	-0.320000	-0.589241	-0.174979	0.068271	-27.012000	-17.635000	-165.398000	
1478218122.624130	1.496000	0.160000	-0.202000	-0.563294	-0.178829	0.042645	-27.717000	-17.795000	-165.251000	
1478218122.644647	1.268000	1.073000	-0.478000	-0.490067	-0.209736	0.094498	-28.365000	-17.972000	-165.065000	
1478218122.666926	1.302000	0.744000	-0.366000	-0.369879	-0.150045	0.185834	-28.931000	-18.077000	-164.794000	
1478218122.682333	1.987000	0.032000	0.903000	-0.222578	-0.088440	0.260227	-29.348000	-18.055000	-164.484000	
1478218122.702861	2.672000	-0.151000	1.594000	-0.070824	-0.150091	0.265939	-29.600000	-18.035000	-164.123000	
1478218122.723377	1.250000	0.094000	0.011000	0.014643	-0.178783	0.253260	-29.722000	-18.073000	-163.748000	
1478218122.743850	1.460000	0.785000	-0.522000	0.031839	-0.121715	0.297329	-29.808000	-18.063000	-163.368000	
1478218122.764369	1.551000	0.288000	-0.461000	0.024065	-0.065371	0.347978	-29.914000	-17.943000	-162.966000	
1478218122.784933	1.315000	-0.121000	0.064000	0.047147	-0.096135	0.317546	-29.992000	-17.835000	-162.568000	
1478218122.805378	1.413000	-0.051000	0.576000	0.106674	-0.107769	0.290451	-30.007000	-17.758000	-162.203000	
1478218122.825809	1.172000	0.316000	-0.208000	0.095400	-0.097473	0.314749	-30.015000	-17.679000	-161.821000	
1478218122.846392	0.692000	-0.271000	-0.994000	0.069834	-0.098552	0.304584	-30.025000	-17.605000	-161.437000	
1478218122.861714	0.674000	-0.293000	-1.141000	0.040293	-0.084627	0.266048	-30.069000	-17.538000	-161.094000	
1478218122.882131	0.685000	-0.040000	-0.807000	0.017300	-0.088409	0.251707	-30.137000	-17.477000	-160.779000	
1478218122.902532	0.818000	0.161000	-0.524000	0.026404	-0.082104	0.253408	-30.196000	-17.413000	-160.471000	
1478218122.922924	0.738000	0.107000	-0.390000	0.044486	-0.091304	0.240410	-30.239000	-17.358000	-160.165000	
1478218122.943371	0.823000	-0.186000	-0.233000	0.053578	-0.075527	0.214314	-30.275000	-17.304000	-159.879000	
1478218122.963775	0.804000	-0.057000	-0.336000	0.022607	-0.083106	0.177180	-30.306000	-17.269000	-159.633000	
1478218122.984178	0.474000	0.257000	-0.374000	0.006729	-0.073191	0.137629	-30.349000	-17.257000	-159.429000	
1478218123.004694	-0.146000	0.315000	-0.708000	-0.047726	-0.030259	0.137059	-30.435000	-17.222000	-159.258000	
1478218123.025098	0.585000	-0.355000	-0.007000	-0.060877	-0.041816	0.098884	-30.538000	-17.192000	-159.117000	
1478218123.045542	0.202000	-0.321000	-0.369000	-0.054801	-0.023276	0.025910	-30.630000	-17.197000	-159.038000	
1478218123.066043	0.585000	0.186000	0.002000	-0.095519	-0.038874	-0.002178	-30.724000	-17.232000	-159.010000	
1478218123.086614	0.240000	0.316000	-0.474000	-0.084864	0.015408	0.000908	-30.839000	-17.229000	-159.007000	
1478218123.101999	0.778000	-0.241000	0.389000	-0.073150	-0.003257	-0.011779	-30.947000	-17.215000	-159.009000	
1478218123.122539	0.386000	-0.526000	-0.077000	-0.035856	0.038980	-0.054600	-30.992000	-17.210000	-159.059000	
1478218123.143008	-0.013000	-0.016000	-0.083000	-0.043107	0.031071	-0.088008	-31.003000	-17.224000	-159.160000	
1478218123.163516	-0.116000	0.474000	-0.310000	-0.041542	0.034828	-0.085434	-31.013000	-17.249000	-159.273000	
1478218123.184033	-0.185000	-0.058000	-0.512000	-0.043968	0.066056	-0.099664	-31.022000	-17.257000	-159.400000	
1478218123.204561	0.044000	-0.385000	-0.409000	-0.072263	0.084918	-0.146425	-31.038000	-17.252000	-159.580000	
1478218123.225144	-0.129000	-0.284000	-0.224000	-0.093951	0.092266	-0.197945	-31.060000	-17.280000	-159.820000	
1478218123.245548	-0.282000	0.197000	-0.116000	-0.093255	0.090954	-0.216956	-31.088000	-17.320000	-160.095000	
1478218123.265996	0.105000	-0.026000	0.206000	-0.066014	0.100767	-0.217367	-31.093000	-17.346000	-160.385000	
1478218123.286428	0.162000	-0.123000	0.005000	-0.033202	0.125792	-0.230403	-31.060000	-17.365000	-160.688000	
1478218123.306910	0.371000	0.232000	0.054000	0.001968	0.144201	-0.229834	-30.969000	-17.374000	-161.013000	
1478218123.327324	0.498000	0.002000	0.198000	0.060994	0.138338	-0.218415	-30.826000	-17.373000	-161.328000	
1478218123.342643	0.325000	-0.356000	-0.007000	0.106161	0.163167	-0.228981	-30.634000	-17.347000	-161.650000	
1478218123.363112	0.202000	-0.084000	0.287000	0.116691	0.165738	-0.224069	-30.416000	-17.308000	-161.979000	
1478218123.383575	-0.097000	-0.270000	0.541000	0.145621	0.161674	-0.224636	-30.171000	-17.256000	-162.312000	
1478218123.403981	-0.072000	-0.129000	0.152000	0.149393	0.170301	-0.223042	-29.907000	-17.214000	-162.645000	
1478218123.424437	0.089000	-0.237000	0.162000	0.151980	0.180741	-0.220102	-29.631000	-17.160000	-162.980000	
1478218123.444850	0.258000	-0.064000	0.337000	0.173219	0.184487	-0.217943	-29.343000	-17.097000	-163.316000	
1478218123.465302	0.448000	0.029000	0.371000	0.219199	0.167128	-0.209633	-29.016000	-17.036000	-163.646000	
1478218123.485710	0.199000	0.244000	0.062000	0.246689	0.178922	-0.171024	-28.662000	-16.966000	-163.937000	
1478218123.506145	0.028000	-0.171000	0.205000	0.287052	0.194452	-0.170949	-28.263000	-16.867000	-164.222000	
1478218123.526667	-0.246000	-0.136000	0.253000	0.288106	0.184757	-0.166232	-27.849000	-16.766000	-164.506000	
1478218123.547195	-0.352000	-0.181000	0.265000	0.266045	0.169604	-0.170710	-27.452000	-16.685000	-164.782000	
1478218123.562602	-0.530000	-0.623000	0.360000	0.210542	0.175577	-0.180607	-27.107000	-16.603000	-165.063000	
1478218123.583172	-0.293000	-0.730000	0.444000	0.124929	0.171832	-0.219728	-26.837000	-16.528000	-165.375000	
1478218123.603552	-0.121000	-0.724000	0.356000	0.018238	0.147015	-0.258992	-26.670000	-16.497000	-165.719000	
1478218123.624036	-0.301000	-0.910000	0.254000	-0.109317	0.147319	-0.290223	-26.631000	-16.494000	-166.095000	
1478218123.644494	-0.630000	-0.935000	-0.042000	-0.235852	0.172100	-0.332505	-26.731000	-16.483000	-166.521000	
1478218123.664959	-0.274000	0.083000	0.297000	-0.306654	0.158245	-0.363236	-26.924000	-16.513000	-166.984000	
1478218123.685411	-0.256000	0.314000	-0.063000	-0.327784	0.161988	-0.359382	-27.156000	-16.556000	-167.450000	
1478218123.705812	0.552000	0.718000	0.703000	-0.287622	0.139462	-0.355568	-27.374000	-16.597000	-167.907000	
1478218123.726300	0.290000	0.842000	0.579000	-0.226689	0.150365	-0.319814	-27.540000	-16.621000	-168.341000	
1478218123.746695	-0.031000	0.730000	0.250000	-0.170014	0.185192	-0.288866	-27.640000	-16.605000	-168.755000	
1478218123.767173	0.161000	0.571000	0.742000	-0.112137	0.166552	-0.273844	-27.679000	-16.577000	-169.148000	
1478218123.782531	0.052000	0.711000	0.281000	-0.071972	0.169856	-0.255819	-27.671000	-16.551000	-169.520000	
1478218123.803080	0.035000	0.435000	0.335000	-0.060287	0.168231	-0.250153	-27.641000	-16.523000	-169.875000	
1478218123.823570	0.282000	-0.198000	0.531000	-0.071154	0.167046	-0.262037	-27.615000	-16.486000	-170.242000	
1478218123.844042	0.070000	-0.148000	0.298000	-0.125653	0.167318	-0.273463	-27.633000	-16.468000	-170.620000	
1478218123.864395	-0.406000	-0.471000	0.015000	-0.198880	0.165297	-0.284585	-27.712000	-16.454000	-171.009000	
1478218123.884856	-0.247000	-0.028000	0.209000	-0.227761	0.143167	-0.299573	-27.854000	-16.464000	-171.404000	
1478218123.905256	-0.033000	0.139000	0.159000	-0.242056	0.146256	-0.289629	-28.019000	-16.474000	-171.794000	
1478218123.925693	0.642000	-0.029000	0.917000	-0.225441	0.126878	-0.292008	-28.176000	-16.486000	-172.174000	
1478218123.946177	0.171000	0.093000	0.601000	-0.228297	0.126076	-0.271856	-28.341000	-16.491000	-172.548000	
1478218123.966776	0.450000	0.217000	0.577000	-0.243497	0.105244	-0.247417	-28.527000	-16.504000	-172.885000	
1478218123.982172	0.415000	-0.064000	0.372000	-0.218798	0.107121	-0.241298	-28.704000	-16.512000	-173.202000	
1478218124.002778	0.214000	0.404000	0.105000	-0.217721	0.120679	-0.235184	-28.864000	-16.523000	-173.522000	
1478218124.023210	0.305000	0.875000	0.163000	-0.205737	0.110916	-0.195117	-29.018000	-16.525000	-173.809000	
1478218124.043683	0.319000	0.469000	0.303000	-0.137537	0.100514	-0.166169	-29.135000	-16.518000	-174.050000	
1478218124.064147	0.177000	0.382000	0.161000	-0.087811	0.089895	-0.148512	-29.198000	-16.512000	-174.266000	
1478218124.084700	-0.050000	0.249000	0.043000	-0.050196	0.080008	-0.120388	-29.213000	-16.508000	-174.453000	
1478218124.105109	-0.146000	0.252000	0.006000	-0.023093	0.072736	-0.105363	-29.208000	-16.494000	-174.611000	
1478218124.125565	-0.024000	0.417000	0.077000	-0.003774	0.064003	-0.098422	-29.187000	-16.479000	-174.754000	
1478218124.146048	0.189000	0.467000	0.249000	0.023499	0.052354	-0.083591	-29.137000	-16.470000	-174.880000	
1478218124.166759	0.151000	0.507000	0.137000	0.058963	0.050673	-0.060422	-29.060000	-16.456000	-174.978000	
1478218124.182156	0.140000	0.275000	0.066000	0.082803	0.044006	-0.043901	-28.956000	-16.441000	-175.056000	
1478218124.202850	-0.226000	0.257000	-0.184000	0.117161	0.029714	-0.033776	-28.827000	-16.423000	-175.112000	
1478218124.224207	-0.205000	0.587000	-0.250000	0.155269	0.031864	-0.017511	-28.661000	-16.408000	-175.153000	
1478218124.244954	-0.031000	0.339000	0.185000	0.187976	0.023787	0.002952	-28.447000	-16.383000	-175.175000	
1478218124.265415	0.016000	0.178000	0.439000	0.203046	0.030730	0.036167	-28.226000	-16.339000	-175.166000	
1478218124.285887	0.106000	-0.319000	0.492000	0.189571	0.007027	0.022832	-28.009000	-16.306000	-175.144000	
1478218124.306637	-0.089000	-0.371000	0.364000	0.154352	0.024936	-0.001484	-27.811000	-16.289000	-175.146000	
1478218124.327054	-0.164000	-0.112000	0.557000	0.100335	0.033303	0.009284	-27.672000	-16.258000	-175.159000	
1478218124.342460	-0.169000	-0.320000	0.841000	0.065091	0.032341	0.014283	-27.585000	-16.219000	-175.162000	
1478218124.362921	-0.114000	-0.725000	0.792000	0.018761	0.030377	-0.003592	-27.538000	-16.183000	-175.175000	
1478218124.383335	-0.022000	-0.886000	0.584000	-0.065944	0.016363	-0.033424	-27.565000	-16.174000	-175.210000	
